[ 2017-03-11T09:43:55+08:00 ] 127.0.0.1 /Home/Index/index
INFO: [ app_init ] --START--
INFO: Run Behavior\BuildLiteBehavior [ RunTime:0.000009s ]
INFO: [ app_init ] --END-- [ RunTime:0.000334s ]
INFO: [ app_begin ] --START--
INFO: Run Behavior\ReadHtmlCacheBehavior [ RunTime:0.000518s ]
INFO: [ app_begin ] --END-- [ RunTime:0.000554s ]
SQL: SHOW COLUMNS FROM `rd_banner` [ RunTime:0.0425s ]
SQL: SELECT `banner_file`,`book_id` FROM `rd_banner`  [ RunTime:0.0002s ]
SQL: SHOW COLUMNS FROM `rd_book` [ RunTime:0.0226s ]
SQL: SELECT b.id,b.book_banner,b.is_hot,b.book_name,b.readed_number,b.number_of_words,a.author FROM rd_book b left join rd_author a on a.id = b.author_id  WHERE ( b.is_hot > 0 AND book_state = 1 ) ORDER BY id desc  [ RunTime:0.0201s ]
INFO: [ view_parse ] --START--
INFO: [ template_filter ] --START--
INFO: Run Behavior\ContentReplaceBehavior [ RunTime:0.060741s ]
INFO: [ template_filter ] --END-- [ RunTime:0.060792s ]
INFO: Run Behavior\ParseTemplateBehavior [ RunTime:0.189435s ]
INFO: [ view_parse ] --END-- [ RunTime:0.189470s ]
INFO: [ view_filter ] --START--
INFO: Run Behavior\WriteHtmlCacheBehavior [ RunTime:0.014700s ]
INFO: [ view_filter ] --END-- [ RunTime:0.014744s ]
INFO: [ app_end ] --START--
INFO: Run Behavior\ShowPageTraceBehavior [ RunTime:0.000784s ]
INFO: [ app_end ] --END-- [ RunTime:0.000817s ]

[ 2017-03-11T09:57:31+08:00 ] 127.0.0.1 /
INFO: [ app_init ] --START--
INFO: Run Behavior\BuildLiteBehavior [ RunTime:0.000010s ]
INFO: [ app_init ] --END-- [ RunTime:0.000546s ]
INFO: [ app_begin ] --START--
INFO: Run Behavior\ReadHtmlCacheBehavior [ RunTime:0.010770s ]
INFO: [ app_begin ] --END-- [ RunTime:0.010822s ]
SQL: SHOW COLUMNS FROM `rd_banner` [ RunTime:0.0028s ]
SQL: SELECT `banner_file`,`book_id` FROM `rd_banner`  [ RunTime:0.0002s ]
SQL: SHOW COLUMNS FROM `rd_book` [ RunTime:0.0025s ]
SQL: SELECT b.id,b.book_banner,b.is_hot,b.book_name,b.readed_number,b.number_of_words,a.author FROM rd_book b left join rd_author a on a.id = b.author_id  WHERE ( b.is_hot > 0 AND book_state = 1 ) ORDER BY id desc  [ RunTime:0.0003s ]
INFO: [ view_parse ] --START--
INFO: [ template_filter ] --START--
INFO: Run Behavior\ContentReplaceBehavior [ RunTime:0.000044s ]
INFO: [ template_filter ] --END-- [ RunTime:0.000080s ]
INFO: Run Behavior\ParseTemplateBehavior [ RunTime:0.062348s ]
INFO: [ view_parse ] --END-- [ RunTime:0.062401s ]
INFO: [ view_filter ] --START--
INFO: Run Behavior\WriteHtmlCacheBehavior [ RunTime:0.019915s ]
INFO: [ view_filter ] --END-- [ RunTime:0.019969s ]
INFO: [ app_end ] --START--
INFO: Run Behavior\ShowPageTraceBehavior [ RunTime:0.000987s ]
INFO: [ app_end ] --END-- [ RunTime:0.001034s ]

[ 2017-03-11T09:57:47+08:00 ] 127.0.0.1 /
INFO: [ app_init ] --START--
INFO: Run Behavior\BuildLiteBehavior [ RunTime:0.000008s ]
INFO: [ app_init ] --END-- [ RunTime:0.000276s ]
INFO: [ app_begin ] --START--
INFO: Run Behavior\ReadHtmlCacheBehavior [ RunTime:0.000331s ]
INFO: [ app_begin ] --END-- [ RunTime:0.000364s ]
SQL: SHOW COLUMNS FROM `rd_banner` [ RunTime:0.0054s ]
SQL: SELECT `banner_file`,`book_id` FROM `rd_banner`  [ RunTime:0.0002s ]
SQL: SHOW COLUMNS FROM `rd_book` [ RunTime:0.0026s ]
SQL: SELECT b.id,b.book_banner,b.is_hot,b.book_name,b.readed_number,b.number_of_words,a.author FROM rd_book b left join rd_author a on a.id = b.author_id  WHERE ( b.is_hot > 0 AND book_state = 1 ) ORDER BY id desc  [ RunTime:0.0003s ]
INFO: [ view_parse ] --START--
INFO: [ template_filter ] --START--
INFO: Run Behavior\ContentReplaceBehavior [ RunTime:0.000044s ]
INFO: [ template_filter ] --END-- [ RunTime:0.000075s ]
INFO: Run Behavior\ParseTemplateBehavior [ RunTime:0.006871s ]
INFO: [ view_parse ] --END-- [ RunTime:0.006903s ]
INFO: [ view_filter ] --START--
INFO: Run Behavior\WriteHtmlCacheBehavior [ RunTime:0.000203s ]
INFO: [ view_filter ] --END-- [ RunTime:0.000228s ]
INFO: [ app_end ] --START--
INFO: Run Behavior\ShowPageTraceBehavior [ RunTime:0.000480s ]
INFO: [ app_end ] --END-- [ RunTime:0.000528s ]

[ 2017-03-11T10:01:20+08:00 ] 127.0.0.1 /
INFO: [ app_init ] --START--
INFO: Run Behavior\BuildLiteBehavior [ RunTime:0.000009s ]
INFO: [ app_init ] --END-- [ RunTime:0.000357s ]
INFO: [ app_begin ] --START--
INFO: Run Behavior\ReadHtmlCacheBehavior [ RunTime:0.000520s ]
INFO: [ app_begin ] --END-- [ RunTime:0.000554s ]
SQL: SHOW COLUMNS FROM `rd_banner` [ RunTime:0.0126s ]
SQL: SELECT `banner_file`,`book_id` FROM `rd_banner` WHERE `banner_state` = 1  [ RunTime:0.0003s ]
SQL: SHOW COLUMNS FROM `rd_book` [ RunTime:0.0025s ]
SQL: SELECT b.id,b.book_banner,b.is_hot,b.book_name,b.readed_number,b.number_of_words,a.author FROM rd_book b left join rd_author a on a.id = b.author_id  WHERE ( b.is_hot > 0 AND book_state = 1 ) ORDER BY id desc  [ RunTime:0.0003s ]
INFO: [ view_parse ] --START--
INFO: [ template_filter ] --START--
INFO: Run Behavior\ContentReplaceBehavior [ RunTime:0.000052s ]
INFO: [ template_filter ] --END-- [ RunTime:0.000083s ]
INFO: Run Behavior\ParseTemplateBehavior [ RunTime:0.007579s ]
INFO: [ view_parse ] --END-- [ RunTime:0.007633s ]
INFO: [ view_filter ] --START--
INFO: Run Behavior\WriteHtmlCacheBehavior [ RunTime:0.000520s ]
INFO: [ view_filter ] --END-- [ RunTime:0.000552s ]
INFO: [ app_end ] --START--
INFO: Run Behavior\ShowPageTraceBehavior [ RunTime:0.000502s ]
INFO: [ app_end ] --END-- [ RunTime:0.000560s ]

[ 2017-03-11T10:20:14+08:00 ] 127.0.0.1 /index.php/Home/Book/library.html
INFO: [ app_init ] --START--
INFO: Run Behavior\BuildLiteBehavior [ RunTime:0.000009s ]
INFO: [ app_init ] --END-- [ RunTime:0.000340s ]
INFO: [ app_begin ] --START--
INFO: Run Behavior\ReadHtmlCacheBehavior [ RunTime:0.000529s ]
INFO: [ app_begin ] --END-- [ RunTime:0.000562s ]
SQL: SHOW COLUMNS FROM `rd_category` [ RunTime:0.0506s ]
SQL: SELECT `id`,`category` FROM `rd_category` LIMIT 0,3   [ RunTime:0.0002s ]
INFO: [ view_parse ] --START--
INFO: [ template_filter ] --START--
INFO: Run Behavior\ContentReplaceBehavior [ RunTime:0.000067s ]
INFO: [ template_filter ] --END-- [ RunTime:0.000105s ]
INFO: Run Behavior\ParseTemplateBehavior [ RunTime:0.024611s ]
INFO: [ view_parse ] --END-- [ RunTime:0.024656s ]
INFO: [ view_filter ] --START--
INFO: Run Behavior\WriteHtmlCacheBehavior [ RunTime:0.000323s ]
INFO: [ view_filter ] --END-- [ RunTime:0.000346s ]
INFO: [ app_end ] --START--
INFO: Run Behavior\ShowPageTraceBehavior [ RunTime:0.000494s ]
INFO: [ app_end ] --END-- [ RunTime:0.000521s ]

[ 2017-03-11T10:20:14+08:00 ] 127.0.0.1 /index.php/Home/Book/library.html
INFO: [ app_init ] --START--
INFO: Run Behavior\BuildLiteBehavior [ RunTime:0.000009s ]
INFO: [ app_init ] --END-- [ RunTime:0.000338s ]
INFO: [ app_begin ] --START--
INFO: Run Behavior\ReadHtmlCacheBehavior [ RunTime:0.000523s ]
INFO: [ app_begin ] --END-- [ RunTime:0.000558s ]
SQL: SHOW COLUMNS FROM `rd_book_categories` [ RunTime:0.0036s ]
SQL: SELECT DISTINCT  b.id,b.book_name,a.author,b.readed_number,b.number_of_words,b.is_hot,`book_banner` FROM rd_book_categories c left join rd_book b on c.book_id = b.id left join rd_author a on a.id = b.author_id  WHERE ( b.book_state = 1 ) ORDER BY id desc LIMIT 0,10   [ RunTime:0.0006s ]

[ 2017-03-11T10:20:14+08:00 ] 127.0.0.1 /index.php/Home/Book/library.html
INFO: [ app_init ] --START--
INFO: Run Behavior\BuildLiteBehavior [ RunTime:0.000010s ]
INFO: [ app_init ] --END-- [ RunTime:0.000273s ]
INFO: [ app_begin ] --START--
INFO: Run Behavior\ReadHtmlCacheBehavior [ RunTime:0.000325s ]
INFO: [ app_begin ] --END-- [ RunTime:0.000358s ]
SQL: SHOW COLUMNS FROM `rd_book_categories` [ RunTime:0.0028s ]
SQL: SELECT DISTINCT  b.id,b.book_name,a.author,b.readed_number,b.number_of_words,b.is_hot,`book_banner` FROM rd_book_categories c left join rd_book b on c.book_id = b.id left join rd_author a on a.id = b.author_id  WHERE ( b.book_state = 1 ) ORDER BY id desc LIMIT 10,10   [ RunTime:0.0006s ]

[ 2017-03-11T10:20:17+08:00 ] 127.0.0.1 /index.php/Home/Index/index.html
INFO: [ app_init ] --START--
INFO: Run Behavior\BuildLiteBehavior [ RunTime:0.000013s ]
INFO: [ app_init ] --END-- [ RunTime:0.000398s ]
INFO: [ app_begin ] --START--
INFO: Run Behavior\ReadHtmlCacheBehavior [ RunTime:0.000537s ]
INFO: [ app_begin ] --END-- [ RunTime:0.000587s ]
SQL: SHOW COLUMNS FROM `rd_banner` [ RunTime:0.0028s ]
SQL: SELECT `banner_file`,`book_id` FROM `rd_banner` WHERE `banner_state` = 1  [ RunTime:0.0002s ]
SQL: SHOW COLUMNS FROM `rd_book` [ RunTime:0.0026s ]
SQL: SELECT b.id,b.book_banner,b.is_hot,b.book_name,b.readed_number,b.number_of_words,a.author FROM rd_book b left join rd_author a on a.id = b.author_id  WHERE ( b.is_hot > 0 AND book_state = 1 ) ORDER BY id desc  [ RunTime:0.0003s ]
INFO: [ view_parse ] --START--
INFO: [ template_filter ] --START--
INFO: Run Behavior\ContentReplaceBehavior [ RunTime:0.000041s ]
INFO: [ template_filter ] --END-- [ RunTime:0.000069s ]
INFO: Run Behavior\ParseTemplateBehavior [ RunTime:0.006512s ]
INFO: [ view_parse ] --END-- [ RunTime:0.006543s ]
INFO: [ view_filter ] --START--
INFO: Run Behavior\WriteHtmlCacheBehavior [ RunTime:0.000193s ]
INFO: [ view_filter ] --END-- [ RunTime:0.000217s ]
INFO: [ app_end ] --START--
INFO: Run Behavior\ShowPageTraceBehavior [ RunTime:0.000444s ]
INFO: [ app_end ] --END-- [ RunTime:0.000483s ]

[ 2017-03-11T10:20:18+08:00 ] 127.0.0.1 /index.php/Home/Book/library.html
INFO: [ app_init ] --START--
INFO: Run Behavior\BuildLiteBehavior [ RunTime:0.000008s ]
INFO: [ app_init ] --END-- [ RunTime:0.000267s ]
INFO: [ app_begin ] --START--
INFO: Run Behavior\ReadHtmlCacheBehavior [ RunTime:0.000324s ]
INFO: [ app_begin ] --END-- [ RunTime:0.000355s ]
SQL: SHOW COLUMNS FROM `rd_category` [ RunTime:0.0041s ]
SQL: SELECT `id`,`category` FROM `rd_category` LIMIT 0,3   [ RunTime:0.0002s ]
INFO: [ view_parse ] --START--
INFO: [ template_filter ] --START--
INFO: Run Behavior\ContentReplaceBehavior [ RunTime:0.000061s ]
INFO: [ template_filter ] --END-- [ RunTime:0.000093s ]
INFO: Run Behavior\ParseTemplateBehavior [ RunTime:0.006310s ]
INFO: [ view_parse ] --END-- [ RunTime:0.006364s ]
INFO: [ view_filter ] --START--
INFO: Run Behavior\WriteHtmlCacheBehavior [ RunTime:0.000195s ]
INFO: [ view_filter ] --END-- [ RunTime:0.000218s ]
INFO: [ app_end ] --START--
INFO: Run Behavior\ShowPageTraceBehavior [ RunTime:0.000324s ]
INFO: [ app_end ] --END-- [ RunTime:0.000352s ]

[ 2017-03-11T10:20:19+08:00 ] 127.0.0.1 /index.php/Home/Book/library.html
INFO: [ app_init ] --START--
INFO: Run Behavior\BuildLiteBehavior [ RunTime:0.000014s ]
INFO: [ app_init ] --END-- [ RunTime:0.000439s ]
INFO: [ app_begin ] --START--
INFO: Run Behavior\ReadHtmlCacheBehavior [ RunTime:0.000550s ]
INFO: [ app_begin ] --END-- [ RunTime:0.000623s ]
SQL: SHOW COLUMNS FROM `rd_book_categories` [ RunTime:0.0492s ]
SQL: SELECT DISTINCT  b.id,b.book_name,a.author,b.readed_number,b.number_of_words,b.is_hot,`book_banner` FROM rd_book_categories c left join rd_book b on c.book_id = b.id left join rd_author a on a.id = b.author_id  WHERE ( b.book_state = 1 ) ORDER BY id desc LIMIT 0,10   [ RunTime:0.0010s ]

[ 2017-03-11T10:20:19+08:00 ] 127.0.0.1 /index.php/Home/Book/library.html
INFO: [ app_init ] --START--
INFO: Run Behavior\BuildLiteBehavior [ RunTime:0.000019s ]
INFO: [ app_init ] --END-- [ RunTime:0.000386s ]
INFO: [ app_begin ] --START--
INFO: Run Behavior\ReadHtmlCacheBehavior [ RunTime:0.000593s ]
INFO: [ app_begin ] --END-- [ RunTime:0.000681s ]
SQL: SHOW COLUMNS FROM `rd_book_categories` [ RunTime:0.0043s ]
SQL: SELECT DISTINCT  b.id,b.book_name,a.author,b.readed_number,b.number_of_words,b.is_hot,`book_banner` FROM rd_book_categories c left join rd_book b on c.book_id = b.id left join rd_author a on a.id = b.author_id  WHERE ( b.book_state = 1 ) ORDER BY id desc LIMIT 10,10   [ RunTime:0.0007s ]

[ 2017-03-11T10:20:20+08:00 ] 127.0.0.1 /index.php/Home/Index/index.html
INFO: [ app_init ] --START--
INFO: Run Behavior\BuildLiteBehavior [ RunTime:0.000010s ]
INFO: [ app_init ] --END-- [ RunTime:0.000287s ]
INFO: [ app_begin ] --START--
INFO: Run Behavior\ReadHtmlCacheBehavior [ RunTime:0.000532s ]
INFO: [ app_begin ] --END-- [ RunTime:0.000582s ]
SQL: SHOW COLUMNS FROM `rd_banner` [ RunTime:0.0029s ]
SQL: SELECT `banner_file`,`book_id` FROM `rd_banner` WHERE `banner_state` = 1  [ RunTime:0.0002s ]
SQL: SHOW COLUMNS FROM `rd_book` [ RunTime:0.0024s ]
SQL: SELECT b.id,b.book_banner,b.is_hot,b.book_name,b.readed_number,b.number_of_words,a.author FROM rd_book b left join rd_author a on a.id = b.author_id  WHERE ( b.is_hot > 0 AND book_state = 1 ) ORDER BY id desc  [ RunTime:0.0003s ]
INFO: [ view_parse ] --START--
INFO: [ template_filter ] --START--
INFO: Run Behavior\ContentReplaceBehavior [ RunTime:0.000041s ]
INFO: [ template_filter ] --END-- [ RunTime:0.000070s ]
INFO: Run Behavior\ParseTemplateBehavior [ RunTime:0.007839s ]
INFO: [ view_parse ] --END-- [ RunTime:0.007871s ]
INFO: [ view_filter ] --START--
INFO: Run Behavior\WriteHtmlCacheBehavior [ RunTime:0.000355s ]
INFO: [ view_filter ] --END-- [ RunTime:0.000380s ]
INFO: [ app_end ] --START--
INFO: Run Behavior\ShowPageTraceBehavior [ RunTime:0.000599s ]
INFO: [ app_end ] --END-- [ RunTime:0.000628s ]

[ 2017-03-11T10:20:21+08:00 ] 127.0.0.1 /index.php/Home/Book/library.html
INFO: [ app_init ] --START--
INFO: Run Behavior\BuildLiteBehavior [ RunTime:0.000008s ]
INFO: [ app_init ] --END-- [ RunTime:0.000274s ]
INFO: [ app_begin ] --START--
INFO: Run Behavior\ReadHtmlCacheBehavior [ RunTime:0.000322s ]
INFO: [ app_begin ] --END-- [ RunTime:0.000354s ]
SQL: SHOW COLUMNS FROM `rd_category` [ RunTime:0.0047s ]
SQL: SELECT `id`,`category` FROM `rd_category` LIMIT 0,3   [ RunTime:0.0002s ]
INFO: [ view_parse ] --START--
INFO: [ template_filter ] --START--
INFO: Run Behavior\ContentReplaceBehavior [ RunTime:0.000061s ]
INFO: [ template_filter ] --END-- [ RunTime:0.000089s ]
INFO: Run Behavior\ParseTemplateBehavior [ RunTime:0.005348s ]
INFO: [ view_parse ] --END-- [ RunTime:0.005395s ]
INFO: [ view_filter ] --START--
INFO: Run Behavior\WriteHtmlCacheBehavior [ RunTime:0.000197s ]
INFO: [ view_filter ] --END-- [ RunTime:0.000222s ]
INFO: [ app_end ] --START--
INFO: Run Behavior\ShowPageTraceBehavior [ RunTime:0.000326s ]
INFO: [ app_end ] --END-- [ RunTime:0.000355s ]

[ 2017-03-11T10:20:21+08:00 ] 127.0.0.1 /index.php/Home/Book/library.html
INFO: [ app_init ] --START--
INFO: Run Behavior\BuildLiteBehavior [ RunTime:0.000038s ]
INFO: [ app_init ] --END-- [ RunTime:0.000583s ]
INFO: [ app_begin ] --START--
INFO: Run Behavior\ReadHtmlCacheBehavior [ RunTime:0.000354s ]
INFO: [ app_begin ] --END-- [ RunTime:0.000392s ]
SQL: SHOW COLUMNS FROM `rd_book_categories` [ RunTime:0.0029s ]
SQL: SELECT DISTINCT  b.id,b.book_name,a.author,b.readed_number,b.number_of_words,b.is_hot,`book_banner` FROM rd_book_categories c left join rd_book b on c.book_id = b.id left join rd_author a on a.id = b.author_id  WHERE ( b.book_state = 1 ) ORDER BY id desc LIMIT 0,10   [ RunTime:0.0006s ]

[ 2017-03-11T10:20:21+08:00 ] 127.0.0.1 /index.php/Home/Book/library.html
INFO: [ app_init ] --START--
INFO: Run Behavior\BuildLiteBehavior [ RunTime:0.000011s ]
INFO: [ app_init ] --END-- [ RunTime:0.000380s ]
INFO: [ app_begin ] --START--
INFO: Run Behavior\ReadHtmlCacheBehavior [ RunTime:0.000368s ]
INFO: [ app_begin ] --END-- [ RunTime:0.000401s ]
SQL: SHOW COLUMNS FROM `rd_book_categories` [ RunTime:0.0027s ]
SQL: SELECT DISTINCT  b.id,b.book_name,a.author,b.readed_number,b.number_of_words,b.is_hot,`book_banner` FROM rd_book_categories c left join rd_book b on c.book_id = b.id left join rd_author a on a.id = b.author_id  WHERE ( b.book_state = 1 ) ORDER BY id desc LIMIT 10,10   [ RunTime:0.0006s ]

[ 2017-03-11T10:20:21+08:00 ] 127.0.0.1 /index.php/Home/Index/index.html
INFO: [ app_init ] --START--
INFO: Run Behavior\BuildLiteBehavior [ RunTime:0.000009s ]
INFO: [ app_init ] --END-- [ RunTime:0.000329s ]
INFO: [ app_begin ] --START--
INFO: Run Behavior\ReadHtmlCacheBehavior [ RunTime:0.000322s ]
INFO: [ app_begin ] --END-- [ RunTime:0.000354s ]
SQL: SHOW COLUMNS FROM `rd_banner` [ RunTime:0.0042s ]
SQL: SELECT `banner_file`,`book_id` FROM `rd_banner` WHERE `banner_state` = 1  [ RunTime:0.0002s ]
SQL: SHOW COLUMNS FROM `rd_book` [ RunTime:0.0026s ]
SQL: SELECT b.id,b.book_banner,b.is_hot,b.book_name,b.readed_number,b.number_of_words,a.author FROM rd_book b left join rd_author a on a.id = b.author_id  WHERE ( b.is_hot > 0 AND book_state = 1 ) ORDER BY id desc  [ RunTime:0.0003s ]
INFO: [ view_parse ] --START--
INFO: [ template_filter ] --START--
INFO: Run Behavior\ContentReplaceBehavior [ RunTime:0.000042s ]
INFO: [ template_filter ] --END-- [ RunTime:0.000073s ]
INFO: Run Behavior\ParseTemplateBehavior [ RunTime:0.006507s ]
INFO: [ view_parse ] --END-- [ RunTime:0.006542s ]
INFO: [ view_filter ] --START--
INFO: Run Behavior\WriteHtmlCacheBehavior [ RunTime:0.000203s ]
INFO: [ view_filter ] --END-- [ RunTime:0.000228s ]
INFO: [ app_end ] --START--
INFO: Run Behavior\ShowPageTraceBehavior [ RunTime:0.000339s ]
INFO: [ app_end ] --END-- [ RunTime:0.000368s ]

[ 2017-03-11T10:20:22+08:00 ] 127.0.0.1 /index.php/Home/Book/library.html
INFO: [ app_init ] --START--
INFO: Run Behavior\BuildLiteBehavior [ RunTime:0.000035s ]
INFO: [ app_init ] --END-- [ RunTime:0.000626s ]
INFO: [ app_begin ] --START--
INFO: Run Behavior\ReadHtmlCacheBehavior [ RunTime:0.000374s ]
INFO: [ app_begin ] --END-- [ RunTime:0.000412s ]
SQL: SHOW COLUMNS FROM `rd_category` [ RunTime:0.0037s ]
SQL: SELECT `id`,`category` FROM `rd_category` LIMIT 0,3   [ RunTime:0.0002s ]
INFO: [ view_parse ] --START--
INFO: [ template_filter ] --START--
INFO: Run Behavior\ContentReplaceBehavior [ RunTime:0.000060s ]
INFO: [ template_filter ] --END-- [ RunTime:0.000087s ]
INFO: Run Behavior\ParseTemplateBehavior [ RunTime:0.005645s ]
INFO: [ view_parse ] --END-- [ RunTime:0.005677s ]
INFO: [ view_filter ] --START--
INFO: Run Behavior\WriteHtmlCacheBehavior [ RunTime:0.000193s ]
INFO: [ view_filter ] --END-- [ RunTime:0.000218s ]
INFO: [ app_end ] --START--
INFO: Run Behavior\ShowPageTraceBehavior [ RunTime:0.000356s ]
INFO: [ app_end ] --END-- [ RunTime:0.000384s ]

[ 2017-03-11T10:20:22+08:00 ] 127.0.0.1 /index.php/Home/Book/library.html
INFO: [ app_init ] --START--
INFO: Run Behavior\BuildLiteBehavior [ RunTime:0.000020s ]
INFO: [ app_init ] --END-- [ RunTime:0.000528s ]
INFO: [ app_begin ] --START--
INFO: Run Behavior\ReadHtmlCacheBehavior [ RunTime:0.000527s ]
INFO: [ app_begin ] --END-- [ RunTime:0.000583s ]
SQL: SHOW COLUMNS FROM `rd_book_categories` [ RunTime:0.0049s ]
SQL: SELECT DISTINCT  b.id,b.book_name,a.author,b.readed_number,b.number_of_words,b.is_hot,`book_banner` FROM rd_book_categories c left join rd_book b on c.book_id = b.id left join rd_author a on a.id = b.author_id  WHERE ( b.book_state = 1 ) ORDER BY id desc LIMIT 0,10   [ RunTime:0.0018s ]

[ 2017-03-11T10:20:22+08:00 ] 127.0.0.1 /index.php/Home/Book/library.html
INFO: [ app_init ] --START--
INFO: Run Behavior\BuildLiteBehavior [ RunTime:0.000018s ]
INFO: [ app_init ] --END-- [ RunTime:0.000513s ]
INFO: [ app_begin ] --START--
INFO: Run Behavior\ReadHtmlCacheBehavior [ RunTime:0.000747s ]
INFO: [ app_begin ] --END-- [ RunTime:0.000815s ]
SQL: SHOW COLUMNS FROM `rd_book_categories` [ RunTime:0.0056s ]
SQL: SELECT DISTINCT  b.id,b.book_name,a.author,b.readed_number,b.number_of_words,b.is_hot,`book_banner` FROM rd_book_categories c left join rd_book b on c.book_id = b.id left join rd_author a on a.id = b.author_id  WHERE ( b.book_state = 1 ) ORDER BY id desc LIMIT 10,10   [ RunTime:0.0006s ]

[ 2017-03-11T10:20:25+08:00 ] 127.0.0.1 /index.php/Home/Index/index.html
INFO: [ app_init ] --START--
INFO: Run Behavior\BuildLiteBehavior [ RunTime:0.000009s ]
INFO: [ app_init ] --END-- [ RunTime:0.000262s ]
INFO: [ app_begin ] --START--
INFO: Run Behavior\ReadHtmlCacheBehavior [ RunTime:0.000327s ]
INFO: [ app_begin ] --END-- [ RunTime:0.000358s ]
SQL: SHOW COLUMNS FROM `rd_banner` [ RunTime:0.0045s ]
SQL: SELECT `banner_file`,`book_id` FROM `rd_banner` WHERE `banner_state` = 1  [ RunTime:0.0002s ]
SQL: SHOW COLUMNS FROM `rd_book` [ RunTime:0.0024s ]
SQL: SELECT b.id,b.book_banner,b.is_hot,b.book_name,b.readed_number,b.number_of_words,a.author FROM rd_book b left join rd_author a on a.id = b.author_id  WHERE ( b.is_hot > 0 AND book_state = 1 ) ORDER BY id desc  [ RunTime:0.0003s ]
INFO: [ view_parse ] --START--
INFO: [ template_filter ] --START--
INFO: Run Behavior\ContentReplaceBehavior [ RunTime:0.000043s ]
INFO: [ template_filter ] --END-- [ RunTime:0.000075s ]
INFO: Run Behavior\ParseTemplateBehavior [ RunTime:0.037618s ]
INFO: [ view_parse ] --END-- [ RunTime:0.037660s ]
INFO: [ view_filter ] --START--
INFO: Run Behavior\WriteHtmlCacheBehavior [ RunTime:0.000212s ]
INFO: [ view_filter ] --END-- [ RunTime:0.000238s ]
INFO: [ app_end ] --START--
INFO: Run Behavior\ShowPageTraceBehavior [ RunTime:0.000464s ]
INFO: [ app_end ] --END-- [ RunTime:0.000493s ]

[ 2017-03-11T10:20:31+08:00 ] 127.0.0.1 /index.php/Home/User/me.html
INFO: [ app_init ] --START--
INFO: Run Behavior\BuildLiteBehavior [ RunTime:0.000009s ]
INFO: [ app_init ] --END-- [ RunTime:0.000290s ]
INFO: [ app_begin ] --START--
INFO: Run Behavior\ReadHtmlCacheBehavior [ RunTime:0.000320s ]
INFO: [ app_begin ] --END-- [ RunTime:0.000351s ]
INFO: [ view_parse ] --START--
INFO: [ template_filter ] --START--
INFO: Run Behavior\ContentReplaceBehavior [ RunTime:0.000053s ]
INFO: [ template_filter ] --END-- [ RunTime:0.000108s ]
INFO: Run Behavior\ParseTemplateBehavior [ RunTime:0.011864s ]
INFO: [ view_parse ] --END-- [ RunTime:0.011910s ]
INFO: [ view_filter ] --START--
INFO: Run Behavior\WriteHtmlCacheBehavior [ RunTime:0.000186s ]
INFO: [ view_filter ] --END-- [ RunTime:0.000209s ]
INFO: [ app_end ] --START--
INFO: Run Behavior\ShowPageTraceBehavior [ RunTime:0.000317s ]
INFO: [ app_end ] --END-- [ RunTime:0.000342s ]

[ 2017-03-11T10:20:33+08:00 ] 127.0.0.1 /index.php/Home/Book/bookshelf.html
INFO: [ app_init ] --START--
INFO: Run Behavior\BuildLiteBehavior [ RunTime:0.000019s ]
INFO: [ app_init ] --END-- [ RunTime:0.000398s ]
INFO: [ app_begin ] --START--
INFO: Run Behavior\ReadHtmlCacheBehavior [ RunTime:0.000496s ]
INFO: [ app_begin ] --END-- [ RunTime:0.000528s ]
SQL: SHOW COLUMNS FROM `rd_book` [ RunTime:0.0029s ]
SQL: SELECT b.id,b.book_banner,b.book_name,a.author FROM rd_book b left join rd_author a on a.id = b.author_id  WHERE b.id = '17' AND b.book_state = 1 LIMIT 1   [ RunTime:0.0003s ]
SQL: SHOW COLUMNS FROM `rd_bookshelf` [ RunTime:0.0026s ]
SQL: SELECT b.id,b.book_banner,b.is_hot,b.book_name,b.readed_number,b.number_of_words,a.author FROM rd_bookshelf f left join rd_book b on b.id = f.book_id left join rd_author a on a.id = b.author_id  WHERE ( f.user_id = 1 AND b.book_state = 1 ) ORDER BY b.id desc  [ RunTime:0.0003s ]
INFO: [ view_parse ] --START--
INFO: [ template_filter ] --START--
INFO: Run Behavior\ContentReplaceBehavior [ RunTime:0.000053s ]
INFO: [ template_filter ] --END-- [ RunTime:0.000092s ]
INFO: Run Behavior\ParseTemplateBehavior [ RunTime:0.057506s ]
INFO: [ view_parse ] --END-- [ RunTime:0.057551s ]
INFO: [ view_filter ] --START--
INFO: Run Behavior\WriteHtmlCacheBehavior [ RunTime:0.000355s ]
INFO: [ view_filter ] --END-- [ RunTime:0.000382s ]
INFO: [ app_end ] --START--
INFO: Run Behavior\ShowPageTraceBehavior [ RunTime:0.000485s ]
INFO: [ app_end ] --END-- [ RunTime:0.000510s ]

[ 2017-03-11T10:20:34+08:00 ] 127.0.0.1 /index.php/Home/BeautifulWords/beautifulwords.html
INFO: [ app_init ] --START--
INFO: Run Behavior\BuildLiteBehavior [ RunTime:0.000008s ]
INFO: [ app_init ] --END-- [ RunTime:0.000321s ]
INFO: [ app_begin ] --START--
INFO: Run Behavior\ReadHtmlCacheBehavior [ RunTime:0.000608s ]
INFO: [ app_begin ] --END-- [ RunTime:0.000647s ]
SQL: SHOW COLUMNS FROM `rd_beautiful_words` [ RunTime:0.0614s ]
SQL: SELECT * FROM `rd_beautiful_words` ORDER BY id DESC LIMIT 4   [ RunTime:0.0002s ]
INFO: [ view_parse ] --START--
INFO: [ template_filter ] --START--
INFO: Run Behavior\ContentReplaceBehavior [ RunTime:0.000067s ]
INFO: [ template_filter ] --END-- [ RunTime:0.000112s ]
INFO: Run Behavior\ParseTemplateBehavior [ RunTime:0.019673s ]
INFO: [ view_parse ] --END-- [ RunTime:0.019710s ]
INFO: [ view_filter ] --START--
INFO: Run Behavior\WriteHtmlCacheBehavior [ RunTime:0.000336s ]
INFO: [ view_filter ] --END-- [ RunTime:0.000361s ]
INFO: [ app_end ] --START--
INFO: Run Behavior\ShowPageTraceBehavior [ RunTime:0.000490s ]
INFO: [ app_end ] --END-- [ RunTime:0.000518s ]

[ 2017-03-11T10:20:34+08:00 ] 127.0.0.1 /index.php/Home/Book/library.html
INFO: [ app_init ] --START--
INFO: Run Behavior\BuildLiteBehavior [ RunTime:0.000011s ]
INFO: [ app_init ] --END-- [ RunTime:0.000403s ]
INFO: [ app_begin ] --START--
INFO: Run Behavior\ReadHtmlCacheBehavior [ RunTime:0.000343s ]
INFO: [ app_begin ] --END-- [ RunTime:0.000377s ]
SQL: SHOW COLUMNS FROM `rd_category` [ RunTime:0.0175s ]
SQL: SELECT `id`,`category` FROM `rd_category` LIMIT 0,3   [ RunTime:0.0002s ]
INFO: [ view_parse ] --START--
INFO: [ template_filter ] --START--
INFO: Run Behavior\ContentReplaceBehavior [ RunTime:0.000060s ]
INFO: [ template_filter ] --END-- [ RunTime:0.000087s ]
INFO: Run Behavior\ParseTemplateBehavior [ RunTime:0.005395s ]
INFO: [ view_parse ] --END-- [ RunTime:0.005428s ]
INFO: [ view_filter ] --START--
INFO: Run Behavior\WriteHtmlCacheBehavior [ RunTime:0.000190s ]
INFO: [ view_filter ] --END-- [ RunTime:0.000215s ]
INFO: [ app_end ] --START--
INFO: Run Behavior\ShowPageTraceBehavior [ RunTime:0.000319s ]
INFO: [ app_end ] --END-- [ RunTime:0.000346s ]

[ 2017-03-11T10:20:34+08:00 ] 127.0.0.1 /index.php/Home/Book/library.html
INFO: [ app_init ] --START--
INFO: Run Behavior\BuildLiteBehavior [ RunTime:0.000016s ]
INFO: [ app_init ] --END-- [ RunTime:0.000418s ]
INFO: [ app_begin ] --START--
INFO: Run Behavior\ReadHtmlCacheBehavior [ RunTime:0.000386s ]
INFO: [ app_begin ] --END-- [ RunTime:0.000441s ]
SQL: SHOW COLUMNS FROM `rd_book_categories` [ RunTime:0.0026s ]
SQL: SELECT DISTINCT  b.id,b.book_name,a.author,b.readed_number,b.number_of_words,b.is_hot,`book_banner` FROM rd_book_categories c left join rd_book b on c.book_id = b.id left join rd_author a on a.id = b.author_id  WHERE ( b.book_state = 1 ) ORDER BY id desc LIMIT 0,10   [ RunTime:0.0015s ]

[ 2017-03-11T10:20:34+08:00 ] 127.0.0.1 /index.php/Home/Book/library.html
INFO: [ app_init ] --START--
INFO: Run Behavior\BuildLiteBehavior [ RunTime:0.000036s ]
INFO: [ app_init ] --END-- [ RunTime:0.000596s ]
INFO: [ app_begin ] --START--
INFO: Run Behavior\ReadHtmlCacheBehavior [ RunTime:0.000362s ]
INFO: [ app_begin ] --END-- [ RunTime:0.000398s ]
SQL: SHOW COLUMNS FROM `rd_book_categories` [ RunTime:0.0033s ]
SQL: SELECT DISTINCT  b.id,b.book_name,a.author,b.readed_number,b.number_of_words,b.is_hot,`book_banner` FROM rd_book_categories c left join rd_book b on c.book_id = b.id left join rd_author a on a.id = b.author_id  WHERE ( b.book_state = 1 ) ORDER BY id desc LIMIT 10,10   [ RunTime:0.0012s ]

[ 2017-03-11T10:20:35+08:00 ] 127.0.0.1 /index.php/Home/Index/index.html
INFO: [ app_init ] --START--
INFO: Run Behavior\BuildLiteBehavior [ RunTime:0.000009s ]
INFO: [ app_init ] --END-- [ RunTime:0.000262s ]
INFO: [ app_begin ] --START--
INFO: Run Behavior\ReadHtmlCacheBehavior [ RunTime:0.000322s ]
INFO: [ app_begin ] --END-- [ RunTime:0.000354s ]
SQL: SHOW COLUMNS FROM `rd_banner` [ RunTime:0.0037s ]
SQL: SELECT `banner_file`,`book_id` FROM `rd_banner` WHERE `banner_state` = 1  [ RunTime:0.0002s ]
SQL: SHOW COLUMNS FROM `rd_book` [ RunTime:0.0037s ]
SQL: SELECT b.id,b.book_banner,b.is_hot,b.book_name,b.readed_number,b.number_of_words,a.author FROM rd_book b left join rd_author a on a.id = b.author_id  WHERE ( b.is_hot > 0 AND book_state = 1 ) ORDER BY id desc  [ RunTime:0.0004s ]
INFO: [ view_parse ] --START--
INFO: [ template_filter ] --START--
INFO: Run Behavior\ContentReplaceBehavior [ RunTime:0.000043s ]
INFO: [ template_filter ] --END-- [ RunTime:0.000077s ]
INFO: Run Behavior\ParseTemplateBehavior [ RunTime:0.006738s ]
INFO: [ view_parse ] --END-- [ RunTime:0.006772s ]
INFO: [ view_filter ] --START--
INFO: Run Behavior\WriteHtmlCacheBehavior [ RunTime:0.000202s ]
INFO: [ view_filter ] --END-- [ RunTime:0.000228s ]
INFO: [ app_end ] --START--
INFO: Run Behavior\ShowPageTraceBehavior [ RunTime:0.000374s ]
INFO: [ app_end ] --END-- [ RunTime:0.000424s ]

[ 2017-03-11T10:20:36+08:00 ] 127.0.0.1 /index.php/Home/BeautifulWords/beautifulwords.html
INFO: [ app_init ] --START--
INFO: Run Behavior\BuildLiteBehavior [ RunTime:0.000011s ]
INFO: [ app_init ] --END-- [ RunTime:0.000505s ]
INFO: [ app_begin ] --START--
INFO: Run Behavior\ReadHtmlCacheBehavior [ RunTime:0.000453s ]
INFO: [ app_begin ] --END-- [ RunTime:0.000518s ]
SQL: SHOW COLUMNS FROM `rd_beautiful_words` [ RunTime:0.0029s ]
SQL: SELECT * FROM `rd_beautiful_words` ORDER BY id DESC LIMIT 4   [ RunTime:0.0003s ]
INFO: [ view_parse ] --START--
INFO: [ template_filter ] --START--
INFO: Run Behavior\ContentReplaceBehavior [ RunTime:0.000063s ]
INFO: [ template_filter ] --END-- [ RunTime:0.000095s ]
INFO: Run Behavior\ParseTemplateBehavior [ RunTime:0.005614s ]
INFO: [ view_parse ] --END-- [ RunTime:0.005647s ]
INFO: [ view_filter ] --START--
INFO: Run Behavior\WriteHtmlCacheBehavior [ RunTime:0.000193s ]
INFO: [ view_filter ] --END-- [ RunTime:0.000216s ]
INFO: [ app_end ] --START--
INFO: Run Behavior\ShowPageTraceBehavior [ RunTime:0.000321s ]
INFO: [ app_end ] --END-- [ RunTime:0.000347s ]

[ 2017-03-11T10:20:41+08:00 ] 127.0.0.1 /index.php/Home/BeautifulWords/detail?id=12
INFO: [ app_init ] --START--
INFO: Run Behavior\BuildLiteBehavior [ RunTime:0.000008s ]
INFO: [ app_init ] --END-- [ RunTime:0.000264s ]
INFO: [ app_begin ] --START--
INFO: Run Behavior\ReadHtmlCacheBehavior [ RunTime:0.000453s ]
INFO: [ app_begin ] --END-- [ RunTime:0.000485s ]
SQL: SHOW COLUMNS FROM `rd_beautiful_words` [ RunTime:0.0054s ]
INFO: [ app_end ] --START--
INFO: Run Behavior\ShowPageTraceBehavior [ RunTime:0.000482s ]
INFO: [ app_end ] --END-- [ RunTime:0.000537s ]

[ 2017-03-11T10:20:46+08:00 ] 127.0.0.1 /index.php/Home/Index/index.html
INFO: [ app_init ] --START--
INFO: Run Behavior\BuildLiteBehavior [ RunTime:0.000024s ]
INFO: [ app_init ] --END-- [ RunTime:0.000641s ]
INFO: [ app_begin ] --START--
INFO: Run Behavior\ReadHtmlCacheBehavior [ RunTime:0.000333s ]
INFO: [ app_begin ] --END-- [ RunTime:0.000364s ]
SQL: SHOW COLUMNS FROM `rd_banner` [ RunTime:0.0029s ]
SQL: SELECT `banner_file`,`book_id` FROM `rd_banner` WHERE `banner_state` = 1  [ RunTime:0.0002s ]
SQL: SHOW COLUMNS FROM `rd_book` [ RunTime:0.0023s ]
SQL: SELECT b.id,b.book_banner,b.is_hot,b.book_name,b.readed_number,b.number_of_words,a.author FROM rd_book b left join rd_author a on a.id = b.author_id  WHERE ( b.is_hot > 0 AND book_state = 1 ) ORDER BY id desc  [ RunTime:0.0003s ]
INFO: [ view_parse ] --START--
INFO: [ template_filter ] --START--
INFO: Run Behavior\ContentReplaceBehavior [ RunTime:0.000041s ]
INFO: [ template_filter ] --END-- [ RunTime:0.000070s ]
INFO: Run Behavior\ParseTemplateBehavior [ RunTime:0.006543s ]
INFO: [ view_parse ] --END-- [ RunTime:0.006573s ]
INFO: [ view_filter ] --START--
INFO: Run Behavior\WriteHtmlCacheBehavior [ RunTime:0.000192s ]
INFO: [ view_filter ] --END-- [ RunTime:0.000217s ]
INFO: [ app_end ] --START--
INFO: Run Behavior\ShowPageTraceBehavior [ RunTime:0.000489s ]
INFO: [ app_end ] --END-- [ RunTime:0.000518s ]

[ 2017-03-11T10:20:48+08:00 ] 127.0.0.1 /index.php/Home/Book/b_detail/b_id/21.html
INFO: [ app_init ] --START--
INFO: Run Behavior\BuildLiteBehavior [ RunTime:0.000008s ]
INFO: [ app_init ] --END-- [ RunTime:0.000266s ]
INFO: [ app_begin ] --START--
INFO: Run Behavior\ReadHtmlCacheBehavior [ RunTime:0.000323s ]
INFO: [ app_begin ] --END-- [ RunTime:0.000355s ]
SQL: SHOW COLUMNS FROM `rd_book` [ RunTime:0.0037s ]
SQL: SELECT b.id,b.book_cover,b.book_name,a.author,b.shelves_time,b.number_of_words,b.book_synopsis,a.author_synopsis FROM rd_book b left join rd_author a on a.id = b.author_id  WHERE b.id = '21' AND b.book_state = 1 LIMIT 1   [ RunTime:0.0002s ]
SQL: SHOW COLUMNS FROM `rd_category` [ RunTime:0.0023s ]
SQL: SELECT c.category FROM rd_category c right join rd_book_categories b on c.id = b.category_id  WHERE b.book_id = '21'  [ RunTime:0.0003s ]
SQL: SHOW COLUMNS FROM `rd_bookshelf` [ RunTime:0.0021s ]
SQL: SELECT `id` FROM `rd_bookshelf` WHERE `user_id` = 1 AND `book_id` = 21 LIMIT 1   [ RunTime:0.0001s ]
INFO: [ view_parse ] --START--
INFO: [ template_filter ] --START--
INFO: Run Behavior\ContentReplaceBehavior [ RunTime:0.000047s ]
INFO: [ template_filter ] --END-- [ RunTime:0.000088s ]
INFO: Run Behavior\ParseTemplateBehavior [ RunTime:0.080218s ]
INFO: [ view_parse ] --END-- [ RunTime:0.080263s ]
INFO: [ view_filter ] --START--
INFO: Run Behavior\WriteHtmlCacheBehavior [ RunTime:0.000212s ]
INFO: [ view_filter ] --END-- [ RunTime:0.000236s ]
INFO: [ app_end ] --START--
INFO: Run Behavior\ShowPageTraceBehavior [ RunTime:0.000343s ]
INFO: [ app_end ] --END-- [ RunTime:0.000370s ]

[ 2017-03-11T10:20:51+08:00 ] 127.0.0.1 /index.php/Home/Book/b_detail/b_id/21.html
INFO: [ app_init ] --START--
INFO: Run Behavior\BuildLiteBehavior [ RunTime:0.000012s ]
INFO: [ app_init ] --END-- [ RunTime:0.000336s ]
INFO: [ app_begin ] --START--
INFO: Run Behavior\ReadHtmlCacheBehavior [ RunTime:0.000348s ]
INFO: [ app_begin ] --END-- [ RunTime:0.000381s ]
SQL: SHOW COLUMNS FROM `rd_book` [ RunTime:0.0030s ]
SQL: SELECT b.id,b.book_cover,b.book_name,a.author,b.shelves_time,b.number_of_words,b.book_synopsis,a.author_synopsis FROM rd_book b left join rd_author a on a.id = b.author_id  WHERE b.id = '21' AND b.book_state = 1 LIMIT 1   [ RunTime:0.0002s ]
SQL: SHOW COLUMNS FROM `rd_category` [ RunTime:0.0026s ]
SQL: SELECT c.category FROM rd_category c right join rd_book_categories b on c.id = b.category_id  WHERE b.book_id = '21'  [ RunTime:0.0002s ]
SQL: SHOW COLUMNS FROM `rd_bookshelf` [ RunTime:0.0023s ]
SQL: SELECT `id` FROM `rd_bookshelf` WHERE `user_id` = 1 AND `book_id` = 21 LIMIT 1   [ RunTime:0.0001s ]
INFO: [ view_parse ] --START--
INFO: [ template_filter ] --START--
INFO: Run Behavior\ContentReplaceBehavior [ RunTime:0.000049s ]
INFO: [ template_filter ] --END-- [ RunTime:0.000084s ]
INFO: Run Behavior\ParseTemplateBehavior [ RunTime:0.006941s ]
INFO: [ view_parse ] --END-- [ RunTime:0.006974s ]
INFO: [ view_filter ] --START--
INFO: Run Behavior\WriteHtmlCacheBehavior [ RunTime:0.000207s ]
INFO: [ view_filter ] --END-- [ RunTime:0.000231s ]
INFO: [ app_end ] --START--
INFO: Run Behavior\ShowPageTraceBehavior [ RunTime:0.000335s ]
INFO: [ app_end ] --END-- [ RunTime:0.000362s ]

[ 2017-03-11T10:21:12+08:00 ] 127.0.0.1 /index.php/Home/Book/b_detail/b_id/21.html
INFO: [ app_init ] --START--
INFO: Run Behavior\BuildLiteBehavior [ RunTime:0.000008s ]
INFO: [ app_init ] --END-- [ RunTime:0.000261s ]
INFO: [ app_begin ] --START--
INFO: Run Behavior\ReadHtmlCacheBehavior [ RunTime:0.000462s ]
INFO: [ app_begin ] --END-- [ RunTime:0.000507s ]
SQL: SHOW COLUMNS FROM `rd_book` [ RunTime:0.0027s ]
SQL: SELECT b.id,b.book_cover,b.book_name,a.author,b.shelves_time,b.number_of_words,b.book_synopsis,a.author_synopsis FROM rd_book b left join rd_author a on a.id = b.author_id  WHERE b.id = '21' AND b.book_state = 1 LIMIT 1   [ RunTime:0.0002s ]
SQL: SHOW COLUMNS FROM `rd_category` [ RunTime:0.0022s ]
SQL: SELECT c.category FROM rd_category c right join rd_book_categories b on c.id = b.category_id  WHERE b.book_id = '21'  [ RunTime:0.0002s ]
SQL: SHOW COLUMNS FROM `rd_bookshelf` [ RunTime:0.0026s ]
SQL: SELECT `id` FROM `rd_bookshelf` WHERE `user_id` = 1 AND `book_id` = 21 LIMIT 1   [ RunTime:0.0005s ]
INFO: [ view_parse ] --START--
INFO: [ template_filter ] --START--
INFO: Run Behavior\ContentReplaceBehavior [ RunTime:0.000047s ]
INFO: [ template_filter ] --END-- [ RunTime:0.000079s ]
INFO: Run Behavior\ParseTemplateBehavior [ RunTime:0.005579s ]
INFO: [ view_parse ] --END-- [ RunTime:0.005612s ]
INFO: [ view_filter ] --START--
INFO: Run Behavior\WriteHtmlCacheBehavior [ RunTime:0.000200s ]
INFO: [ view_filter ] --END-- [ RunTime:0.000224s ]
INFO: [ app_end ] --START--
INFO: Run Behavior\ShowPageTraceBehavior [ RunTime:0.000334s ]
INFO: [ app_end ] --END-- [ RunTime:0.000361s ]

[ 2017-03-11T10:21:13+08:00 ] 127.0.0.1 /index.php/Home/Book/b_detail/b_id/21.html
INFO: [ app_init ] --START--
INFO: Run Behavior\BuildLiteBehavior [ RunTime:0.000010s ]
INFO: [ app_init ] --END-- [ RunTime:0.000293s ]
INFO: [ app_begin ] --START--
INFO: Run Behavior\ReadHtmlCacheBehavior [ RunTime:0.000367s ]
INFO: [ app_begin ] --END-- [ RunTime:0.000428s ]
SQL: SHOW COLUMNS FROM `rd_book` [ RunTime:0.0071s ]
SQL: SELECT b.id,b.book_cover,b.book_name,a.author,b.shelves_time,b.number_of_words,b.book_synopsis,a.author_synopsis FROM rd_book b left join rd_author a on a.id = b.author_id  WHERE b.id = '21' AND b.book_state = 1 LIMIT 1   [ RunTime:0.0003s ]
SQL: SHOW COLUMNS FROM `rd_category` [ RunTime:0.0021s ]
SQL: SELECT c.category FROM rd_category c right join rd_book_categories b on c.id = b.category_id  WHERE b.book_id = '21'  [ RunTime:0.0002s ]
SQL: SHOW COLUMNS FROM `rd_bookshelf` [ RunTime:0.0021s ]
SQL: SELECT `id` FROM `rd_bookshelf` WHERE `user_id` = 1 AND `book_id` = 21 LIMIT 1   [ RunTime:0.0001s ]
INFO: [ view_parse ] --START--
INFO: [ template_filter ] --START--
INFO: Run Behavior\ContentReplaceBehavior [ RunTime:0.000053s ]
INFO: [ template_filter ] --END-- [ RunTime:0.000092s ]
INFO: Run Behavior\ParseTemplateBehavior [ RunTime:0.005587s ]
INFO: [ view_parse ] --END-- [ RunTime:0.005624s ]
INFO: [ view_filter ] --START--
INFO: Run Behavior\WriteHtmlCacheBehavior [ RunTime:0.000212s ]
INFO: [ view_filter ] --END-- [ RunTime:0.000235s ]
INFO: [ app_end ] --START--
INFO: Run Behavior\ShowPageTraceBehavior [ RunTime:0.000335s ]
INFO: [ app_end ] --END-- [ RunTime:0.000363s ]

[ 2017-03-11T10:21:13+08:00 ] 127.0.0.1 /index.php/Home/Book/b_detail/b_id/21.html
INFO: [ app_init ] --START--
INFO: Run Behavior\BuildLiteBehavior [ RunTime:0.000008s ]
INFO: [ app_init ] --END-- [ RunTime:0.000284s ]
INFO: [ app_begin ] --START--
INFO: Run Behavior\ReadHtmlCacheBehavior [ RunTime:0.000323s ]
INFO: [ app_begin ] --END-- [ RunTime:0.000355s ]
SQL: SHOW COLUMNS FROM `rd_book` [ RunTime:0.0028s ]
SQL: SELECT b.id,b.book_cover,b.book_name,a.author,b.shelves_time,b.number_of_words,b.book_synopsis,a.author_synopsis FROM rd_book b left join rd_author a on a.id = b.author_id  WHERE b.id = '21' AND b.book_state = 1 LIMIT 1   [ RunTime:0.0002s ]
SQL: SHOW COLUMNS FROM `rd_category` [ RunTime:0.0022s ]
SQL: SELECT c.category FROM rd_category c right join rd_book_categories b on c.id = b.category_id  WHERE b.book_id = '21'  [ RunTime:0.0002s ]
SQL: SHOW COLUMNS FROM `rd_bookshelf` [ RunTime:0.0021s ]
SQL: SELECT `id` FROM `rd_bookshelf` WHERE `user_id` = 1 AND `book_id` = 21 LIMIT 1   [ RunTime:0.0002s ]
INFO: [ view_parse ] --START--
INFO: [ template_filter ] --START--
INFO: Run Behavior\ContentReplaceBehavior [ RunTime:0.000047s ]
INFO: [ template_filter ] --END-- [ RunTime:0.000084s ]
INFO: Run Behavior\ParseTemplateBehavior [ RunTime:0.006198s ]
INFO: [ view_parse ] --END-- [ RunTime:0.006230s ]
INFO: [ view_filter ] --START--
INFO: Run Behavior\WriteHtmlCacheBehavior [ RunTime:0.000200s ]
INFO: [ view_filter ] --END-- [ RunTime:0.000224s ]
INFO: [ app_end ] --START--
INFO: Run Behavior\ShowPageTraceBehavior [ RunTime:0.000335s ]
INFO: [ app_end ] --END-- [ RunTime:0.000363s ]

[ 2017-03-11T10:21:13+08:00 ] 127.0.0.1 /index.php/Home/Book/b_detail/b_id/21.html
INFO: [ app_init ] --START--
INFO: Run Behavior\BuildLiteBehavior [ RunTime:0.000009s ]
INFO: [ app_init ] --END-- [ RunTime:0.000274s ]
INFO: [ app_begin ] --START--
INFO: Run Behavior\ReadHtmlCacheBehavior [ RunTime:0.000356s ]
INFO: [ app_begin ] --END-- [ RunTime:0.000387s ]
SQL: SHOW COLUMNS FROM `rd_book` [ RunTime:0.0029s ]
SQL: SELECT b.id,b.book_cover,b.book_name,a.author,b.shelves_time,b.number_of_words,b.book_synopsis,a.author_synopsis FROM rd_book b left join rd_author a on a.id = b.author_id  WHERE b.id = '21' AND b.book_state = 1 LIMIT 1   [ RunTime:0.0002s ]
SQL: SHOW COLUMNS FROM `rd_category` [ RunTime:0.0023s ]
SQL: SELECT c.category FROM rd_category c right join rd_book_categories b on c.id = b.category_id  WHERE b.book_id = '21'  [ RunTime:0.0002s ]
SQL: SHOW COLUMNS FROM `rd_bookshelf` [ RunTime:0.0037s ]
SQL: SELECT `id` FROM `rd_bookshelf` WHERE `user_id` = 1 AND `book_id` = 21 LIMIT 1   [ RunTime:0.0002s ]
INFO: [ view_parse ] --START--
INFO: [ template_filter ] --START--
INFO: Run Behavior\ContentReplaceBehavior [ RunTime:0.000045s ]
INFO: [ template_filter ] --END-- [ RunTime:0.000073s ]
INFO: Run Behavior\ParseTemplateBehavior [ RunTime:0.005417s ]
INFO: [ view_parse ] --END-- [ RunTime:0.005449s ]
INFO: [ view_filter ] --START--
INFO: Run Behavior\WriteHtmlCacheBehavior [ RunTime:0.000195s ]
INFO: [ view_filter ] --END-- [ RunTime:0.000219s ]
INFO: [ app_end ] --START--
INFO: Run Behavior\ShowPageTraceBehavior [ RunTime:0.000318s ]
INFO: [ app_end ] --END-- [ RunTime:0.000345s ]

[ 2017-03-11T10:21:13+08:00 ] 127.0.0.1 /index.php/Home/Book/b_detail/b_id/21.html
INFO: [ app_init ] --START--
INFO: Run Behavior\BuildLiteBehavior [ RunTime:0.000008s ]
INFO: [ app_init ] --END-- [ RunTime:0.000269s ]
INFO: [ app_begin ] --START--
INFO: Run Behavior\ReadHtmlCacheBehavior [ RunTime:0.000330s ]
INFO: [ app_begin ] --END-- [ RunTime:0.000361s ]
SQL: SHOW COLUMNS FROM `rd_book` [ RunTime:0.0026s ]
SQL: SELECT b.id,b.book_cover,b.book_name,a.author,b.shelves_time,b.number_of_words,b.book_synopsis,a.author_synopsis FROM rd_book b left join rd_author a on a.id = b.author_id  WHERE b.id = '21' AND b.book_state = 1 LIMIT 1   [ RunTime:0.0002s ]
SQL: SHOW COLUMNS FROM `rd_category` [ RunTime:0.0022s ]
SQL: SELECT c.category FROM rd_category c right join rd_book_categories b on c.id = b.category_id  WHERE b.book_id = '21'  [ RunTime:0.0002s ]
SQL: SHOW COLUMNS FROM `rd_bookshelf` [ RunTime:0.0021s ]
SQL: SELECT `id` FROM `rd_bookshelf` WHERE `user_id` = 1 AND `book_id` = 21 LIMIT 1   [ RunTime:0.0001s ]
INFO: [ view_parse ] --START--
INFO: [ template_filter ] --START--
INFO: Run Behavior\ContentReplaceBehavior [ RunTime:0.000049s ]
INFO: [ template_filter ] --END-- [ RunTime:0.000087s ]
INFO: Run Behavior\ParseTemplateBehavior [ RunTime:0.021233s ]
INFO: [ view_parse ] --END-- [ RunTime:0.021277s ]
INFO: [ view_filter ] --START--
INFO: Run Behavior\WriteHtmlCacheBehavior [ RunTime:0.000211s ]
INFO: [ view_filter ] --END-- [ RunTime:0.000234s ]
INFO: [ app_end ] --START--
INFO: Run Behavior\ShowPageTraceBehavior [ RunTime:0.000330s ]
INFO: [ app_end ] --END-- [ RunTime:0.000357s ]

[ 2017-03-11T10:21:13+08:00 ] 127.0.0.1 /index.php/Home/Book/b_detail/b_id/21.html
INFO: [ app_init ] --START--
INFO: Run Behavior\BuildLiteBehavior [ RunTime:0.000009s ]
INFO: [ app_init ] --END-- [ RunTime:0.000280s ]
INFO: [ app_begin ] --START--
INFO: Run Behavior\ReadHtmlCacheBehavior [ RunTime:0.000516s ]
INFO: [ app_begin ] --END-- [ RunTime:0.000567s ]
SQL: SHOW COLUMNS FROM `rd_book` [ RunTime:0.0399s ]
SQL: SELECT b.id,b.book_cover,b.book_name,a.author,b.shelves_time,b.number_of_words,b.book_synopsis,a.author_synopsis FROM rd_book b left join rd_author a on a.id = b.author_id  WHERE b.id = '21' AND b.book_state = 1 LIMIT 1   [ RunTime:0.0002s ]
SQL: SHOW COLUMNS FROM `rd_category` [ RunTime:0.0036s ]
SQL: SELECT c.category FROM rd_category c right join rd_book_categories b on c.id = b.category_id  WHERE b.book_id = '21'  [ RunTime:0.0003s ]
SQL: SHOW COLUMNS FROM `rd_bookshelf` [ RunTime:0.0024s ]
SQL: SELECT `id` FROM `rd_bookshelf` WHERE `user_id` = 1 AND `book_id` = 21 LIMIT 1   [ RunTime:0.0002s ]
INFO: [ view_parse ] --START--
INFO: [ template_filter ] --START--
INFO: Run Behavior\ContentReplaceBehavior [ RunTime:0.000048s ]
INFO: [ template_filter ] --END-- [ RunTime:0.000079s ]
INFO: Run Behavior\ParseTemplateBehavior [ RunTime:0.005299s ]
INFO: [ view_parse ] --END-- [ RunTime:0.005333s ]
INFO: [ view_filter ] --START--
INFO: Run Behavior\WriteHtmlCacheBehavior [ RunTime:0.000200s ]
INFO: [ view_filter ] --END-- [ RunTime:0.000224s ]
INFO: [ app_end ] --START--
INFO: Run Behavior\ShowPageTraceBehavior [ RunTime:0.000326s ]
INFO: [ app_end ] --END-- [ RunTime:0.000354s ]

[ 2017-03-11T10:21:14+08:00 ] 127.0.0.1 /index.php/Home/Book/b_detail/b_id/21.html
INFO: [ app_init ] --START--
INFO: Run Behavior\BuildLiteBehavior [ RunTime:0.000010s ]
INFO: [ app_init ] --END-- [ RunTime:0.000280s ]
INFO: [ app_begin ] --START--
INFO: Run Behavior\ReadHtmlCacheBehavior [ RunTime:0.000345s ]
INFO: [ app_begin ] --END-- [ RunTime:0.000378s ]
SQL: SHOW COLUMNS FROM `rd_book` [ RunTime:0.0053s ]
SQL: SELECT b.id,b.book_cover,b.book_name,a.author,b.shelves_time,b.number_of_words,b.book_synopsis,a.author_synopsis FROM rd_book b left join rd_author a on a.id = b.author_id  WHERE b.id = '21' AND b.book_state = 1 LIMIT 1   [ RunTime:0.0003s ]
SQL: SHOW COLUMNS FROM `rd_category` [ RunTime:0.0028s ]
SQL: SELECT c.category FROM rd_category c right join rd_book_categories b on c.id = b.category_id  WHERE b.book_id = '21'  [ RunTime:0.0002s ]
SQL: SHOW COLUMNS FROM `rd_bookshelf` [ RunTime:0.0022s ]
SQL: SELECT `id` FROM `rd_bookshelf` WHERE `user_id` = 1 AND `book_id` = 21 LIMIT 1   [ RunTime:0.0001s ]
INFO: [ view_parse ] --START--
INFO: [ template_filter ] --START--
INFO: Run Behavior\ContentReplaceBehavior [ RunTime:0.000047s ]
INFO: [ template_filter ] --END-- [ RunTime:0.000077s ]
INFO: Run Behavior\ParseTemplateBehavior [ RunTime:0.005287s ]
INFO: [ view_parse ] --END-- [ RunTime:0.005320s ]
INFO: [ view_filter ] --START--
INFO: Run Behavior\WriteHtmlCacheBehavior [ RunTime:0.000198s ]
INFO: [ view_filter ] --END-- [ RunTime:0.000222s ]
INFO: [ app_end ] --START--
INFO: Run Behavior\ShowPageTraceBehavior [ RunTime:0.000329s ]
INFO: [ app_end ] --END-- [ RunTime:0.000356s ]

[ 2017-03-11T10:21:14+08:00 ] 127.0.0.1 /index.php/Home/Book/b_detail/b_id/21.html
INFO: [ app_init ] --START--
INFO: Run Behavior\BuildLiteBehavior [ RunTime:0.000009s ]
INFO: [ app_init ] --END-- [ RunTime:0.000277s ]
INFO: [ app_begin ] --START--
INFO: Run Behavior\ReadHtmlCacheBehavior [ RunTime:0.000332s ]
INFO: [ app_begin ] --END-- [ RunTime:0.000365s ]
SQL: SHOW COLUMNS FROM `rd_book` [ RunTime:0.0029s ]
SQL: SELECT b.id,b.book_cover,b.book_name,a.author,b.shelves_time,b.number_of_words,b.book_synopsis,a.author_synopsis FROM rd_book b left join rd_author a on a.id = b.author_id  WHERE b.id = '21' AND b.book_state = 1 LIMIT 1   [ RunTime:0.0002s ]
SQL: SHOW COLUMNS FROM `rd_category` [ RunTime:0.0031s ]
SQL: SELECT c.category FROM rd_category c right join rd_book_categories b on c.id = b.category_id  WHERE b.book_id = '21'  [ RunTime:0.0004s ]
SQL: SHOW COLUMNS FROM `rd_bookshelf` [ RunTime:0.0027s ]
SQL: SELECT `id` FROM `rd_bookshelf` WHERE `user_id` = 1 AND `book_id` = 21 LIMIT 1   [ RunTime:0.0002s ]
INFO: [ view_parse ] --START--
INFO: [ template_filter ] --START--
INFO: Run Behavior\ContentReplaceBehavior [ RunTime:0.000046s ]
INFO: [ template_filter ] --END-- [ RunTime:0.000074s ]
INFO: Run Behavior\ParseTemplateBehavior [ RunTime:0.005247s ]
INFO: [ view_parse ] --END-- [ RunTime:0.005308s ]
INFO: [ view_filter ] --START--
INFO: Run Behavior\WriteHtmlCacheBehavior [ RunTime:0.000324s ]
INFO: [ view_filter ] --END-- [ RunTime:0.000349s ]
INFO: [ app_end ] --START--
INFO: Run Behavior\ShowPageTraceBehavior [ RunTime:0.000342s ]
INFO: [ app_end ] --END-- [ RunTime:0.000383s ]

[ 2017-03-11T10:21:14+08:00 ] 127.0.0.1 /index.php/Home/Book/b_detail/b_id/21.html
INFO: [ app_init ] --START--
INFO: Run Behavior\BuildLiteBehavior [ RunTime:0.000020s ]
INFO: [ app_init ] --END-- [ RunTime:0.000314s ]
INFO: [ app_begin ] --START--
INFO: Run Behavior\ReadHtmlCacheBehavior [ RunTime:0.000508s ]
INFO: [ app_begin ] --END-- [ RunTime:0.000553s ]
SQL: SHOW COLUMNS FROM `rd_book` [ RunTime:0.0028s ]
SQL: SELECT b.id,b.book_cover,b.book_name,a.author,b.shelves_time,b.number_of_words,b.book_synopsis,a.author_synopsis FROM rd_book b left join rd_author a on a.id = b.author_id  WHERE b.id = '21' AND b.book_state = 1 LIMIT 1   [ RunTime:0.0002s ]
SQL: SHOW COLUMNS FROM `rd_category` [ RunTime:0.0023s ]
SQL: SELECT c.category FROM rd_category c right join rd_book_categories b on c.id = b.category_id  WHERE b.book_id = '21'  [ RunTime:0.0002s ]
SQL: SHOW COLUMNS FROM `rd_bookshelf` [ RunTime:0.0023s ]
SQL: SELECT `id` FROM `rd_bookshelf` WHERE `user_id` = 1 AND `book_id` = 21 LIMIT 1   [ RunTime:0.0002s ]
INFO: [ view_parse ] --START--
INFO: [ template_filter ] --START--
INFO: Run Behavior\ContentReplaceBehavior [ RunTime:0.000116s ]
INFO: [ template_filter ] --END-- [ RunTime:0.000212s ]
INFO: Run Behavior\ParseTemplateBehavior [ RunTime:0.006015s ]
INFO: [ view_parse ] --END-- [ RunTime:0.006054s ]
INFO: [ view_filter ] --START--
INFO: Run Behavior\WriteHtmlCacheBehavior [ RunTime:0.000216s ]
INFO: [ view_filter ] --END-- [ RunTime:0.000240s ]
INFO: [ app_end ] --START--
INFO: Run Behavior\ShowPageTraceBehavior [ RunTime:0.000341s ]
INFO: [ app_end ] --END-- [ RunTime:0.000368s ]

[ 2017-03-11T10:21:14+08:00 ] 127.0.0.1 /index.php/Home/Book/b_detail/b_id/21.html
INFO: [ app_init ] --START--
INFO: Run Behavior\BuildLiteBehavior [ RunTime:0.000010s ]
INFO: [ app_init ] --END-- [ RunTime:0.000278s ]
INFO: [ app_begin ] --START--
INFO: Run Behavior\ReadHtmlCacheBehavior [ RunTime:0.000331s ]
INFO: [ app_begin ] --END-- [ RunTime:0.000364s ]
SQL: SHOW COLUMNS FROM `rd_book` [ RunTime:0.0029s ]
SQL: SELECT b.id,b.book_cover,b.book_name,a.author,b.shelves_time,b.number_of_words,b.book_synopsis,a.author_synopsis FROM rd_book b left join rd_author a on a.id = b.author_id  WHERE b.id = '21' AND b.book_state = 1 LIMIT 1   [ RunTime:0.0002s ]
SQL: SHOW COLUMNS FROM `rd_category` [ RunTime:0.0023s ]
SQL: SELECT c.category FROM rd_category c right join rd_book_categories b on c.id = b.category_id  WHERE b.book_id = '21'  [ RunTime:0.0002s ]
SQL: SHOW COLUMNS FROM `rd_bookshelf` [ RunTime:0.0028s ]
SQL: SELECT `id` FROM `rd_bookshelf` WHERE `user_id` = 1 AND `book_id` = 21 LIMIT 1   [ RunTime:0.0002s ]
INFO: [ view_parse ] --START--
INFO: [ template_filter ] --START--
INFO: Run Behavior\ContentReplaceBehavior [ RunTime:0.000046s ]
INFO: [ template_filter ] --END-- [ RunTime:0.000076s ]
INFO: Run Behavior\ParseTemplateBehavior [ RunTime:0.005304s ]
INFO: [ view_parse ] --END-- [ RunTime:0.005337s ]
INFO: [ view_filter ] --START--
INFO: Run Behavior\WriteHtmlCacheBehavior [ RunTime:0.000197s ]
INFO: [ view_filter ] --END-- [ RunTime:0.000221s ]
INFO: [ app_end ] --START--
INFO: Run Behavior\ShowPageTraceBehavior [ RunTime:0.000328s ]
INFO: [ app_end ] --END-- [ RunTime:0.000355s ]

[ 2017-03-11T10:21:17+08:00 ] 127.0.0.1 /index.php/Home/Book/b_detail/b_id/21.html
INFO: [ app_init ] --START--
INFO: Run Behavior\BuildLiteBehavior [ RunTime:0.000008s ]
INFO: [ app_init ] --END-- [ RunTime:0.000262s ]
INFO: [ app_begin ] --START--
INFO: Run Behavior\ReadHtmlCacheBehavior [ RunTime:0.000322s ]
INFO: [ app_begin ] --END-- [ RunTime:0.000354s ]
SQL: SHOW COLUMNS FROM `rd_book` [ RunTime:0.1368s ]
SQL: SELECT b.id,b.book_cover,b.book_name,a.author,b.shelves_time,b.number_of_words,b.book_synopsis,a.author_synopsis FROM rd_book b left join rd_author a on a.id = b.author_id  WHERE b.id = '21' AND b.book_state = 1 LIMIT 1   [ RunTime:0.0003s ]
SQL: SHOW COLUMNS FROM `rd_category` [ RunTime:0.0031s ]
SQL: SELECT c.category FROM rd_category c right join rd_book_categories b on c.id = b.category_id  WHERE b.book_id = '21'  [ RunTime:0.0002s ]
SQL: SHOW COLUMNS FROM `rd_bookshelf` [ RunTime:0.0023s ]
SQL: SELECT `id` FROM `rd_bookshelf` WHERE `user_id` = 1 AND `book_id` = 21 LIMIT 1   [ RunTime:0.0001s ]
INFO: [ view_parse ] --START--
INFO: [ template_filter ] --START--
INFO: Run Behavior\ContentReplaceBehavior [ RunTime:0.000045s ]
INFO: [ template_filter ] --END-- [ RunTime:0.000075s ]
INFO: Run Behavior\ParseTemplateBehavior [ RunTime:0.005383s ]
INFO: [ view_parse ] --END-- [ RunTime:0.005416s ]
INFO: [ view_filter ] --START--
INFO: Run Behavior\WriteHtmlCacheBehavior [ RunTime:0.000192s ]
INFO: [ view_filter ] --END-- [ RunTime:0.000216s ]
INFO: [ app_end ] --START--
INFO: Run Behavior\ShowPageTraceBehavior [ RunTime:0.000320s ]
INFO: [ app_end ] --END-- [ RunTime:0.000347s ]

[ 2017-03-11T10:21:19+08:00 ] 127.0.0.1 /index.php/Home/Index/index.html
INFO: [ app_init ] --START--
INFO: Run Behavior\BuildLiteBehavior [ RunTime:0.000025s ]
INFO: [ app_init ] --END-- [ RunTime:0.000516s ]
INFO: [ app_begin ] --START--
INFO: Run Behavior\ReadHtmlCacheBehavior [ RunTime:0.000332s ]
INFO: [ app_begin ] --END-- [ RunTime:0.000365s ]
SQL: SHOW COLUMNS FROM `rd_banner` [ RunTime:0.0031s ]
SQL: SELECT `banner_file`,`book_id` FROM `rd_banner` WHERE `banner_state` = 1  [ RunTime:0.0002s ]
SQL: SHOW COLUMNS FROM `rd_book` [ RunTime:0.0023s ]
SQL: SELECT b.id,b.book_banner,b.is_hot,b.book_name,b.readed_number,b.number_of_words,a.author FROM rd_book b left join rd_author a on a.id = b.author_id  WHERE ( b.is_hot > 0 AND book_state = 1 ) ORDER BY id desc  [ RunTime:0.0004s ]
INFO: [ view_parse ] --START--
INFO: [ template_filter ] --START--
INFO: Run Behavior\ContentReplaceBehavior [ RunTime:0.000045s ]
INFO: [ template_filter ] --END-- [ RunTime:0.000082s ]
INFO: Run Behavior\ParseTemplateBehavior [ RunTime:0.009305s ]
INFO: [ view_parse ] --END-- [ RunTime:0.009355s ]
INFO: [ view_filter ] --START--
INFO: Run Behavior\WriteHtmlCacheBehavior [ RunTime:0.000205s ]
INFO: [ view_filter ] --END-- [ RunTime:0.000231s ]
INFO: [ app_end ] --START--
INFO: Run Behavior\ShowPageTraceBehavior [ RunTime:0.000339s ]
INFO: [ app_end ] --END-- [ RunTime:0.000369s ]

[ 2017-03-11T10:21:20+08:00 ] 127.0.0.1 /index.php/Home/Book/b_detail/b_id/21.html
INFO: [ app_init ] --START--
INFO: Run Behavior\BuildLiteBehavior [ RunTime:0.000011s ]
INFO: [ app_init ] --END-- [ RunTime:0.000317s ]
INFO: [ app_begin ] --START--
INFO: Run Behavior\ReadHtmlCacheBehavior [ RunTime:0.000337s ]
INFO: [ app_begin ] --END-- [ RunTime:0.000369s ]
SQL: SHOW COLUMNS FROM `rd_book` [ RunTime:0.0028s ]
SQL: SELECT b.id,b.book_cover,b.book_name,a.author,b.shelves_time,b.number_of_words,b.book_synopsis,a.author_synopsis FROM rd_book b left join rd_author a on a.id = b.author_id  WHERE b.id = '21' AND b.book_state = 1 LIMIT 1   [ RunTime:0.0003s ]
SQL: SHOW COLUMNS FROM `rd_category` [ RunTime:0.0019s ]
SQL: SELECT c.category FROM rd_category c right join rd_book_categories b on c.id = b.category_id  WHERE b.book_id = '21'  [ RunTime:0.0002s ]
SQL: SHOW COLUMNS FROM `rd_bookshelf` [ RunTime:0.0018s ]
SQL: SELECT `id` FROM `rd_bookshelf` WHERE `user_id` = 1 AND `book_id` = 21 LIMIT 1   [ RunTime:0.0001s ]
INFO: [ view_parse ] --START--
INFO: [ template_filter ] --START--
INFO: Run Behavior\ContentReplaceBehavior [ RunTime:0.000048s ]
INFO: [ template_filter ] --END-- [ RunTime:0.000084s ]
INFO: Run Behavior\ParseTemplateBehavior [ RunTime:0.006425s ]
INFO: [ view_parse ] --END-- [ RunTime:0.006459s ]
INFO: [ view_filter ] --START--
INFO: Run Behavior\WriteHtmlCacheBehavior [ RunTime:0.000200s ]
INFO: [ view_filter ] --END-- [ RunTime:0.000225s ]
INFO: [ app_end ] --START--
INFO: Run Behavior\ShowPageTraceBehavior [ RunTime:0.000337s ]
INFO: [ app_end ] --END-- [ RunTime:0.000363s ]

[ 2017-03-11T10:21:48+08:00 ] 127.0.0.1 /index.php/Home/Book/catalogue/b_id/21.html
INFO: [ app_init ] --START--
INFO: Run Behavior\BuildLiteBehavior [ RunTime:0.000023s ]
INFO: [ app_init ] --END-- [ RunTime:0.000514s ]
INFO: [ app_begin ] --START--
INFO: Run Behavior\ReadHtmlCacheBehavior [ RunTime:0.000344s ]
INFO: [ app_begin ] --END-- [ RunTime:0.000376s ]
SQL: SHOW COLUMNS FROM `rd_book` [ RunTime:0.0036s ]
SQL: SELECT `book_name` FROM `rd_book` WHERE `id` = 21 LIMIT 1   [ RunTime:0.0002s ]
INFO: [ view_parse ] --START--
INFO: [ template_filter ] --START--
INFO: Run Behavior\ContentReplaceBehavior [ RunTime:0.000039s ]
INFO: [ template_filter ] --END-- [ RunTime:0.000077s ]
INFO: Run Behavior\ParseTemplateBehavior [ RunTime:0.048115s ]
INFO: [ view_parse ] --END-- [ RunTime:0.048148s ]
INFO: [ view_filter ] --START--
INFO: Run Behavior\WriteHtmlCacheBehavior [ RunTime:0.000183s ]
INFO: [ view_filter ] --END-- [ RunTime:0.000206s ]
INFO: [ app_end ] --START--
INFO: Run Behavior\ShowPageTraceBehavior [ RunTime:0.000348s ]
INFO: [ app_end ] --END-- [ RunTime:0.000372s ]

[ 2017-03-11T10:21:49+08:00 ] 127.0.0.1 /index.php/Home/Book/catalogue/b_id/21.html
INFO: [ app_init ] --START--
INFO: Run Behavior\BuildLiteBehavior [ RunTime:0.000017s ]
INFO: [ app_init ] --END-- [ RunTime:0.000522s ]
INFO: [ app_begin ] --START--
INFO: Run Behavior\ReadHtmlCacheBehavior [ RunTime:0.000478s ]
INFO: [ app_begin ] --END-- [ RunTime:0.000529s ]
SQL: SHOW COLUMNS FROM `rd_chapter` [ RunTime:0.1237s ]
SQL: SELECT `chapter`,`chapter_sort` FROM `rd_chapter` WHERE `book_id` = 21 ORDER BY chapter_sort asc LIMIT 0,10   [ RunTime:0.6475s ]

[ 2017-03-11T10:21:50+08:00 ] 127.0.0.1 /index.php/Home/Book/catalogue/b_id/21.html
INFO: [ app_init ] --START--
INFO: Run Behavior\BuildLiteBehavior [ RunTime:0.000015s ]
INFO: [ app_init ] --END-- [ RunTime:0.000499s ]
INFO: [ app_begin ] --START--
INFO: Run Behavior\ReadHtmlCacheBehavior [ RunTime:0.000819s ]
INFO: [ app_begin ] --END-- [ RunTime:0.000873s ]
SQL: SHOW COLUMNS FROM `rd_chapter` [ RunTime:0.0692s ]
SQL: SELECT `chapter`,`chapter_sort` FROM `rd_chapter` WHERE `book_id` = 21 ORDER BY chapter_sort asc LIMIT 10,10   [ RunTime:0.3001s ]

[ 2017-03-11T10:21:52+08:00 ] 127.0.0.1 /index.php/Home/Book/catalogue/b_id/21.html
INFO: [ app_init ] --START--
INFO: Run Behavior\BuildLiteBehavior [ RunTime:0.000010s ]
INFO: [ app_init ] --END-- [ RunTime:0.000296s ]
INFO: [ app_begin ] --START--
INFO: Run Behavior\ReadHtmlCacheBehavior [ RunTime:0.000623s ]
INFO: [ app_begin ] --END-- [ RunTime:0.000683s ]
SQL: SHOW COLUMNS FROM `rd_chapter` [ RunTime:0.0032s ]
SQL: SELECT `chapter`,`chapter_sort` FROM `rd_chapter` WHERE `book_id` = 21 ORDER BY chapter_sort asc LIMIT 20,10   [ RunTime:0.7770s ]

[ 2017-03-11T10:21:54+08:00 ] 127.0.0.1 /index.php/Home/Book/catalogue/b_id/21.html
INFO: [ app_init ] --START--
INFO: Run Behavior\BuildLiteBehavior [ RunTime:0.000008s ]
INFO: [ app_init ] --END-- [ RunTime:0.000269s ]
INFO: [ app_begin ] --START--
INFO: Run Behavior\ReadHtmlCacheBehavior [ RunTime:0.000341s ]
INFO: [ app_begin ] --END-- [ RunTime:0.000372s ]
SQL: SHOW COLUMNS FROM `rd_chapter` [ RunTime:0.0030s ]
SQL: SELECT `chapter`,`chapter_sort` FROM `rd_chapter` WHERE `book_id` = 21 ORDER BY chapter_sort asc LIMIT 30,10   [ RunTime:1.0539s ]

[ 2017-03-11T10:21:56+08:00 ] 127.0.0.1 /index.php/Home/Book/catalogue/b_id/21.html
INFO: [ app_init ] --START--
INFO: Run Behavior\BuildLiteBehavior [ RunTime:0.000009s ]
INFO: [ app_init ] --END-- [ RunTime:0.000262s ]
INFO: [ app_begin ] --START--
INFO: Run Behavior\ReadHtmlCacheBehavior [ RunTime:0.000350s ]
INFO: [ app_begin ] --END-- [ RunTime:0.000381s ]
SQL: SHOW COLUMNS FROM `rd_chapter` [ RunTime:0.0023s ]
SQL: SELECT `chapter`,`chapter_sort` FROM `rd_chapter` WHERE `book_id` = 21 ORDER BY chapter_sort asc LIMIT 40,10   [ RunTime:1.2502s ]

[ 2017-03-11T10:22:22+08:00 ] 127.0.0.1 /index.php/Home/Book/library.html
INFO: [ app_init ] --START--
INFO: Run Behavior\BuildLiteBehavior [ RunTime:0.000009s ]
INFO: [ app_init ] --END-- [ RunTime:0.000333s ]
INFO: [ app_begin ] --START--
INFO: Run Behavior\ReadHtmlCacheBehavior [ RunTime:0.000542s ]
INFO: [ app_begin ] --END-- [ RunTime:0.000575s ]
SQL: SHOW COLUMNS FROM `rd_category` [ RunTime:0.0024s ]
SQL: SELECT `id`,`category` FROM `rd_category` LIMIT 0,3   [ RunTime:0.0002s ]
INFO: [ view_parse ] --START--
INFO: [ template_filter ] --START--
INFO: Run Behavior\ContentReplaceBehavior [ RunTime:0.000061s ]
INFO: [ template_filter ] --END-- [ RunTime:0.000092s ]
INFO: Run Behavior\ParseTemplateBehavior [ RunTime:0.007186s ]
INFO: [ view_parse ] --END-- [ RunTime:0.007222s ]
INFO: [ view_filter ] --START--
INFO: Run Behavior\WriteHtmlCacheBehavior [ RunTime:0.000366s ]
INFO: [ view_filter ] --END-- [ RunTime:0.000392s ]
INFO: [ app_end ] --START--
INFO: Run Behavior\ShowPageTraceBehavior [ RunTime:0.000452s ]
INFO: [ app_end ] --END-- [ RunTime:0.000479s ]

[ 2017-03-11T10:22:22+08:00 ] 127.0.0.1 /index.php/Home/Book/library.html
INFO: [ app_init ] --START--
INFO: Run Behavior\BuildLiteBehavior [ RunTime:0.000010s ]
INFO: [ app_init ] --END-- [ RunTime:0.000338s ]
INFO: [ app_begin ] --START--
INFO: Run Behavior\ReadHtmlCacheBehavior [ RunTime:0.000496s ]
INFO: [ app_begin ] --END-- [ RunTime:0.000544s ]
SQL: SHOW COLUMNS FROM `rd_book_categories` [ RunTime:0.0035s ]
SQL: SELECT DISTINCT  b.id,b.book_name,a.author,b.readed_number,b.number_of_words,b.is_hot,`book_banner` FROM rd_book_categories c left join rd_book b on c.book_id = b.id left join rd_author a on a.id = b.author_id  WHERE ( b.book_state = 1 ) ORDER BY id desc LIMIT 0,10   [ RunTime:0.0548s ]

[ 2017-03-11T10:22:22+08:00 ] 127.0.0.1 /index.php/Home/Book/library.html
INFO: [ app_init ] --START--
INFO: Run Behavior\BuildLiteBehavior [ RunTime:0.000011s ]
INFO: [ app_init ] --END-- [ RunTime:0.000351s ]
INFO: [ app_begin ] --START--
INFO: Run Behavior\ReadHtmlCacheBehavior [ RunTime:0.000519s ]
INFO: [ app_begin ] --END-- [ RunTime:0.000551s ]
SQL: SHOW COLUMNS FROM `rd_book_categories` [ RunTime:0.0027s ]
SQL: SELECT DISTINCT  b.id,b.book_name,a.author,b.readed_number,b.number_of_words,b.is_hot,`book_banner` FROM rd_book_categories c left join rd_book b on c.book_id = b.id left join rd_author a on a.id = b.author_id  WHERE ( b.book_state = 1 ) ORDER BY id desc LIMIT 10,10   [ RunTime:0.0006s ]

[ 2017-03-11T10:22:27+08:00 ] 127.0.0.1 /index.php/Home/Book/library.html
INFO: [ app_init ] --START--
INFO: Run Behavior\BuildLiteBehavior [ RunTime:0.000008s ]
INFO: [ app_init ] --END-- [ RunTime:0.000294s ]
INFO: [ app_begin ] --START--
INFO: Run Behavior\ReadHtmlCacheBehavior [ RunTime:0.000444s ]
INFO: [ app_begin ] --END-- [ RunTime:0.000486s ]
SQL: SHOW COLUMNS FROM `rd_book_categories` [ RunTime:0.0030s ]
SQL: SELECT DISTINCT  b.id,b.book_name,a.author,b.readed_number,b.number_of_words,b.is_hot,`book_banner` FROM rd_book_categories c left join rd_book b on c.book_id = b.id left join rd_author a on a.id = b.author_id  WHERE ( b.book_state = 1 AND c.category_id = 1 ) ORDER BY id desc LIMIT 0,10   [ RunTime:0.0004s ]

[ 2017-03-11T10:22:28+08:00 ] 127.0.0.1 /index.php/Home/Book/library.html
INFO: [ app_init ] --START--
INFO: Run Behavior\BuildLiteBehavior [ RunTime:0.000008s ]
INFO: [ app_init ] --END-- [ RunTime:0.000261s ]
INFO: [ app_begin ] --START--
INFO: Run Behavior\ReadHtmlCacheBehavior [ RunTime:0.000375s ]
INFO: [ app_begin ] --END-- [ RunTime:0.000415s ]
SQL: SHOW COLUMNS FROM `rd_book_categories` [ RunTime:0.0030s ]
SQL: SELECT DISTINCT  b.id,b.book_name,a.author,b.readed_number,b.number_of_words,b.is_hot,`book_banner` FROM rd_book_categories c left join rd_book b on c.book_id = b.id left join rd_author a on a.id = b.author_id  WHERE ( b.book_state = 1 AND c.category_id = 3 ) ORDER BY id desc LIMIT 0,10   [ RunTime:0.0004s ]

[ 2017-03-11T10:22:28+08:00 ] 127.0.0.1 /index.php/Home/Book/library.html
INFO: [ app_init ] --START--
INFO: Run Behavior\BuildLiteBehavior [ RunTime:0.000008s ]
INFO: [ app_init ] --END-- [ RunTime:0.000263s ]
INFO: [ app_begin ] --START--
INFO: Run Behavior\ReadHtmlCacheBehavior [ RunTime:0.000343s ]
INFO: [ app_begin ] --END-- [ RunTime:0.000375s ]
SQL: SHOW COLUMNS FROM `rd_book_categories` [ RunTime:0.0024s ]
SQL: SELECT DISTINCT  b.id,b.book_name,a.author,b.readed_number,b.number_of_words,b.is_hot,`book_banner` FROM rd_book_categories c left join rd_book b on c.book_id = b.id left join rd_author a on a.id = b.author_id  WHERE ( b.book_state = 1 AND c.category_id = 4 ) ORDER BY id desc LIMIT 0,10   [ RunTime:0.0004s ]

[ 2017-03-11T10:22:29+08:00 ] 127.0.0.1 /index.php/Home/Book/library.html
INFO: [ app_init ] --START--
INFO: Run Behavior\BuildLiteBehavior [ RunTime:0.000008s ]
INFO: [ app_init ] --END-- [ RunTime:0.000282s ]
INFO: [ app_begin ] --START--
INFO: Run Behavior\ReadHtmlCacheBehavior [ RunTime:0.000341s ]
INFO: [ app_begin ] --END-- [ RunTime:0.000372s ]
SQL: SHOW COLUMNS FROM `rd_book_categories` [ RunTime:0.0032s ]
SQL: SELECT DISTINCT  b.id,b.book_name,a.author,b.readed_number,b.number_of_words,b.is_hot,`book_banner` FROM rd_book_categories c left join rd_book b on c.book_id = b.id left join rd_author a on a.id = b.author_id  WHERE ( b.book_state = 1 AND c.category_id = 4 ) ORDER BY id desc LIMIT 10,10   [ RunTime:0.0005s ]

[ 2017-03-11T10:43:42+08:00 ] 127.0.0.1 /index.php/Home/Book/library.html
INFO: [ app_init ] --START--
INFO: Run Behavior\BuildLiteBehavior [ RunTime:0.000012s ]
INFO: [ app_init ] --END-- [ RunTime:0.000440s ]
INFO: [ app_begin ] --START--
INFO: Run Behavior\ReadHtmlCacheBehavior [ RunTime:0.000553s ]
INFO: [ app_begin ] --END-- [ RunTime:0.000586s ]
SQL: SHOW COLUMNS FROM `rd_book_categories` [ RunTime:0.0025s ]
SQL: SELECT DISTINCT  b.id,b.book_name,a.author,b.readed_number,b.number_of_words,b.is_hot,`book_banner` FROM rd_book_categories c left join rd_book b on c.book_id = b.id left join rd_author a on a.id = b.author_id  WHERE ( b.book_state = 1 ) ORDER BY id desc LIMIT 20,10   [ RunTime:0.0005s ]

[ 2017-03-11T10:43:47+08:00 ] 127.0.0.1 /index.php/Home/Index/index.html
INFO: [ app_init ] --START--
INFO: Run Behavior\BuildLiteBehavior [ RunTime:0.000009s ]
INFO: [ app_init ] --END-- [ RunTime:0.000271s ]
INFO: [ app_begin ] --START--
INFO: Run Behavior\ReadHtmlCacheBehavior [ RunTime:0.000323s ]
INFO: [ app_begin ] --END-- [ RunTime:0.000355s ]
SQL: SHOW COLUMNS FROM `rd_banner` [ RunTime:0.0036s ]
SQL: SELECT `banner_file`,`book_id` FROM `rd_banner` WHERE `banner_state` = 1  [ RunTime:0.0286s ]
SQL: SHOW COLUMNS FROM `rd_book` [ RunTime:0.0026s ]
SQL: SELECT b.id,b.book_banner,b.is_hot,b.book_name,b.readed_number,b.number_of_words,a.author FROM rd_book b left join rd_author a on a.id = b.author_id  WHERE ( b.is_hot > 0 AND book_state = 1 ) ORDER BY id desc  [ RunTime:0.0003s ]
INFO: [ view_parse ] --START--
INFO: [ template_filter ] --START--
INFO: Run Behavior\ContentReplaceBehavior [ RunTime:0.000041s ]
INFO: [ template_filter ] --END-- [ RunTime:0.000069s ]
INFO: Run Behavior\ParseTemplateBehavior [ RunTime:0.007488s ]
INFO: [ view_parse ] --END-- [ RunTime:0.007520s ]
INFO: [ view_filter ] --START--
INFO: Run Behavior\WriteHtmlCacheBehavior [ RunTime:0.000362s ]
INFO: [ view_filter ] --END-- [ RunTime:0.000388s ]
INFO: [ app_end ] --START--
INFO: Run Behavior\ShowPageTraceBehavior [ RunTime:0.000598s ]
INFO: [ app_end ] --END-- [ RunTime:0.000638s ]

[ 2017-03-11T10:44:01+08:00 ] 127.0.0.1 /index.php/Home/Book/b_search.html
INFO: [ app_init ] --START--
INFO: Run Behavior\BuildLiteBehavior [ RunTime:0.000009s ]
INFO: [ app_init ] --END-- [ RunTime:0.000265s ]
INFO: [ app_begin ] --START--
INFO: Run Behavior\ReadHtmlCacheBehavior [ RunTime:0.000326s ]
INFO: [ app_begin ] --END-- [ RunTime:0.000360s ]
SQL: SHOW COLUMNS FROM `rd_book` [ RunTime:0.0027s ]
SQL: SELECT `id`,`is_hot`,`book_name` FROM `rd_book` WHERE `book_state` = 1 AND `searched` <> 0 ORDER BY searched desc LIMIT 6   [ RunTime:0.0003s ]
INFO: [ view_parse ] --START--
NOTIC: [8] Undefined index: value D:\PROJECT\read\ThinkPHP\Library\Think\Template\TagLib\Cx.class.php  251 .
INFO: [ template_filter ] --START--
INFO: Run Behavior\ContentReplaceBehavior [ RunTime:0.000052s ]
INFO: [ template_filter ] --END-- [ RunTime:0.000091s ]
INFO: Run Behavior\ParseTemplateBehavior [ RunTime:0.046674s ]
INFO: [ view_parse ] --END-- [ RunTime:0.046712s ]
INFO: [ view_filter ] --START--
INFO: Run Behavior\WriteHtmlCacheBehavior [ RunTime:0.000199s ]
INFO: [ view_filter ] --END-- [ RunTime:0.000223s ]
INFO: [ app_end ] --START--
INFO: Run Behavior\ShowPageTraceBehavior [ RunTime:0.000348s ]
INFO: [ app_end ] --END-- [ RunTime:0.000373s ]

[ 2017-03-11T11:20:59+08:00 ] 127.0.0.1 /index.php/Home/Book/b_search.html
INFO: [ app_init ] --START--
INFO: Run Behavior\BuildLiteBehavior [ RunTime:0.000009s ]
INFO: [ app_init ] --END-- [ RunTime:0.000349s ]
INFO: [ app_begin ] --START--
INFO: Run Behavior\ReadHtmlCacheBehavior [ RunTime:0.000569s ]
INFO: [ app_begin ] --END-- [ RunTime:0.000604s ]
SQL: SHOW COLUMNS FROM `rd_book` [ RunTime:0.0027s ]
SQL: SELECT `id`,`is_hot`,`book_name` FROM `rd_book` WHERE `book_state` = 1 AND `searched` <> 0 ORDER BY searched desc LIMIT 6   [ RunTime:0.0002s ]
INFO: [ view_parse ] --START--
NOTIC: [8] Undefined index: value D:\PROJECT\read\ThinkPHP\Library\Think\Template\TagLib\Cx.class.php  251 .
INFO: [ template_filter ] --START--
INFO: Run Behavior\ContentReplaceBehavior [ RunTime:0.000051s ]
INFO: [ template_filter ] --END-- [ RunTime:0.000080s ]
INFO: Run Behavior\ParseTemplateBehavior [ RunTime:0.006560s ]
INFO: [ view_parse ] --END-- [ RunTime:0.006594s ]
INFO: [ view_filter ] --START--
INFO: Run Behavior\WriteHtmlCacheBehavior [ RunTime:0.000378s ]
INFO: [ view_filter ] --END-- [ RunTime:0.000404s ]
INFO: [ app_end ] --START--
INFO: Run Behavior\ShowPageTraceBehavior [ RunTime:0.000454s ]
INFO: [ app_end ] --END-- [ RunTime:0.000481s ]

[ 2017-03-11T11:21:01+08:00 ] 127.0.0.1 /index.php/Home/Book/library.html
INFO: [ app_init ] --START--
INFO: Run Behavior\BuildLiteBehavior [ RunTime:0.000010s ]
INFO: [ app_init ] --END-- [ RunTime:0.000291s ]
INFO: [ app_begin ] --START--
INFO: Run Behavior\ReadHtmlCacheBehavior [ RunTime:0.000328s ]
INFO: [ app_begin ] --END-- [ RunTime:0.000360s ]
SQL: SHOW COLUMNS FROM `rd_category` [ RunTime:0.0038s ]
SQL: SELECT `id`,`category` FROM `rd_category` LIMIT 0,3   [ RunTime:0.0002s ]
INFO: [ view_parse ] --START--
INFO: [ template_filter ] --START--
INFO: Run Behavior\ContentReplaceBehavior [ RunTime:0.000062s ]
INFO: [ template_filter ] --END-- [ RunTime:0.000093s ]
INFO: Run Behavior\ParseTemplateBehavior [ RunTime:0.005386s ]
INFO: [ view_parse ] --END-- [ RunTime:0.005421s ]
INFO: [ view_filter ] --START--
INFO: Run Behavior\WriteHtmlCacheBehavior [ RunTime:0.000198s ]
INFO: [ view_filter ] --END-- [ RunTime:0.000223s ]
INFO: [ app_end ] --START--
INFO: Run Behavior\ShowPageTraceBehavior [ RunTime:0.000327s ]
INFO: [ app_end ] --END-- [ RunTime:0.000355s ]

[ 2017-03-11T11:21:01+08:00 ] 127.0.0.1 /index.php/Home/Book/library.html
INFO: [ app_init ] --START--
INFO: Run Behavior\BuildLiteBehavior [ RunTime:0.000020s ]
INFO: [ app_init ] --END-- [ RunTime:0.000952s ]
INFO: [ app_begin ] --START--
INFO: Run Behavior\ReadHtmlCacheBehavior [ RunTime:0.000616s ]
INFO: [ app_begin ] --END-- [ RunTime:0.000691s ]
SQL: SHOW COLUMNS FROM `rd_book_categories` [ RunTime:0.0056s ]
SQL: SELECT DISTINCT  b.id,b.book_name,a.author,b.readed_number,b.number_of_words,b.is_hot,`book_banner` FROM rd_book_categories c left join rd_book b on c.book_id = b.id left join rd_author a on a.id = b.author_id  WHERE ( b.book_state = 1 ) ORDER BY id desc LIMIT 0,10   [ RunTime:0.0010s ]

[ 2017-03-11T11:21:01+08:00 ] 127.0.0.1 /index.php/Home/Book/library.html
INFO: [ app_init ] --START--
INFO: Run Behavior\BuildLiteBehavior [ RunTime:0.000015s ]
INFO: [ app_init ] --END-- [ RunTime:0.000725s ]
INFO: [ app_begin ] --START--
INFO: Run Behavior\ReadHtmlCacheBehavior [ RunTime:0.000562s ]
INFO: [ app_begin ] --END-- [ RunTime:0.000599s ]
SQL: SHOW COLUMNS FROM `rd_book_categories` [ RunTime:0.0032s ]
SQL: SELECT DISTINCT  b.id,b.book_name,a.author,b.readed_number,b.number_of_words,b.is_hot,`book_banner` FROM rd_book_categories c left join rd_book b on c.book_id = b.id left join rd_author a on a.id = b.author_id  WHERE ( b.book_state = 1 ) ORDER BY id desc LIMIT 10,10   [ RunTime:0.0015s ]

[ 2017-03-11T11:21:03+08:00 ] 127.0.0.1 /index.php/Home/Book/library.html
INFO: [ app_init ] --START--
INFO: Run Behavior\BuildLiteBehavior [ RunTime:0.000009s ]
INFO: [ app_init ] --END-- [ RunTime:0.000273s ]
INFO: [ app_begin ] --START--
INFO: Run Behavior\ReadHtmlCacheBehavior [ RunTime:0.000329s ]
INFO: [ app_begin ] --END-- [ RunTime:0.000360s ]
SQL: SHOW COLUMNS FROM `rd_book_categories` [ RunTime:0.0027s ]
SQL: SELECT DISTINCT  b.id,b.book_name,a.author,b.readed_number,b.number_of_words,b.is_hot,`book_banner` FROM rd_book_categories c left join rd_book b on c.book_id = b.id left join rd_author a on a.id = b.author_id  WHERE ( b.book_state = 1 AND c.category_id = 1 ) ORDER BY id desc LIMIT 0,10   [ RunTime:0.0006s ]

[ 2017-03-11T11:21:04+08:00 ] 127.0.0.1 /index.php/Home/Book/library.html
INFO: [ app_init ] --START--
INFO: Run Behavior\BuildLiteBehavior [ RunTime:0.000009s ]
INFO: [ app_init ] --END-- [ RunTime:0.000275s ]
INFO: [ app_begin ] --START--
INFO: Run Behavior\ReadHtmlCacheBehavior [ RunTime:0.000369s ]
INFO: [ app_begin ] --END-- [ RunTime:0.000400s ]
SQL: SHOW COLUMNS FROM `rd_book_categories` [ RunTime:0.0026s ]
SQL: SELECT DISTINCT  b.id,b.book_name,a.author,b.readed_number,b.number_of_words,b.is_hot,`book_banner` FROM rd_book_categories c left join rd_book b on c.book_id = b.id left join rd_author a on a.id = b.author_id  WHERE ( b.book_state = 1 AND c.category_id = 3 ) ORDER BY id desc LIMIT 0,10   [ RunTime:0.0004s ]

[ 2017-03-11T11:21:05+08:00 ] 127.0.0.1 /index.php/Home/Book/library.html
INFO: [ app_init ] --START--
INFO: Run Behavior\BuildLiteBehavior [ RunTime:0.000007s ]
INFO: [ app_init ] --END-- [ RunTime:0.000288s ]
INFO: [ app_begin ] --START--
INFO: Run Behavior\ReadHtmlCacheBehavior [ RunTime:0.000320s ]
INFO: [ app_begin ] --END-- [ RunTime:0.000351s ]
SQL: SHOW COLUMNS FROM `rd_book_categories` [ RunTime:0.0028s ]
SQL: SELECT DISTINCT  b.id,b.book_name,a.author,b.readed_number,b.number_of_words,b.is_hot,`book_banner` FROM rd_book_categories c left join rd_book b on c.book_id = b.id left join rd_author a on a.id = b.author_id  WHERE ( b.book_state = 1 AND c.category_id = 4 ) ORDER BY id desc LIMIT 0,10   [ RunTime:0.0004s ]

[ 2017-03-11T11:21:08+08:00 ] 127.0.0.1 /index.php/Home/BeautifulWords/beautifulwords.html
INFO: [ app_init ] --START--
INFO: Run Behavior\BuildLiteBehavior [ RunTime:0.000009s ]
INFO: [ app_init ] --END-- [ RunTime:0.000291s ]
INFO: [ app_begin ] --START--
INFO: Run Behavior\ReadHtmlCacheBehavior [ RunTime:0.000321s ]
INFO: [ app_begin ] --END-- [ RunTime:0.000352s ]
SQL: SHOW COLUMNS FROM `rd_beautiful_words` [ RunTime:0.0039s ]
SQL: SELECT * FROM `rd_beautiful_words` ORDER BY id DESC LIMIT 4   [ RunTime:0.0534s ]
INFO: [ view_parse ] --START--
INFO: [ template_filter ] --START--
INFO: Run Behavior\ContentReplaceBehavior [ RunTime:0.000065s ]
INFO: [ template_filter ] --END-- [ RunTime:0.000103s ]
INFO: Run Behavior\ParseTemplateBehavior [ RunTime:0.006884s ]
INFO: [ view_parse ] --END-- [ RunTime:0.006921s ]
INFO: [ view_filter ] --START--
INFO: Run Behavior\WriteHtmlCacheBehavior [ RunTime:0.000348s ]
INFO: [ view_filter ] --END-- [ RunTime:0.000373s ]
INFO: [ app_end ] --START--
INFO: Run Behavior\ShowPageTraceBehavior [ RunTime:0.000483s ]
INFO: [ app_end ] --END-- [ RunTime:0.000510s ]

[ 2017-03-11T11:21:10+08:00 ] 127.0.0.1 /index.php/Home/Book/bookshelf.html
INFO: [ app_init ] --START--
INFO: Run Behavior\BuildLiteBehavior [ RunTime:0.000008s ]
INFO: [ app_init ] --END-- [ RunTime:0.000270s ]
INFO: [ app_begin ] --START--
INFO: Run Behavior\ReadHtmlCacheBehavior [ RunTime:0.000327s ]
INFO: [ app_begin ] --END-- [ RunTime:0.000362s ]
SQL: SHOW COLUMNS FROM `rd_book` [ RunTime:0.0026s ]
SQL: SELECT b.id,b.book_banner,b.book_name,a.author FROM rd_book b left join rd_author a on a.id = b.author_id  WHERE b.id = '17' AND b.book_state = 1 LIMIT 1   [ RunTime:0.0008s ]
SQL: SHOW COLUMNS FROM `rd_bookshelf` [ RunTime:0.0026s ]
SQL: SELECT b.id,b.book_banner,b.is_hot,b.book_name,b.readed_number,b.number_of_words,a.author FROM rd_bookshelf f left join rd_book b on b.id = f.book_id left join rd_author a on a.id = b.author_id  WHERE ( f.user_id = 1 AND b.book_state = 1 ) ORDER BY b.id desc  [ RunTime:0.0238s ]
INFO: [ view_parse ] --START--
INFO: [ template_filter ] --START--
INFO: Run Behavior\ContentReplaceBehavior [ RunTime:0.000051s ]
INFO: [ template_filter ] --END-- [ RunTime:0.000085s ]
INFO: Run Behavior\ParseTemplateBehavior [ RunTime:0.006283s ]
INFO: [ view_parse ] --END-- [ RunTime:0.006316s ]
INFO: [ view_filter ] --START--
INFO: Run Behavior\WriteHtmlCacheBehavior [ RunTime:0.000202s ]
INFO: [ view_filter ] --END-- [ RunTime:0.000228s ]
INFO: [ app_end ] --START--
INFO: Run Behavior\ShowPageTraceBehavior [ RunTime:0.000324s ]
INFO: [ app_end ] --END-- [ RunTime:0.000352s ]

[ 2017-03-11T11:21:11+08:00 ] 127.0.0.1 /index.php/Home/User/me.html
INFO: [ app_init ] --START--
INFO: Run Behavior\BuildLiteBehavior [ RunTime:0.000009s ]
INFO: [ app_init ] --END-- [ RunTime:0.000265s ]
INFO: [ app_begin ] --START--
INFO: Run Behavior\ReadHtmlCacheBehavior [ RunTime:0.000320s ]
INFO: [ app_begin ] --END-- [ RunTime:0.000351s ]
INFO: [ view_parse ] --START--
INFO: [ template_filter ] --START--
INFO: Run Behavior\ContentReplaceBehavior [ RunTime:0.000037s ]
INFO: [ template_filter ] --END-- [ RunTime:0.000066s ]
INFO: Run Behavior\ParseTemplateBehavior [ RunTime:0.004001s ]
INFO: [ view_parse ] --END-- [ RunTime:0.004032s ]
INFO: [ view_filter ] --START--
INFO: Run Behavior\WriteHtmlCacheBehavior [ RunTime:0.000184s ]
INFO: [ view_filter ] --END-- [ RunTime:0.000207s ]
INFO: [ app_end ] --START--
INFO: Run Behavior\ShowPageTraceBehavior [ RunTime:0.000374s ]
INFO: [ app_end ] --END-- [ RunTime:0.000398s ]

[ 2017-03-11T11:21:13+08:00 ] 127.0.0.1 /index.php/Home/Book/library.html
INFO: [ app_init ] --START--
INFO: Run Behavior\BuildLiteBehavior [ RunTime:0.000008s ]
INFO: [ app_init ] --END-- [ RunTime:0.000276s ]
INFO: [ app_begin ] --START--
INFO: Run Behavior\ReadHtmlCacheBehavior [ RunTime:0.000331s ]
INFO: [ app_begin ] --END-- [ RunTime:0.000363s ]
SQL: SHOW COLUMNS FROM `rd_category` [ RunTime:0.0039s ]
SQL: SELECT `id`,`category` FROM `rd_category` LIMIT 0,3   [ RunTime:0.0002s ]
INFO: [ view_parse ] --START--
INFO: [ template_filter ] --START--
INFO: Run Behavior\ContentReplaceBehavior [ RunTime:0.000063s ]
INFO: [ template_filter ] --END-- [ RunTime:0.000092s ]
INFO: Run Behavior\ParseTemplateBehavior [ RunTime:0.005447s ]
INFO: [ view_parse ] --END-- [ RunTime:0.005481s ]
INFO: [ view_filter ] --START--
INFO: Run Behavior\WriteHtmlCacheBehavior [ RunTime:0.000198s ]
INFO: [ view_filter ] --END-- [ RunTime:0.000223s ]
INFO: [ app_end ] --START--
INFO: Run Behavior\ShowPageTraceBehavior [ RunTime:0.000334s ]
INFO: [ app_end ] --END-- [ RunTime:0.000361s ]

[ 2017-03-11T11:21:13+08:00 ] 127.0.0.1 /index.php/Home/Book/library.html
INFO: [ app_init ] --START--
INFO: Run Behavior\BuildLiteBehavior [ RunTime:0.000016s ]
INFO: [ app_init ] --END-- [ RunTime:0.000671s ]
INFO: [ app_begin ] --START--
INFO: Run Behavior\ReadHtmlCacheBehavior [ RunTime:0.000550s ]
INFO: [ app_begin ] --END-- [ RunTime:0.000617s ]
SQL: SHOW COLUMNS FROM `rd_book_categories` [ RunTime:0.0027s ]
SQL: SELECT DISTINCT  b.id,b.book_name,a.author,b.readed_number,b.number_of_words,b.is_hot,`book_banner` FROM rd_book_categories c left join rd_book b on c.book_id = b.id left join rd_author a on a.id = b.author_id  WHERE ( b.book_state = 1 ) ORDER BY id desc LIMIT 0,10   [ RunTime:0.0008s ]

[ 2017-03-11T11:21:13+08:00 ] 127.0.0.1 /index.php/Home/Book/library.html
INFO: [ app_init ] --START--
INFO: Run Behavior\BuildLiteBehavior [ RunTime:0.000011s ]
INFO: [ app_init ] --END-- [ RunTime:0.000430s ]
INFO: [ app_begin ] --START--
INFO: Run Behavior\ReadHtmlCacheBehavior [ RunTime:0.001340s ]
INFO: [ app_begin ] --END-- [ RunTime:0.001485s ]
SQL: SHOW COLUMNS FROM `rd_book_categories` [ RunTime:0.0215s ]
SQL: SELECT DISTINCT  b.id,b.book_name,a.author,b.readed_number,b.number_of_words,b.is_hot,`book_banner` FROM rd_book_categories c left join rd_book b on c.book_id = b.id left join rd_author a on a.id = b.author_id  WHERE ( b.book_state = 1 ) ORDER BY id desc LIMIT 10,10   [ RunTime:0.0006s ]

[ 2017-03-11T11:21:16+08:00 ] 127.0.0.1 /index.php/Home/Book/b_detail?b_id=21
INFO: [ app_init ] --START--
INFO: Run Behavior\BuildLiteBehavior [ RunTime:0.000008s ]
INFO: [ app_init ] --END-- [ RunTime:0.000266s ]
INFO: [ app_begin ] --START--
INFO: Run Behavior\ReadHtmlCacheBehavior [ RunTime:0.000321s ]
INFO: [ app_begin ] --END-- [ RunTime:0.000354s ]
SQL: SHOW COLUMNS FROM `rd_book` [ RunTime:0.0036s ]
SQL: SELECT b.id,b.book_cover,b.book_name,a.author,b.shelves_time,b.number_of_words,b.book_synopsis,a.author_synopsis FROM rd_book b left join rd_author a on a.id = b.author_id  WHERE b.id = '21' AND b.book_state = 1 LIMIT 1   [ RunTime:0.0002s ]
SQL: SHOW COLUMNS FROM `rd_category` [ RunTime:0.0020s ]
SQL: SELECT c.category FROM rd_category c right join rd_book_categories b on c.id = b.category_id  WHERE b.book_id = '21'  [ RunTime:0.0002s ]
SQL: SHOW COLUMNS FROM `rd_bookshelf` [ RunTime:0.0018s ]
SQL: SELECT `id` FROM `rd_bookshelf` WHERE `user_id` = 1 AND `book_id` = 21 LIMIT 1   [ RunTime:0.0001s ]
INFO: [ view_parse ] --START--
INFO: [ template_filter ] --START--
INFO: Run Behavior\ContentReplaceBehavior [ RunTime:0.000048s ]
INFO: [ template_filter ] --END-- [ RunTime:0.000079s ]
INFO: Run Behavior\ParseTemplateBehavior [ RunTime:0.006619s ]
INFO: [ view_parse ] --END-- [ RunTime:0.006653s ]
INFO: [ view_filter ] --START--
INFO: Run Behavior\WriteHtmlCacheBehavior [ RunTime:0.000343s ]
INFO: [ view_filter ] --END-- [ RunTime:0.000369s ]
INFO: [ app_end ] --START--
INFO: Run Behavior\ShowPageTraceBehavior [ RunTime:0.000468s ]
INFO: [ app_end ] --END-- [ RunTime:0.000496s ]

[ 2017-03-11T11:42:59+08:00 ] 127.0.0.1 /index.php/Home/Book/catalogue/b_id/21.html
INFO: [ app_init ] --START--
INFO: Run Behavior\BuildLiteBehavior [ RunTime:0.000011s ]
INFO: [ app_init ] --END-- [ RunTime:0.000683s ]
INFO: [ app_begin ] --START--
INFO: Run Behavior\ReadHtmlCacheBehavior [ RunTime:0.000559s ]
INFO: [ app_begin ] --END-- [ RunTime:0.000595s ]
SQL: SHOW COLUMNS FROM `rd_book` [ RunTime:0.0024s ]
SQL: SELECT `book_name` FROM `rd_book` WHERE `id` = 21 LIMIT 1   [ RunTime:0.0002s ]
INFO: [ view_parse ] --START--
INFO: [ template_filter ] --START--
INFO: Run Behavior\ContentReplaceBehavior [ RunTime:0.000038s ]
INFO: [ template_filter ] --END-- [ RunTime:0.000068s ]
INFO: Run Behavior\ParseTemplateBehavior [ RunTime:0.005119s ]
INFO: [ view_parse ] --END-- [ RunTime:0.005152s ]
INFO: [ view_filter ] --START--
INFO: Run Behavior\WriteHtmlCacheBehavior [ RunTime:0.000344s ]
INFO: [ view_filter ] --END-- [ RunTime:0.000369s ]
INFO: [ app_end ] --START--
INFO: Run Behavior\ShowPageTraceBehavior [ RunTime:0.000476s ]
INFO: [ app_end ] --END-- [ RunTime:0.000503s ]

[ 2017-03-11T11:43:01+08:00 ] 127.0.0.1 /index.php/Home/Book/catalogue/b_id/21.html
INFO: [ app_init ] --START--
INFO: Run Behavior\BuildLiteBehavior [ RunTime:0.000020s ]
INFO: [ app_init ] --END-- [ RunTime:0.000441s ]
INFO: [ app_begin ] --START--
INFO: Run Behavior\ReadHtmlCacheBehavior [ RunTime:0.000468s ]
INFO: [ app_begin ] --END-- [ RunTime:0.000528s ]
SQL: SHOW COLUMNS FROM `rd_chapter` [ RunTime:0.0023s ]
SQL: SELECT `chapter`,`chapter_sort` FROM `rd_chapter` WHERE `book_id` = 21 ORDER BY chapter_sort asc LIMIT 0,10   [ RunTime:1.7988s ]

[ 2017-03-11T11:43:01+08:00 ] 127.0.0.1 /index.php/Home/Book/catalogue/b_id/21.html
INFO: [ app_init ] --START--
INFO: Run Behavior\BuildLiteBehavior [ RunTime:0.000016s ]
INFO: [ app_init ] --END-- [ RunTime:0.000533s ]
INFO: [ app_begin ] --START--
INFO: Run Behavior\ReadHtmlCacheBehavior [ RunTime:0.000654s ]
INFO: [ app_begin ] --END-- [ RunTime:0.000714s ]
SQL: SHOW COLUMNS FROM `rd_chapter` [ RunTime:0.0962s ]
SQL: SELECT `chapter`,`chapter_sort` FROM `rd_chapter` WHERE `book_id` = 21 ORDER BY chapter_sort asc LIMIT 10,10   [ RunTime:0.0009s ]

[ 2017-03-11T11:43:05+08:00 ] 127.0.0.1 /index.php/Home/Book/catalogue/b_id/21.html
INFO: [ app_init ] --START--
INFO: Run Behavior\BuildLiteBehavior [ RunTime:0.000009s ]
INFO: [ app_init ] --END-- [ RunTime:0.000276s ]
INFO: [ app_begin ] --START--
INFO: Run Behavior\ReadHtmlCacheBehavior [ RunTime:0.000334s ]
INFO: [ app_begin ] --END-- [ RunTime:0.000367s ]
SQL: SHOW COLUMNS FROM `rd_chapter` [ RunTime:0.0024s ]
SQL: SELECT `chapter`,`chapter_sort` FROM `rd_chapter` WHERE `book_id` = 21 ORDER BY chapter_sort asc LIMIT 20,10   [ RunTime:1.4880s ]

[ 2017-03-11T11:43:09+08:00 ] 127.0.0.1 /index.php/Home/Book/catalogue/b_id/21.html
INFO: [ app_init ] --START--
INFO: Run Behavior\BuildLiteBehavior [ RunTime:0.000009s ]
INFO: [ app_init ] --END-- [ RunTime:0.000276s ]
INFO: [ app_begin ] --START--
INFO: Run Behavior\ReadHtmlCacheBehavior [ RunTime:0.000336s ]
INFO: [ app_begin ] --END-- [ RunTime:0.000372s ]
SQL: SHOW COLUMNS FROM `rd_chapter` [ RunTime:0.0026s ]
SQL: SELECT `chapter`,`chapter_sort` FROM `rd_chapter` WHERE `book_id` = 21 ORDER BY chapter_sort asc LIMIT 30,10   [ RunTime:2.9715s ]

[ 2017-03-11T11:53:41+08:00 ] 127.0.0.1 /index.php/Home/Book/b_read?b_id=21&chapter=1
INFO: [ app_init ] --START--
INFO: Run Behavior\BuildLiteBehavior [ RunTime:0.000008s ]
INFO: [ app_init ] --END-- [ RunTime:0.000355s ]
INFO: [ app_begin ] --START--
INFO: Run Behavior\ReadHtmlCacheBehavior [ RunTime:0.000536s ]
INFO: [ app_begin ] --END-- [ RunTime:0.000570s ]
SQL: SHOW COLUMNS FROM `rd_chapter` [ RunTime:0.0032s ]
SQL: SELECT `chapter_sort` FROM `rd_chapter` WHERE `book_id` = 21 ORDER BY chapter_sort desc LIMIT 1   [ RunTime:0.3906s ]
SQL: SHOW COLUMNS FROM `rd_book` [ RunTime:0.0025s ]
SQL: SELECT `book_name` FROM `rd_book` WHERE `id` = 21 LIMIT 1   [ RunTime:0.0472s ]
SQL: SELECT `chapter`,`chapter_content`,`chapter_sort` FROM `rd_chapter` WHERE `book_id` = 21 AND `chapter_sort` = 1 LIMIT 1   [ RunTime:0.0665s ]
SQL: SELECT `chapter` FROM `rd_chapter` WHERE `book_id` = 21 AND `chapter_sort` = 2 LIMIT 1   [ RunTime:0.0011s ]
SQL: SHOW COLUMNS FROM `rd_bookshelf` [ RunTime:0.0024s ]
SQL: SELECT `id` FROM `rd_bookshelf` WHERE `user_id` = 1 AND `book_id` = 21 LIMIT 1   [ RunTime:0.0386s ]
INFO: [ view_parse ] --START--
INFO: [ template_filter ] --START--
INFO: Run Behavior\ContentReplaceBehavior [ RunTime:0.000058s ]
INFO: [ template_filter ] --END-- [ RunTime:0.000096s ]
INFO: Run Behavior\ParseTemplateBehavior [ RunTime:0.042954s ]
INFO: [ view_parse ] --END-- [ RunTime:0.043049s ]
INFO: [ view_filter ] --START--
INFO: Run Behavior\WriteHtmlCacheBehavior [ RunTime:0.000366s ]
INFO: [ view_filter ] --END-- [ RunTime:0.000393s ]
INFO: [ app_end ] --START--
INFO: Run Behavior\ShowPageTraceBehavior [ RunTime:0.000642s ]
INFO: [ app_end ] --END-- [ RunTime:0.000671s ]

[ 2017-03-11T11:53:49+08:00 ] 127.0.0.1 /index.php/Home/Book/catalogue/b_id/21.html
INFO: [ app_init ] --START--
INFO: Run Behavior\BuildLiteBehavior [ RunTime:0.000008s ]
INFO: [ app_init ] --END-- [ RunTime:0.000326s ]
INFO: [ app_begin ] --START--
INFO: Run Behavior\ReadHtmlCacheBehavior [ RunTime:0.000534s ]
INFO: [ app_begin ] --END-- [ RunTime:0.000569s ]
SQL: SHOW COLUMNS FROM `rd_book` [ RunTime:0.0030s ]
SQL: SELECT `book_name` FROM `rd_book` WHERE `id` = 21 LIMIT 1   [ RunTime:0.0002s ]
INFO: [ view_parse ] --START--
INFO: [ template_filter ] --START--
INFO: Run Behavior\ContentReplaceBehavior [ RunTime:0.000037s ]
INFO: [ template_filter ] --END-- [ RunTime:0.000066s ]
INFO: Run Behavior\ParseTemplateBehavior [ RunTime:0.005130s ]
INFO: [ view_parse ] --END-- [ RunTime:0.005164s ]
INFO: [ view_filter ] --START--
INFO: Run Behavior\WriteHtmlCacheBehavior [ RunTime:0.000351s ]
INFO: [ view_filter ] --END-- [ RunTime:0.000376s ]
INFO: [ app_end ] --START--
INFO: Run Behavior\ShowPageTraceBehavior [ RunTime:0.000459s ]
INFO: [ app_end ] --END-- [ RunTime:0.000485s ]

[ 2017-03-11T11:53:50+08:00 ] 127.0.0.1 /index.php/Home/Book/catalogue/b_id/21.html
INFO: [ app_init ] --START--
INFO: Run Behavior\BuildLiteBehavior [ RunTime:0.000009s ]
INFO: [ app_init ] --END-- [ RunTime:0.000280s ]
INFO: [ app_begin ] --START--
INFO: Run Behavior\ReadHtmlCacheBehavior [ RunTime:0.000340s ]
INFO: [ app_begin ] --END-- [ RunTime:0.000373s ]
SQL: SHOW COLUMNS FROM `rd_chapter` [ RunTime:0.0037s ]
SQL: SELECT `chapter`,`chapter_sort` FROM `rd_chapter` WHERE `book_id` = 21 ORDER BY chapter_sort asc LIMIT 0,10   [ RunTime:1.3790s ]

[ 2017-03-11T11:53:52+08:00 ] 127.0.0.1 /index.php/Home/Book/catalogue/b_id/21.html
INFO: [ app_init ] --START--
INFO: Run Behavior\BuildLiteBehavior [ RunTime:0.000012s ]
INFO: [ app_init ] --END-- [ RunTime:0.000561s ]
INFO: [ app_begin ] --START--
INFO: Run Behavior\ReadHtmlCacheBehavior [ RunTime:0.001049s ]
INFO: [ app_begin ] --END-- [ RunTime:0.001127s ]
SQL: SHOW COLUMNS FROM `rd_chapter` [ RunTime:0.0026s ]
SQL: SELECT `chapter`,`chapter_sort` FROM `rd_chapter` WHERE `book_id` = 21 ORDER BY chapter_sort asc LIMIT 10,10   [ RunTime:1.4982s ]

[ 2017-03-11T15:09:56+08:00 ] 127.0.0.1 /index.php/Home/Book/b_detail?b_id=21
INFO: [ app_init ] --START--
INFO: Run Behavior\BuildLiteBehavior [ RunTime:0.000009s ]
INFO: [ app_init ] --END-- [ RunTime:0.000349s ]
INFO: [ app_begin ] --START--
INFO: Run Behavior\ReadHtmlCacheBehavior [ RunTime:0.000575s ]
INFO: [ app_begin ] --END-- [ RunTime:0.000624s ]
SQL: SHOW COLUMNS FROM `rd_book` [ RunTime:0.0432s ]
SQL: SELECT b.id,b.book_cover,b.book_name,a.author,b.shelves_time,b.number_of_words,b.book_synopsis,a.author_synopsis FROM rd_book b left join rd_author a on a.id = b.author_id  WHERE b.id = '21' AND b.book_state = 1 LIMIT 1   [ RunTime:0.0857s ]
SQL: SHOW COLUMNS FROM `rd_category` [ RunTime:0.0025s ]
SQL: SELECT c.category FROM rd_category c right join rd_book_categories b on c.id = b.category_id  WHERE b.book_id = '21'  [ RunTime:0.2813s ]
SQL: SHOW COLUMNS FROM `rd_bookshelf` [ RunTime:0.0747s ]
SQL: SELECT `id` FROM `rd_bookshelf` WHERE `user_id` = 1 AND `book_id` = 21 LIMIT 1   [ RunTime:0.0243s ]
INFO: [ view_parse ] --START--
INFO: [ template_filter ] --START--
INFO: Run Behavior\ContentReplaceBehavior [ RunTime:0.000052s ]
INFO: [ template_filter ] --END-- [ RunTime:0.000094s ]
INFO: Run Behavior\ParseTemplateBehavior [ RunTime:0.101317s ]
INFO: [ view_parse ] --END-- [ RunTime:0.101373s ]
INFO: [ view_filter ] --START--
INFO: Run Behavior\WriteHtmlCacheBehavior [ RunTime:0.000372s ]
INFO: [ view_filter ] --END-- [ RunTime:0.000398s ]
INFO: [ app_end ] --START--
INFO: Run Behavior\ShowPageTraceBehavior [ RunTime:0.000467s ]
INFO: [ app_end ] --END-- [ RunTime:0.000493s ]

