[ 2017-03-08T14:10:17+08:00 ] 127.0.0.1 /admin.php/Home/Index/index.html
INFO: [ app_init ] --START--
INFO: Run Behavior\BuildLiteBehavior [ RunTime:0.000008s ]
INFO: [ app_init ] --END-- [ RunTime:0.000375s ]
INFO: [ app_begin ] --START--
INFO: Run Behavior\ReadHtmlCacheBehavior [ RunTime:0.000785s ]
INFO: [ app_begin ] --END-- [ RunTime:0.000818s ]
INFO: [ view_parse ] --START--
INFO: [ template_filter ] --START--
INFO: Run Behavior\ContentReplaceBehavior [ RunTime:0.000134s ]
INFO: [ template_filter ] --END-- [ RunTime:0.000172s ]
INFO: Run Behavior\ParseTemplateBehavior [ RunTime:0.013713s ]
INFO: [ view_parse ] --END-- [ RunTime:0.013754s ]
INFO: [ view_filter ] --START--
INFO: Run Behavior\WriteHtmlCacheBehavior [ RunTime:0.000691s ]
INFO: [ view_filter ] --END-- [ RunTime:0.000717s ]
INFO: [ app_end ] --START--
INFO: Run Behavior\ShowPageTraceBehavior [ RunTime:0.001316s ]
INFO: [ app_end ] --END-- [ RunTime:0.001375s ]

[ 2017-03-08T14:10:18+08:00 ] 127.0.0.1 /admin.php/Home/Index/right.html
INFO: [ app_init ] --START--
INFO: Run Behavior\BuildLiteBehavior [ RunTime:0.000025s ]
INFO: [ app_init ] --END-- [ RunTime:0.000426s ]
INFO: [ app_begin ] --START--
INFO: Run Behavior\ReadHtmlCacheBehavior [ RunTime:0.000620s ]
INFO: [ app_begin ] --END-- [ RunTime:0.000666s ]
INFO: [ view_parse ] --START--
INFO: [ template_filter ] --START--
INFO: Run Behavior\ContentReplaceBehavior [ RunTime:0.000028s ]
INFO: [ template_filter ] --END-- [ RunTime:0.000062s ]
INFO: Run Behavior\ParseTemplateBehavior [ RunTime:0.004674s ]
INFO: [ view_parse ] --END-- [ RunTime:0.004709s ]
INFO: [ view_filter ] --START--
INFO: Run Behavior\WriteHtmlCacheBehavior [ RunTime:0.000338s ]
INFO: [ view_filter ] --END-- [ RunTime:0.000365s ]
INFO: [ app_end ] --START--
INFO: Run Behavior\ShowPageTraceBehavior [ RunTime:0.000471s ]
INFO: [ app_end ] --END-- [ RunTime:0.000499s ]

[ 2017-03-08T14:36:03+08:00 ] 127.0.0.1 /admin.php/Home/Index/index.html
INFO: [ app_init ] --START--
INFO: Run Behavior\BuildLiteBehavior [ RunTime:0.000010s ]
INFO: [ app_init ] --END-- [ RunTime:0.000387s ]
INFO: [ app_begin ] --START--
INFO: Run Behavior\ReadHtmlCacheBehavior [ RunTime:0.000551s ]
INFO: [ app_begin ] --END-- [ RunTime:0.000589s ]
INFO: [ view_parse ] --START--
INFO: [ template_filter ] --START--
INFO: Run Behavior\ContentReplaceBehavior [ RunTime:0.000183s ]
INFO: [ template_filter ] --END-- [ RunTime:0.000233s ]
INFO: Run Behavior\ParseTemplateBehavior [ RunTime:0.011555s ]
INFO: [ view_parse ] --END-- [ RunTime:0.011591s ]
INFO: [ view_filter ] --START--
INFO: Run Behavior\WriteHtmlCacheBehavior [ RunTime:0.000352s ]
INFO: [ view_filter ] --END-- [ RunTime:0.000378s ]
INFO: [ app_end ] --START--
INFO: Run Behavior\ShowPageTraceBehavior [ RunTime:0.000585s ]
INFO: [ app_end ] --END-- [ RunTime:0.000627s ]

[ 2017-03-08T14:36:03+08:00 ] 127.0.0.1 /admin.php/Home/Index/right.html
INFO: [ app_init ] --START--
INFO: Run Behavior\BuildLiteBehavior [ RunTime:0.000010s ]
INFO: [ app_init ] --END-- [ RunTime:0.000281s ]
INFO: [ app_begin ] --START--
INFO: Run Behavior\ReadHtmlCacheBehavior [ RunTime:0.000350s ]
INFO: [ app_begin ] --END-- [ RunTime:0.000385s ]
INFO: [ view_parse ] --START--
INFO: [ template_filter ] --START--
INFO: Run Behavior\ContentReplaceBehavior [ RunTime:0.000029s ]
INFO: [ template_filter ] --END-- [ RunTime:0.000068s ]
INFO: Run Behavior\ParseTemplateBehavior [ RunTime:0.004029s ]
INFO: [ view_parse ] --END-- [ RunTime:0.004065s ]
INFO: [ view_filter ] --START--
INFO: Run Behavior\WriteHtmlCacheBehavior [ RunTime:0.000195s ]
INFO: [ view_filter ] --END-- [ RunTime:0.000219s ]
INFO: [ app_end ] --START--
INFO: Run Behavior\ShowPageTraceBehavior [ RunTime:0.000333s ]
INFO: [ app_end ] --END-- [ RunTime:0.000362s ]

[ 2017-03-08T14:36:07+08:00 ] 127.0.0.1 /admin.php/Home/Beautifulwords/w_add.html
INFO: [ app_init ] --START--
INFO: Run Behavior\BuildLiteBehavior [ RunTime:0.000009s ]
INFO: [ app_init ] --END-- [ RunTime:0.000276s ]
INFO: [ app_begin ] --START--
INFO: Run Behavior\ReadHtmlCacheBehavior [ RunTime:0.000320s ]
INFO: [ app_begin ] --END-- [ RunTime:0.000353s ]
INFO: [ view_parse ] --START--
INFO: [ template_filter ] --START--
INFO: Run Behavior\ContentReplaceBehavior [ RunTime:0.000042s ]
INFO: [ template_filter ] --END-- [ RunTime:0.000077s ]
INFO: Run Behavior\ParseTemplateBehavior [ RunTime:0.021797s ]
INFO: [ view_parse ] --END-- [ RunTime:0.021863s ]
INFO: [ view_filter ] --START--
INFO: Run Behavior\WriteHtmlCacheBehavior [ RunTime:0.000214s ]
INFO: [ view_filter ] --END-- [ RunTime:0.000241s ]
INFO: [ app_end ] --START--
INFO: Run Behavior\ShowPageTraceBehavior [ RunTime:0.000350s ]
INFO: [ app_end ] --END-- [ RunTime:0.000379s ]

[ 2017-03-08T15:28:43+08:00 ] 127.0.0.1 /admin.php/Home/Book/b_list.html
INFO: [ app_init ] --START--
INFO: Run Behavior\BuildLiteBehavior [ RunTime:0.000012s ]
INFO: [ app_init ] --END-- [ RunTime:0.000469s ]
INFO: [ app_begin ] --START--
INFO: Run Behavior\ReadHtmlCacheBehavior [ RunTime:0.000626s ]
INFO: [ app_begin ] --END-- [ RunTime:0.000679s ]
SQL: SHOW COLUMNS FROM `rd_book` [ RunTime:0.0024s ]
SQL: SELECT `id`,`book_name`,`number_of_words`,`is_hot`,`book_state` FROM `rd_book` ORDER BY id desc  [ RunTime:0.0003s ]
INFO: [ view_parse ] --START--
INFO: [ template_filter ] --START--
INFO: Run Behavior\ContentReplaceBehavior [ RunTime:0.000061s ]
INFO: [ template_filter ] --END-- [ RunTime:0.000123s ]
INFO: Run Behavior\ParseTemplateBehavior [ RunTime:0.024768s ]
INFO: [ view_parse ] --END-- [ RunTime:0.024824s ]
INFO: [ view_filter ] --START--
INFO: Run Behavior\WriteHtmlCacheBehavior [ RunTime:0.000388s ]
INFO: [ view_filter ] --END-- [ RunTime:0.000417s ]
INFO: [ app_end ] --START--
INFO: Run Behavior\ShowPageTraceBehavior [ RunTime:0.000500s ]
INFO: [ app_end ] --END-- [ RunTime:0.000534s ]

[ 2017-03-08T15:28:44+08:00 ] 127.0.0.1 /admin.php/Home/Book/b_update?id=21
INFO: [ app_init ] --START--
INFO: Run Behavior\BuildLiteBehavior [ RunTime:0.000009s ]
INFO: [ app_init ] --END-- [ RunTime:0.000275s ]
INFO: [ app_begin ] --START--
INFO: Run Behavior\ReadHtmlCacheBehavior [ RunTime:0.000318s ]
INFO: [ app_begin ] --END-- [ RunTime:0.000350s ]
SQL: SHOW COLUMNS FROM `rd_category` [ RunTime:0.0034s ]
SQL: SELECT `id`,`category` FROM `rd_category`  [ RunTime:0.0002s ]
SQL: SHOW COLUMNS FROM `rd_author` [ RunTime:0.0024s ]
SQL: SELECT `id`,`author` FROM `rd_author`  [ RunTime:0.0283s ]
SQL: SHOW COLUMNS FROM `rd_book` [ RunTime:0.0028s ]
SQL: SELECT `book_name`,`author_id`,`book_synopsis`,`book_cover`,`book_banner`,`is_hot`,`number_of_words` FROM `rd_book` WHERE `id` = 21 LIMIT 1   [ RunTime:0.0002s ]
SQL: SHOW COLUMNS FROM `rd_book_categories` [ RunTime:0.0020s ]
SQL: SELECT `category_id` FROM `rd_book_categories` WHERE `book_id` = 21  [ RunTime:0.0002s ]
INFO: [ view_parse ] --START--
INFO: [ template_filter ] --START--
INFO: Run Behavior\ContentReplaceBehavior [ RunTime:0.000122s ]
INFO: [ template_filter ] --END-- [ RunTime:0.000276s ]
INFO: Run Behavior\ParseTemplateBehavior [ RunTime:0.039457s ]
INFO: [ view_parse ] --END-- [ RunTime:0.039501s ]
INFO: [ view_filter ] --START--
INFO: Run Behavior\WriteHtmlCacheBehavior [ RunTime:0.000209s ]
INFO: [ view_filter ] --END-- [ RunTime:0.000234s ]
INFO: [ app_end ] --START--
INFO: Run Behavior\ShowPageTraceBehavior [ RunTime:0.000347s ]
INFO: [ app_end ] --END-- [ RunTime:0.000380s ]

[ 2017-03-08T15:28:54+08:00 ] 127.0.0.1 /admin.php/Home/Book/b_update?id=21?rand=762
INFO: [ app_init ] --START--
INFO: Run Behavior\BuildLiteBehavior [ RunTime:0.000008s ]
INFO: [ app_init ] --END-- [ RunTime:0.000316s ]
INFO: [ app_begin ] --START--
INFO: Run Behavior\ReadHtmlCacheBehavior [ RunTime:0.000500s ]
INFO: [ app_begin ] --END-- [ RunTime:0.000548s ]
SQL: SHOW COLUMNS FROM `rd_book` [ RunTime:0.0028s ]
SQL: UPDATE `rd_book` SET `book_name`='最新一本',`author_id`='8',`book_synopsis`='阿凡地方',`is_hot`='2',`number_of_words`='123' WHERE `id` = 21 [ RunTime:0.0497s ]
SQL: SHOW COLUMNS FROM `rd_book_categories` [ RunTime:0.0034s ]
SQL: DELETE FROM `rd_book_categories` WHERE `book_id` = 21 [ RunTime:0.0002s ]
SQL: INSERT INTO `rd_book_categories` (`book_id`,`category_id`) VALUES ('21','1') [ RunTime:0.0174s ]
SQL: INSERT INTO `rd_book_categories` (`book_id`,`category_id`) VALUES ('21','3') [ RunTime:0.0002s ]
SQL: INSERT INTO `rd_book_categories` (`book_id`,`category_id`) VALUES ('21','4') [ RunTime:0.0001s ]
NOTIC: [2] unlink(D:\PROJECT\read): Permission denied D:\PROJECT\read\Admin\Home\Controller\BookController.class.php 第 172 行.
NOTIC: [2] unlink(D:\PROJECT\read): Permission denied D:\PROJECT\read\Admin\Home\Controller\BookController.class.php 第 173 行.

[ 2017-03-08T15:28:54+08:00 ] 127.0.0.1 /admin.php/Home/Book/b_list.html
INFO: [ app_init ] --START--
INFO: Run Behavior\BuildLiteBehavior [ RunTime:0.000010s ]
INFO: [ app_init ] --END-- [ RunTime:0.000283s ]
INFO: [ app_begin ] --START--
INFO: Run Behavior\ReadHtmlCacheBehavior [ RunTime:0.000332s ]
INFO: [ app_begin ] --END-- [ RunTime:0.000366s ]
SQL: SHOW COLUMNS FROM `rd_book` [ RunTime:0.0027s ]
SQL: SELECT `id`,`book_name`,`number_of_words`,`is_hot`,`book_state` FROM `rd_book` ORDER BY id desc  [ RunTime:0.0003s ]
INFO: [ view_parse ] --START--
INFO: [ template_filter ] --START--
INFO: Run Behavior\ContentReplaceBehavior [ RunTime:0.000065s ]
INFO: [ template_filter ] --END-- [ RunTime:0.000111s ]
INFO: Run Behavior\ParseTemplateBehavior [ RunTime:0.048606s ]
INFO: [ view_parse ] --END-- [ RunTime:0.048693s ]
INFO: [ view_filter ] --START--
INFO: Run Behavior\WriteHtmlCacheBehavior [ RunTime:0.000402s ]
INFO: [ view_filter ] --END-- [ RunTime:0.000432s ]
INFO: [ app_end ] --START--
INFO: Run Behavior\ShowPageTraceBehavior [ RunTime:0.000531s ]
INFO: [ app_end ] --END-- [ RunTime:0.000567s ]

[ 2017-03-08T15:28:56+08:00 ] 127.0.0.1 /admin.php/Home/Book/b_update?id=20
INFO: [ app_init ] --START--
INFO: Run Behavior\BuildLiteBehavior [ RunTime:0.000028s ]
INFO: [ app_init ] --END-- [ RunTime:0.000320s ]
INFO: [ app_begin ] --START--
INFO: Run Behavior\ReadHtmlCacheBehavior [ RunTime:0.000353s ]
INFO: [ app_begin ] --END-- [ RunTime:0.000385s ]
SQL: SHOW COLUMNS FROM `rd_category` [ RunTime:0.0279s ]
SQL: SELECT `id`,`category` FROM `rd_category`  [ RunTime:0.0002s ]
SQL: SHOW COLUMNS FROM `rd_author` [ RunTime:0.0136s ]
SQL: SELECT `id`,`author` FROM `rd_author`  [ RunTime:0.0002s ]
SQL: SHOW COLUMNS FROM `rd_book` [ RunTime:0.0338s ]
SQL: SELECT `book_name`,`author_id`,`book_synopsis`,`book_cover`,`book_banner`,`is_hot`,`number_of_words` FROM `rd_book` WHERE `id` = 20 LIMIT 1   [ RunTime:0.0002s ]
SQL: SHOW COLUMNS FROM `rd_book_categories` [ RunTime:0.0422s ]
SQL: SELECT `category_id` FROM `rd_book_categories` WHERE `book_id` = 20  [ RunTime:0.0002s ]
INFO: [ view_parse ] --START--
INFO: [ template_filter ] --START--
INFO: Run Behavior\ContentReplaceBehavior [ RunTime:0.000080s ]
INFO: [ template_filter ] --END-- [ RunTime:0.000113s ]
INFO: Run Behavior\ParseTemplateBehavior [ RunTime:0.007130s ]
INFO: [ view_parse ] --END-- [ RunTime:0.007168s ]
INFO: [ view_filter ] --START--
INFO: Run Behavior\WriteHtmlCacheBehavior [ RunTime:0.000199s ]
INFO: [ view_filter ] --END-- [ RunTime:0.000224s ]
INFO: [ app_end ] --START--
INFO: Run Behavior\ShowPageTraceBehavior [ RunTime:0.000337s ]
INFO: [ app_end ] --END-- [ RunTime:0.000366s ]

[ 2017-03-08T15:29:00+08:00 ] 127.0.0.1 /admin.php/Home/Book/b_update?id=20?rand=143
INFO: [ app_init ] --START--
INFO: Run Behavior\BuildLiteBehavior [ RunTime:0.000008s ]
INFO: [ app_init ] --END-- [ RunTime:0.000258s ]
INFO: [ app_begin ] --START--
INFO: Run Behavior\ReadHtmlCacheBehavior [ RunTime:0.000314s ]
INFO: [ app_begin ] --END-- [ RunTime:0.000348s ]

[ 2017-03-08T15:29:08+08:00 ] 127.0.0.1 /admin.php/Home/Book/b_update?id=20?rand=30
INFO: [ app_init ] --START--
INFO: Run Behavior\BuildLiteBehavior [ RunTime:0.000008s ]
INFO: [ app_init ] --END-- [ RunTime:0.000263s ]
INFO: [ app_begin ] --START--
INFO: Run Behavior\ReadHtmlCacheBehavior [ RunTime:0.000316s ]
INFO: [ app_begin ] --END-- [ RunTime:0.000351s ]

[ 2017-03-08T15:29:27+08:00 ] 127.0.0.1 /admin.php/Home/Book/b_update?id=20
INFO: [ app_init ] --START--
INFO: Run Behavior\BuildLiteBehavior [ RunTime:0.000008s ]
INFO: [ app_init ] --END-- [ RunTime:0.000263s ]
INFO: [ app_begin ] --START--
INFO: Run Behavior\ReadHtmlCacheBehavior [ RunTime:0.000316s ]
INFO: [ app_begin ] --END-- [ RunTime:0.000348s ]
SQL: SHOW COLUMNS FROM `rd_category` [ RunTime:0.0028s ]
SQL: SELECT `id`,`category` FROM `rd_category`  [ RunTime:0.0002s ]
SQL: SHOW COLUMNS FROM `rd_author` [ RunTime:0.0022s ]
SQL: SELECT `id`,`author` FROM `rd_author`  [ RunTime:0.0002s ]
SQL: SHOW COLUMNS FROM `rd_book` [ RunTime:0.0021s ]
SQL: SELECT `book_name`,`author_id`,`book_synopsis`,`book_cover`,`book_banner`,`is_hot`,`number_of_words` FROM `rd_book` WHERE `id` = 20 LIMIT 1   [ RunTime:0.0002s ]
SQL: SHOW COLUMNS FROM `rd_book_categories` [ RunTime:0.0020s ]
SQL: SELECT `category_id` FROM `rd_book_categories` WHERE `book_id` = 20  [ RunTime:0.0002s ]
INFO: [ view_parse ] --START--
INFO: [ template_filter ] --START--
INFO: Run Behavior\ContentReplaceBehavior [ RunTime:0.000080s ]
INFO: [ template_filter ] --END-- [ RunTime:0.000114s ]
INFO: Run Behavior\ParseTemplateBehavior [ RunTime:0.007398s ]
INFO: [ view_parse ] --END-- [ RunTime:0.007432s ]
INFO: [ view_filter ] --START--
INFO: Run Behavior\WriteHtmlCacheBehavior [ RunTime:0.000215s ]
INFO: [ view_filter ] --END-- [ RunTime:0.000238s ]
INFO: [ app_end ] --START--
INFO: Run Behavior\ShowPageTraceBehavior [ RunTime:0.000333s ]
INFO: [ app_end ] --END-- [ RunTime:0.000363s ]

[ 2017-03-08T15:29:33+08:00 ] 127.0.0.1 /admin.php/Home/Book/b_update?id=20?rand=421
INFO: [ app_init ] --START--
INFO: Run Behavior\BuildLiteBehavior [ RunTime:0.000011s ]
INFO: [ app_init ] --END-- [ RunTime:0.000392s ]
INFO: [ app_begin ] --START--
INFO: Run Behavior\ReadHtmlCacheBehavior [ RunTime:0.001222s ]
INFO: [ app_begin ] --END-- [ RunTime:0.001365s ]

[ 2017-03-08T15:29:48+08:00 ] 127.0.0.1 /admin.php/Home/Book/b_update?id=20?rand=520
INFO: [ app_init ] --START--
INFO: Run Behavior\BuildLiteBehavior [ RunTime:0.000023s ]
INFO: [ app_init ] --END-- [ RunTime:0.000383s ]
INFO: [ app_begin ] --START--
INFO: Run Behavior\ReadHtmlCacheBehavior [ RunTime:0.000376s ]
INFO: [ app_begin ] --END-- [ RunTime:0.000422s ]

[ 2017-03-08T15:31:00+08:00 ] 127.0.0.1 /admin.php/Home/Book/b_update?id=20?rand=877
INFO: [ app_init ] --START--
INFO: Run Behavior\BuildLiteBehavior [ RunTime:0.000008s ]
INFO: [ app_init ] --END-- [ RunTime:0.000257s ]
INFO: [ app_begin ] --START--
INFO: Run Behavior\ReadHtmlCacheBehavior [ RunTime:0.000316s ]
INFO: [ app_begin ] --END-- [ RunTime:0.000349s ]
SQL: SHOW COLUMNS FROM `rd_book` [ RunTime:0.0028s ]
SQL: UPDATE `rd_book` SET `book_name`='sdfsfdffffff',`author_id`='8',`book_synopsis`='dscd',`is_hot`='2',`number_of_words`='反对法' WHERE `id` = 20 [ RunTime:0.0554s ]
SQL: SHOW COLUMNS FROM `rd_book_categories` [ RunTime:0.0042s ]
SQL: DELETE FROM `rd_book_categories` WHERE `book_id` = 20 [ RunTime:0.0003s ]
SQL: INSERT INTO `rd_book_categories` (`book_id`,`category_id`) VALUES ('20','1') [ RunTime:0.0097s ]
SQL: INSERT INTO `rd_book_categories` (`book_id`,`category_id`) VALUES ('20','3') [ RunTime:0.0002s ]
NOTIC: [2] unlink(D:\PROJECT\read): Permission denied D:\PROJECT\read\Admin\Home\Controller\BookController.class.php 第 172 行.
NOTIC: [2] unlink(D:\PROJECT\read): Permission denied D:\PROJECT\read\Admin\Home\Controller\BookController.class.php 第 173 行.

[ 2017-03-08T15:31:00+08:00 ] 127.0.0.1 /admin.php/Home/Book/b_list.html
INFO: [ app_init ] --START--
INFO: Run Behavior\BuildLiteBehavior [ RunTime:0.000011s ]
INFO: [ app_init ] --END-- [ RunTime:0.000320s ]
INFO: [ app_begin ] --START--
INFO: Run Behavior\ReadHtmlCacheBehavior [ RunTime:0.000671s ]
INFO: [ app_begin ] --END-- [ RunTime:0.000745s ]
SQL: SHOW COLUMNS FROM `rd_book` [ RunTime:0.0025s ]
SQL: SELECT `id`,`book_name`,`number_of_words`,`is_hot`,`book_state` FROM `rd_book` ORDER BY id desc  [ RunTime:0.0003s ]
INFO: [ view_parse ] --START--
INFO: [ template_filter ] --START--
INFO: Run Behavior\ContentReplaceBehavior [ RunTime:0.000093s ]
INFO: [ template_filter ] --END-- [ RunTime:0.000182s ]
INFO: Run Behavior\ParseTemplateBehavior [ RunTime:0.007130s ]
INFO: [ view_parse ] --END-- [ RunTime:0.007177s ]
INFO: [ view_filter ] --START--
INFO: Run Behavior\WriteHtmlCacheBehavior [ RunTime:0.000447s ]
INFO: [ view_filter ] --END-- [ RunTime:0.000479s ]
INFO: [ app_end ] --START--
INFO: Run Behavior\ShowPageTraceBehavior [ RunTime:0.001407s ]
INFO: [ app_end ] --END-- [ RunTime:0.001462s ]

[ 2017-03-08T15:31:12+08:00 ] 127.0.0.1 /admin.php/Home/Book/b_update?id=17
INFO: [ app_init ] --START--
INFO: Run Behavior\BuildLiteBehavior [ RunTime:0.000021s ]
INFO: [ app_init ] --END-- [ RunTime:0.000303s ]
INFO: [ app_begin ] --START--
INFO: Run Behavior\ReadHtmlCacheBehavior [ RunTime:0.000348s ]
INFO: [ app_begin ] --END-- [ RunTime:0.000382s ]
SQL: SHOW COLUMNS FROM `rd_category` [ RunTime:0.0034s ]
SQL: SELECT `id`,`category` FROM `rd_category`  [ RunTime:0.0002s ]
SQL: SHOW COLUMNS FROM `rd_author` [ RunTime:0.0020s ]
SQL: SELECT `id`,`author` FROM `rd_author`  [ RunTime:0.0002s ]
SQL: SHOW COLUMNS FROM `rd_book` [ RunTime:0.0022s ]
SQL: SELECT `book_name`,`author_id`,`book_synopsis`,`book_cover`,`book_banner`,`is_hot`,`number_of_words` FROM `rd_book` WHERE `id` = 17 LIMIT 1   [ RunTime:0.0002s ]
SQL: SHOW COLUMNS FROM `rd_book_categories` [ RunTime:0.0021s ]
SQL: SELECT `category_id` FROM `rd_book_categories` WHERE `book_id` = 17  [ RunTime:0.0004s ]
INFO: [ view_parse ] --START--
INFO: [ template_filter ] --START--
INFO: Run Behavior\ContentReplaceBehavior [ RunTime:0.000083s ]
INFO: [ template_filter ] --END-- [ RunTime:0.000121s ]
INFO: Run Behavior\ParseTemplateBehavior [ RunTime:0.008982s ]
INFO: [ view_parse ] --END-- [ RunTime:0.009062s ]
INFO: [ view_filter ] --START--
INFO: Run Behavior\WriteHtmlCacheBehavior [ RunTime:0.000204s ]
INFO: [ view_filter ] --END-- [ RunTime:0.000228s ]
INFO: [ app_end ] --START--
INFO: Run Behavior\ShowPageTraceBehavior [ RunTime:0.000356s ]
INFO: [ app_end ] --END-- [ RunTime:0.000386s ]

[ 2017-03-08T15:31:20+08:00 ] 127.0.0.1 /admin.php/Home/Book/b_update?id=17?rand=724
INFO: [ app_init ] --START--
INFO: Run Behavior\BuildLiteBehavior [ RunTime:0.000008s ]
INFO: [ app_init ] --END-- [ RunTime:0.000261s ]
INFO: [ app_begin ] --START--
INFO: Run Behavior\ReadHtmlCacheBehavior [ RunTime:0.000364s ]
INFO: [ app_begin ] --END-- [ RunTime:0.000397s ]

[ 2017-03-08T15:33:19+08:00 ] 127.0.0.1 /admin.php/Home/Book/b_update?id=17?rand=408
INFO: [ app_init ] --START--
INFO: Run Behavior\BuildLiteBehavior [ RunTime:0.000008s ]
INFO: [ app_init ] --END-- [ RunTime:0.000324s ]
INFO: [ app_begin ] --START--
INFO: Run Behavior\ReadHtmlCacheBehavior [ RunTime:0.000525s ]
INFO: [ app_begin ] --END-- [ RunTime:0.000559s ]
SQL: SHOW COLUMNS FROM `rd_book` [ RunTime:0.0027s ]
SQL: UPDATE `rd_book` SET `book_name`='fdsfd ',`author_id`='4',`book_synopsis`='safdf',`is_hot`='0',`number_of_words`='反对法' WHERE `id` = 17 [ RunTime:0.0400s ]
SQL: SHOW COLUMNS FROM `rd_book_categories` [ RunTime:0.0025s ]
SQL: DELETE FROM `rd_book_categories` WHERE `book_id` = 17 [ RunTime:0.0002s ]
SQL: INSERT INTO `rd_book_categories` (`book_id`,`category_id`) VALUES ('17','1') [ RunTime:0.0256s ]
SQL: INSERT INTO `rd_book_categories` (`book_id`,`category_id`) VALUES ('17','3') [ RunTime:0.0004s ]
SQL: INSERT INTO `rd_book_categories` (`book_id`,`category_id`) VALUES ('17','4') [ RunTime:0.0003s ]
NOTIC: [2] unlink(D:\PROJECT\read): Permission denied D:\PROJECT\read\Admin\Home\Controller\BookController.class.php 第 172 行.
NOTIC: [2] unlink(D:\PROJECT\read): Permission denied D:\PROJECT\read\Admin\Home\Controller\BookController.class.php 第 173 行.

[ 2017-03-08T15:33:19+08:00 ] 127.0.0.1 /admin.php/Home/Book/b_list.html
INFO: [ app_init ] --START--
INFO: Run Behavior\BuildLiteBehavior [ RunTime:0.000009s ]
INFO: [ app_init ] --END-- [ RunTime:0.000294s ]
INFO: [ app_begin ] --START--
INFO: Run Behavior\ReadHtmlCacheBehavior [ RunTime:0.000333s ]
INFO: [ app_begin ] --END-- [ RunTime:0.000366s ]
SQL: SHOW COLUMNS FROM `rd_book` [ RunTime:0.0587s ]
SQL: SELECT `id`,`book_name`,`number_of_words`,`is_hot`,`book_state` FROM `rd_book` ORDER BY id desc  [ RunTime:0.0003s ]
INFO: [ view_parse ] --START--
INFO: [ template_filter ] --START--
INFO: Run Behavior\ContentReplaceBehavior [ RunTime:0.000038s ]
INFO: [ template_filter ] --END-- [ RunTime:0.000073s ]
INFO: Run Behavior\ParseTemplateBehavior [ RunTime:0.006738s ]
INFO: [ view_parse ] --END-- [ RunTime:0.006795s ]
INFO: [ view_filter ] --START--
INFO: Run Behavior\WriteHtmlCacheBehavior [ RunTime:0.000333s ]
INFO: [ view_filter ] --END-- [ RunTime:0.000359s ]
INFO: [ app_end ] --START--
INFO: Run Behavior\ShowPageTraceBehavior [ RunTime:0.000485s ]
INFO: [ app_end ] --END-- [ RunTime:0.000516s ]

[ 2017-03-08T15:33:47+08:00 ] 127.0.0.1 /admin.php/Home/Book/b_update?id=17
INFO: [ app_init ] --START--
INFO: Run Behavior\BuildLiteBehavior [ RunTime:0.000007s ]
INFO: [ app_init ] --END-- [ RunTime:0.000293s ]
INFO: [ app_begin ] --START--
INFO: Run Behavior\ReadHtmlCacheBehavior [ RunTime:0.000353s ]
INFO: [ app_begin ] --END-- [ RunTime:0.000385s ]
SQL: SHOW COLUMNS FROM `rd_category` [ RunTime:0.0031s ]
SQL: SELECT `id`,`category` FROM `rd_category`  [ RunTime:0.0002s ]
SQL: SHOW COLUMNS FROM `rd_author` [ RunTime:0.0027s ]
SQL: SELECT `id`,`author` FROM `rd_author`  [ RunTime:0.0002s ]
SQL: SHOW COLUMNS FROM `rd_book` [ RunTime:0.0031s ]
SQL: SELECT `book_name`,`author_id`,`book_synopsis`,`book_cover`,`book_banner`,`is_hot`,`number_of_words` FROM `rd_book` WHERE `id` = 17 LIMIT 1   [ RunTime:0.0002s ]
SQL: SHOW COLUMNS FROM `rd_book_categories` [ RunTime:0.0027s ]
SQL: SELECT `category_id` FROM `rd_book_categories` WHERE `book_id` = 17  [ RunTime:0.0002s ]
INFO: [ view_parse ] --START--
INFO: [ template_filter ] --START--
INFO: Run Behavior\ContentReplaceBehavior [ RunTime:0.000079s ]
INFO: [ template_filter ] --END-- [ RunTime:0.000112s ]
INFO: Run Behavior\ParseTemplateBehavior [ RunTime:0.007589s ]
INFO: [ view_parse ] --END-- [ RunTime:0.007624s ]
INFO: [ view_filter ] --START--
INFO: Run Behavior\WriteHtmlCacheBehavior [ RunTime:0.000200s ]
INFO: [ view_filter ] --END-- [ RunTime:0.000224s ]
INFO: [ app_end ] --START--
INFO: Run Behavior\ShowPageTraceBehavior [ RunTime:0.000336s ]
INFO: [ app_end ] --END-- [ RunTime:0.000365s ]

[ 2017-03-08T15:33:51+08:00 ] 127.0.0.1 /admin.php/Home/Book/b_update?id=16
INFO: [ app_init ] --START--
INFO: Run Behavior\BuildLiteBehavior [ RunTime:0.000007s ]
INFO: [ app_init ] --END-- [ RunTime:0.000270s ]
INFO: [ app_begin ] --START--
INFO: Run Behavior\ReadHtmlCacheBehavior [ RunTime:0.000327s ]
INFO: [ app_begin ] --END-- [ RunTime:0.000360s ]
SQL: SHOW COLUMNS FROM `rd_category` [ RunTime:0.0028s ]
SQL: SELECT `id`,`category` FROM `rd_category`  [ RunTime:0.0006s ]
SQL: SHOW COLUMNS FROM `rd_author` [ RunTime:0.0057s ]
SQL: SELECT `id`,`author` FROM `rd_author`  [ RunTime:0.0004s ]
SQL: SHOW COLUMNS FROM `rd_book` [ RunTime:0.0022s ]
SQL: SELECT `book_name`,`author_id`,`book_synopsis`,`book_cover`,`book_banner`,`is_hot`,`number_of_words` FROM `rd_book` WHERE `id` = 16 LIMIT 1   [ RunTime:0.0003s ]
SQL: SHOW COLUMNS FROM `rd_book_categories` [ RunTime:0.0026s ]
SQL: SELECT `category_id` FROM `rd_book_categories` WHERE `book_id` = 16  [ RunTime:0.0002s ]
INFO: [ view_parse ] --START--
INFO: [ template_filter ] --START--
INFO: Run Behavior\ContentReplaceBehavior [ RunTime:0.000076s ]
INFO: [ template_filter ] --END-- [ RunTime:0.000103s ]
INFO: Run Behavior\ParseTemplateBehavior [ RunTime:0.007240s ]
INFO: [ view_parse ] --END-- [ RunTime:0.007274s ]
INFO: [ view_filter ] --START--
INFO: Run Behavior\WriteHtmlCacheBehavior [ RunTime:0.000249s ]
INFO: [ view_filter ] --END-- [ RunTime:0.000282s ]
INFO: [ app_end ] --START--
INFO: Run Behavior\ShowPageTraceBehavior [ RunTime:0.000462s ]
INFO: [ app_end ] --END-- [ RunTime:0.000501s ]

[ 2017-03-08T15:33:56+08:00 ] 127.0.0.1 /admin.php/Home/Book/b_update?id=16?rand=131
INFO: [ app_init ] --START--
INFO: Run Behavior\BuildLiteBehavior [ RunTime:0.000009s ]
INFO: [ app_init ] --END-- [ RunTime:0.000262s ]
INFO: [ app_begin ] --START--
INFO: Run Behavior\ReadHtmlCacheBehavior [ RunTime:0.000320s ]
INFO: [ app_begin ] --END-- [ RunTime:0.000354s ]
SQL: SHOW COLUMNS FROM `rd_book` [ RunTime:0.0993s ]
SQL: UPDATE `rd_book` SET `book_name`='发地方',`author_id`='6',`book_synopsis`='额外的',`is_hot`='4',`number_of_words`='反对法' WHERE `id` = 16 [ RunTime:0.1021s ]
SQL: SHOW COLUMNS FROM `rd_book_categories` [ RunTime:0.0027s ]
SQL: DELETE FROM `rd_book_categories` WHERE `book_id` = 16 [ RunTime:0.0002s ]
SQL: INSERT INTO `rd_book_categories` (`book_id`,`category_id`) VALUES ('16','1') [ RunTime:0.0387s ]
SQL: INSERT INTO `rd_book_categories` (`book_id`,`category_id`) VALUES ('16','3') [ RunTime:0.0004s ]
SQL: INSERT INTO `rd_book_categories` (`book_id`,`category_id`) VALUES ('16','4') [ RunTime:0.0002s ]
NOTIC: [2] unlink(D:\PROJECT\read): Permission denied D:\PROJECT\read\Admin\Home\Controller\BookController.class.php 第 172 行.
NOTIC: [2] unlink(D:\PROJECT\read): Permission denied D:\PROJECT\read\Admin\Home\Controller\BookController.class.php 第 173 行.

[ 2017-03-08T15:33:56+08:00 ] 127.0.0.1 /admin.php/Home/Book/b_list.html
INFO: [ app_init ] --START--
INFO: Run Behavior\BuildLiteBehavior [ RunTime:0.000009s ]
INFO: [ app_init ] --END-- [ RunTime:0.000275s ]
INFO: [ app_begin ] --START--
INFO: Run Behavior\ReadHtmlCacheBehavior [ RunTime:0.000328s ]
INFO: [ app_begin ] --END-- [ RunTime:0.000362s ]
SQL: SHOW COLUMNS FROM `rd_book` [ RunTime:0.0204s ]
SQL: SELECT `id`,`book_name`,`number_of_words`,`is_hot`,`book_state` FROM `rd_book` ORDER BY id desc  [ RunTime:0.0002s ]
INFO: [ view_parse ] --START--
INFO: [ template_filter ] --START--
INFO: Run Behavior\ContentReplaceBehavior [ RunTime:0.000105s ]
INFO: [ template_filter ] --END-- [ RunTime:0.000205s ]
INFO: Run Behavior\ParseTemplateBehavior [ RunTime:0.006602s ]
INFO: [ view_parse ] --END-- [ RunTime:0.006640s ]
INFO: [ view_filter ] --START--
INFO: Run Behavior\WriteHtmlCacheBehavior [ RunTime:0.000211s ]
INFO: [ view_filter ] --END-- [ RunTime:0.000242s ]
INFO: [ app_end ] --START--
INFO: Run Behavior\ShowPageTraceBehavior [ RunTime:0.000467s ]
INFO: [ app_end ] --END-- [ RunTime:0.000504s ]

[ 2017-03-08T15:34:00+08:00 ] 127.0.0.1 /admin.php/Home/Book/b_update?id=15
INFO: [ app_init ] --START--
INFO: Run Behavior\BuildLiteBehavior [ RunTime:0.000012s ]
INFO: [ app_init ] --END-- [ RunTime:0.000299s ]
INFO: [ app_begin ] --START--
INFO: Run Behavior\ReadHtmlCacheBehavior [ RunTime:0.000350s ]
INFO: [ app_begin ] --END-- [ RunTime:0.000386s ]
SQL: SHOW COLUMNS FROM `rd_category` [ RunTime:0.0022s ]
SQL: SELECT `id`,`category` FROM `rd_category`  [ RunTime:0.0002s ]
SQL: SHOW COLUMNS FROM `rd_author` [ RunTime:0.0020s ]
SQL: SELECT `id`,`author` FROM `rd_author`  [ RunTime:0.0002s ]
SQL: SHOW COLUMNS FROM `rd_book` [ RunTime:0.0022s ]
SQL: SELECT `book_name`,`author_id`,`book_synopsis`,`book_cover`,`book_banner`,`is_hot`,`number_of_words` FROM `rd_book` WHERE `id` = 15 LIMIT 1   [ RunTime:0.0002s ]
SQL: SHOW COLUMNS FROM `rd_book_categories` [ RunTime:0.0024s ]
SQL: SELECT `category_id` FROM `rd_book_categories` WHERE `book_id` = 15  [ RunTime:0.0002s ]
INFO: [ view_parse ] --START--
INFO: [ template_filter ] --START--
INFO: Run Behavior\ContentReplaceBehavior [ RunTime:0.000080s ]
INFO: [ template_filter ] --END-- [ RunTime:0.000114s ]
INFO: Run Behavior\ParseTemplateBehavior [ RunTime:0.007428s ]
INFO: [ view_parse ] --END-- [ RunTime:0.007462s ]
INFO: [ view_filter ] --START--
INFO: Run Behavior\WriteHtmlCacheBehavior [ RunTime:0.000203s ]
INFO: [ view_filter ] --END-- [ RunTime:0.000227s ]
INFO: [ app_end ] --START--
INFO: Run Behavior\ShowPageTraceBehavior [ RunTime:0.000339s ]
INFO: [ app_end ] --END-- [ RunTime:0.000369s ]

[ 2017-03-08T15:34:04+08:00 ] 127.0.0.1 /admin.php/Home/Book/b_update?id=15?rand=809
INFO: [ app_init ] --START--
INFO: Run Behavior\BuildLiteBehavior [ RunTime:0.000008s ]
INFO: [ app_init ] --END-- [ RunTime:0.000257s ]
INFO: [ app_begin ] --START--
INFO: Run Behavior\ReadHtmlCacheBehavior [ RunTime:0.000313s ]
INFO: [ app_begin ] --END-- [ RunTime:0.000345s ]
SQL: SHOW COLUMNS FROM `rd_book` [ RunTime:0.0028s ]
SQL: UPDATE `rd_book` SET `book_name`='大幅答复',`author_id`='4',`book_synopsis`='efdsf',`is_hot`='1',`number_of_words`='反对法' WHERE `id` = 15 [ RunTime:0.0214s ]
SQL: SHOW COLUMNS FROM `rd_book_categories` [ RunTime:0.0027s ]
SQL: DELETE FROM `rd_book_categories` WHERE `book_id` = 15 [ RunTime:0.0002s ]
SQL: INSERT INTO `rd_book_categories` (`book_id`,`category_id`) VALUES ('15','1') [ RunTime:0.0110s ]
SQL: INSERT INTO `rd_book_categories` (`book_id`,`category_id`) VALUES ('15','3') [ RunTime:0.0002s ]
SQL: INSERT INTO `rd_book_categories` (`book_id`,`category_id`) VALUES ('15','4') [ RunTime:0.0001s ]
NOTIC: [2] unlink(D:\PROJECT\read): Permission denied D:\PROJECT\read\Admin\Home\Controller\BookController.class.php 第 172 行.
NOTIC: [2] unlink(D:\PROJECT\read): Permission denied D:\PROJECT\read\Admin\Home\Controller\BookController.class.php 第 173 行.

[ 2017-03-08T15:34:04+08:00 ] 127.0.0.1 /admin.php/Home/Book/b_list.html
INFO: [ app_init ] --START--
INFO: Run Behavior\BuildLiteBehavior [ RunTime:0.000020s ]
INFO: [ app_init ] --END-- [ RunTime:0.000439s ]
INFO: [ app_begin ] --START--
INFO: Run Behavior\ReadHtmlCacheBehavior [ RunTime:0.000574s ]
INFO: [ app_begin ] --END-- [ RunTime:0.000614s ]
SQL: SHOW COLUMNS FROM `rd_book` [ RunTime:0.0027s ]
SQL: SELECT `id`,`book_name`,`number_of_words`,`is_hot`,`book_state` FROM `rd_book` ORDER BY id desc  [ RunTime:0.0002s ]
INFO: [ view_parse ] --START--
INFO: [ template_filter ] --START--
INFO: Run Behavior\ContentReplaceBehavior [ RunTime:0.000036s ]
INFO: [ template_filter ] --END-- [ RunTime:0.000066s ]
INFO: Run Behavior\ParseTemplateBehavior [ RunTime:0.005324s ]
INFO: [ view_parse ] --END-- [ RunTime:0.005356s ]
INFO: [ view_filter ] --START--
INFO: Run Behavior\WriteHtmlCacheBehavior [ RunTime:0.000192s ]
INFO: [ view_filter ] --END-- [ RunTime:0.000217s ]
INFO: [ app_end ] --START--
INFO: Run Behavior\ShowPageTraceBehavior [ RunTime:0.000341s ]
INFO: [ app_end ] --END-- [ RunTime:0.000372s ]

[ 2017-03-08T15:34:07+08:00 ] 127.0.0.1 /admin.php/Home/Book/b_update?id=1
INFO: [ app_init ] --START--
INFO: Run Behavior\BuildLiteBehavior [ RunTime:0.000010s ]
INFO: [ app_init ] --END-- [ RunTime:0.000298s ]
INFO: [ app_begin ] --START--
INFO: Run Behavior\ReadHtmlCacheBehavior [ RunTime:0.000530s ]
INFO: [ app_begin ] --END-- [ RunTime:0.000598s ]
SQL: SHOW COLUMNS FROM `rd_category` [ RunTime:0.0021s ]
SQL: SELECT `id`,`category` FROM `rd_category`  [ RunTime:0.0003s ]
SQL: SHOW COLUMNS FROM `rd_author` [ RunTime:0.0022s ]
SQL: SELECT `id`,`author` FROM `rd_author`  [ RunTime:0.0002s ]
SQL: SHOW COLUMNS FROM `rd_book` [ RunTime:0.0020s ]
SQL: SELECT `book_name`,`author_id`,`book_synopsis`,`book_cover`,`book_banner`,`is_hot`,`number_of_words` FROM `rd_book` WHERE `id` = 1 LIMIT 1   [ RunTime:0.0002s ]
SQL: SHOW COLUMNS FROM `rd_book_categories` [ RunTime:0.0020s ]
SQL: SELECT `category_id` FROM `rd_book_categories` WHERE `book_id` = 1  [ RunTime:0.0002s ]
INFO: [ view_parse ] --START--
INFO: [ template_filter ] --START--
INFO: Run Behavior\ContentReplaceBehavior [ RunTime:0.000081s ]
INFO: [ template_filter ] --END-- [ RunTime:0.000116s ]
INFO: Run Behavior\ParseTemplateBehavior [ RunTime:0.007224s ]
INFO: [ view_parse ] --END-- [ RunTime:0.007262s ]
INFO: [ view_filter ] --START--
INFO: Run Behavior\WriteHtmlCacheBehavior [ RunTime:0.000204s ]
INFO: [ view_filter ] --END-- [ RunTime:0.000229s ]
INFO: [ app_end ] --START--
INFO: Run Behavior\ShowPageTraceBehavior [ RunTime:0.000341s ]
INFO: [ app_end ] --END-- [ RunTime:0.000370s ]

[ 2017-03-08T15:34:12+08:00 ] 127.0.0.1 /admin.php/Home/Book/b_update?id=1?rand=464
INFO: [ app_init ] --START--
INFO: Run Behavior\BuildLiteBehavior [ RunTime:0.000009s ]
INFO: [ app_init ] --END-- [ RunTime:0.000352s ]
INFO: [ app_begin ] --START--
INFO: Run Behavior\ReadHtmlCacheBehavior [ RunTime:0.000515s ]
INFO: [ app_begin ] --END-- [ RunTime:0.000549s ]
SQL: SHOW COLUMNS FROM `rd_book` [ RunTime:0.0025s ]
SQL: UPDATE `rd_book` SET `book_name`='绝世武神',`author_id`='4',`book_synopsis`='阿道夫 是打法 阿道夫df手动阀第三方d
打法',`is_hot`='2',`number_of_words`='200万' WHERE `id` = 1 [ RunTime:0.0548s ]
SQL: SHOW COLUMNS FROM `rd_book_categories` [ RunTime:0.0025s ]
SQL: DELETE FROM `rd_book_categories` WHERE `book_id` = 1 [ RunTime:0.0002s ]
SQL: INSERT INTO `rd_book_categories` (`book_id`,`category_id`) VALUES ('1','1') [ RunTime:0.0337s ]
SQL: INSERT INTO `rd_book_categories` (`book_id`,`category_id`) VALUES ('1','3') [ RunTime:0.0002s ]
SQL: INSERT INTO `rd_book_categories` (`book_id`,`category_id`) VALUES ('1','4') [ RunTime:0.0001s ]
NOTIC: [2] unlink(D:\PROJECT\read): Permission denied D:\PROJECT\read\Admin\Home\Controller\BookController.class.php 第 172 行.
NOTIC: [2] unlink(D:\PROJECT\read): Permission denied D:\PROJECT\read\Admin\Home\Controller\BookController.class.php 第 173 行.

[ 2017-03-08T15:34:12+08:00 ] 127.0.0.1 /admin.php/Home/Book/b_list.html
INFO: [ app_init ] --START--
INFO: Run Behavior\BuildLiteBehavior [ RunTime:0.000008s ]
INFO: [ app_init ] --END-- [ RunTime:0.000269s ]
INFO: [ app_begin ] --START--
INFO: Run Behavior\ReadHtmlCacheBehavior [ RunTime:0.000327s ]
INFO: [ app_begin ] --END-- [ RunTime:0.000361s ]
SQL: SHOW COLUMNS FROM `rd_book` [ RunTime:0.0078s ]
SQL: SELECT `id`,`book_name`,`number_of_words`,`is_hot`,`book_state` FROM `rd_book` ORDER BY id desc  [ RunTime:0.0003s ]
INFO: [ view_parse ] --START--
INFO: [ template_filter ] --START--
INFO: Run Behavior\ContentReplaceBehavior [ RunTime:0.000038s ]
INFO: [ template_filter ] --END-- [ RunTime:0.000070s ]
INFO: Run Behavior\ParseTemplateBehavior [ RunTime:0.006227s ]
INFO: [ view_parse ] --END-- [ RunTime:0.006263s ]
INFO: [ view_filter ] --START--
INFO: Run Behavior\WriteHtmlCacheBehavior [ RunTime:0.000329s ]
INFO: [ view_filter ] --END-- [ RunTime:0.000354s ]
INFO: [ app_end ] --START--
INFO: Run Behavior\ShowPageTraceBehavior [ RunTime:0.000475s ]
INFO: [ app_end ] --END-- [ RunTime:0.000507s ]

[ 2017-03-08T15:34:15+08:00 ] 127.0.0.1 /admin.php/Home/Book/b_update?id=2
INFO: [ app_init ] --START--
INFO: Run Behavior\BuildLiteBehavior [ RunTime:0.000008s ]
INFO: [ app_init ] --END-- [ RunTime:0.000278s ]
INFO: [ app_begin ] --START--
INFO: Run Behavior\ReadHtmlCacheBehavior [ RunTime:0.000313s ]
INFO: [ app_begin ] --END-- [ RunTime:0.000345s ]
SQL: SHOW COLUMNS FROM `rd_category` [ RunTime:0.0033s ]
SQL: SELECT `id`,`category` FROM `rd_category`  [ RunTime:0.0002s ]
SQL: SHOW COLUMNS FROM `rd_author` [ RunTime:0.0021s ]
SQL: SELECT `id`,`author` FROM `rd_author`  [ RunTime:0.0002s ]
SQL: SHOW COLUMNS FROM `rd_book` [ RunTime:0.0019s ]
SQL: SELECT `book_name`,`author_id`,`book_synopsis`,`book_cover`,`book_banner`,`is_hot`,`number_of_words` FROM `rd_book` WHERE `id` = 2 LIMIT 1   [ RunTime:0.0002s ]
SQL: SHOW COLUMNS FROM `rd_book_categories` [ RunTime:0.0018s ]
SQL: SELECT `category_id` FROM `rd_book_categories` WHERE `book_id` = 2  [ RunTime:0.0002s ]
INFO: [ view_parse ] --START--
INFO: [ template_filter ] --START--
INFO: Run Behavior\ContentReplaceBehavior [ RunTime:0.000080s ]
INFO: [ template_filter ] --END-- [ RunTime:0.000111s ]
INFO: Run Behavior\ParseTemplateBehavior [ RunTime:0.007323s ]
INFO: [ view_parse ] --END-- [ RunTime:0.007356s ]
INFO: [ view_filter ] --START--
INFO: Run Behavior\WriteHtmlCacheBehavior [ RunTime:0.000196s ]
INFO: [ view_filter ] --END-- [ RunTime:0.000219s ]
INFO: [ app_end ] --START--
INFO: Run Behavior\ShowPageTraceBehavior [ RunTime:0.000346s ]
INFO: [ app_end ] --END-- [ RunTime:0.000375s ]

[ 2017-03-08T15:34:18+08:00 ] 127.0.0.1 /admin.php/Home/Book/b_update?id=2?rand=257
INFO: [ app_init ] --START--
INFO: Run Behavior\BuildLiteBehavior [ RunTime:0.000008s ]
INFO: [ app_init ] --END-- [ RunTime:0.000254s ]
INFO: [ app_begin ] --START--
INFO: Run Behavior\ReadHtmlCacheBehavior [ RunTime:0.000309s ]
INFO: [ app_begin ] --END-- [ RunTime:0.000342s ]
SQL: SHOW COLUMNS FROM `rd_book` [ RunTime:0.0027s ]
SQL: UPDATE `rd_book` SET `book_name`='撒旦法d\'f',`author_id`='4',`book_synopsis`='色非他日',`is_hot`='1',`number_of_words`='200万' WHERE `id` = 2 [ RunTime:0.0785s ]
SQL: SHOW COLUMNS FROM `rd_book_categories` [ RunTime:0.0030s ]
SQL: DELETE FROM `rd_book_categories` WHERE `book_id` = 2 [ RunTime:0.0003s ]
SQL: INSERT INTO `rd_book_categories` (`book_id`,`category_id`) VALUES ('2','1') [ RunTime:0.0129s ]
SQL: INSERT INTO `rd_book_categories` (`book_id`,`category_id`) VALUES ('2','3') [ RunTime:0.0002s ]
SQL: INSERT INTO `rd_book_categories` (`book_id`,`category_id`) VALUES ('2','4') [ RunTime:0.0001s ]
NOTIC: [2] unlink(D:\PROJECT\read): Permission denied D:\PROJECT\read\Admin\Home\Controller\BookController.class.php 第 172 行.
NOTIC: [2] unlink(D:\PROJECT\read): Permission denied D:\PROJECT\read\Admin\Home\Controller\BookController.class.php 第 173 行.

[ 2017-03-08T15:34:18+08:00 ] 127.0.0.1 /admin.php/Home/Book/b_list.html
INFO: [ app_init ] --START--
INFO: Run Behavior\BuildLiteBehavior [ RunTime:0.000009s ]
INFO: [ app_init ] --END-- [ RunTime:0.000267s ]
INFO: [ app_begin ] --START--
INFO: Run Behavior\ReadHtmlCacheBehavior [ RunTime:0.000326s ]
INFO: [ app_begin ] --END-- [ RunTime:0.000360s ]
SQL: SHOW COLUMNS FROM `rd_book` [ RunTime:0.0023s ]
SQL: SELECT `id`,`book_name`,`number_of_words`,`is_hot`,`book_state` FROM `rd_book` ORDER BY id desc  [ RunTime:0.0002s ]
INFO: [ view_parse ] --START--
INFO: [ template_filter ] --START--
INFO: Run Behavior\ContentReplaceBehavior [ RunTime:0.000038s ]
INFO: [ template_filter ] --END-- [ RunTime:0.000072s ]
INFO: Run Behavior\ParseTemplateBehavior [ RunTime:0.006282s ]
INFO: [ view_parse ] --END-- [ RunTime:0.006327s ]
INFO: [ view_filter ] --START--
INFO: Run Behavior\WriteHtmlCacheBehavior [ RunTime:0.000228s ]
INFO: [ view_filter ] --END-- [ RunTime:0.000254s ]
INFO: [ app_end ] --START--
INFO: Run Behavior\ShowPageTraceBehavior [ RunTime:0.000372s ]
INFO: [ app_end ] --END-- [ RunTime:0.000405s ]

[ 2017-03-08T15:34:22+08:00 ] 127.0.0.1 /admin.php/Home/Book/b_update?id=3
INFO: [ app_init ] --START--
INFO: Run Behavior\BuildLiteBehavior [ RunTime:0.000009s ]
INFO: [ app_init ] --END-- [ RunTime:0.000278s ]
INFO: [ app_begin ] --START--
INFO: Run Behavior\ReadHtmlCacheBehavior [ RunTime:0.000340s ]
INFO: [ app_begin ] --END-- [ RunTime:0.000372s ]
SQL: SHOW COLUMNS FROM `rd_category` [ RunTime:0.0025s ]
SQL: SELECT `id`,`category` FROM `rd_category`  [ RunTime:0.0002s ]
SQL: SHOW COLUMNS FROM `rd_author` [ RunTime:0.0022s ]
SQL: SELECT `id`,`author` FROM `rd_author`  [ RunTime:0.0002s ]
SQL: SHOW COLUMNS FROM `rd_book` [ RunTime:0.0021s ]
SQL: SELECT `book_name`,`author_id`,`book_synopsis`,`book_cover`,`book_banner`,`is_hot`,`number_of_words` FROM `rd_book` WHERE `id` = 3 LIMIT 1   [ RunTime:0.0002s ]
SQL: SHOW COLUMNS FROM `rd_book_categories` [ RunTime:0.0019s ]
SQL: SELECT `category_id` FROM `rd_book_categories` WHERE `book_id` = 3  [ RunTime:0.0001s ]
INFO: [ view_parse ] --START--
INFO: [ template_filter ] --START--
INFO: Run Behavior\ContentReplaceBehavior [ RunTime:0.000077s ]
INFO: [ template_filter ] --END-- [ RunTime:0.000112s ]
INFO: Run Behavior\ParseTemplateBehavior [ RunTime:0.007317s ]
INFO: [ view_parse ] --END-- [ RunTime:0.007350s ]
INFO: [ view_filter ] --START--
INFO: Run Behavior\WriteHtmlCacheBehavior [ RunTime:0.000187s ]
INFO: [ view_filter ] --END-- [ RunTime:0.000212s ]
INFO: [ app_end ] --START--
INFO: Run Behavior\ShowPageTraceBehavior [ RunTime:0.000452s ]
INFO: [ app_end ] --END-- [ RunTime:0.000481s ]

[ 2017-03-08T15:34:27+08:00 ] 127.0.0.1 /admin.php/Home/Book/b_update?id=3?rand=107
INFO: [ app_init ] --START--
INFO: Run Behavior\BuildLiteBehavior [ RunTime:0.000008s ]
INFO: [ app_init ] --END-- [ RunTime:0.000299s ]
INFO: [ app_begin ] --START--
INFO: Run Behavior\ReadHtmlCacheBehavior [ RunTime:0.000349s ]
INFO: [ app_begin ] --END-- [ RunTime:0.000404s ]
SQL: SHOW COLUMNS FROM `rd_book` [ RunTime:0.0027s ]
SQL: UPDATE `rd_book` SET `book_name`='犯得上反对发',`author_id`='4',`book_synopsis`='发的',`is_hot`='1',`number_of_words`='似懂非懂' WHERE `id` = 3 [ RunTime:0.0671s ]
SQL: SHOW COLUMNS FROM `rd_book_categories` [ RunTime:0.0025s ]
SQL: DELETE FROM `rd_book_categories` WHERE `book_id` = 3 [ RunTime:0.0002s ]
SQL: INSERT INTO `rd_book_categories` (`book_id`,`category_id`) VALUES ('3','1') [ RunTime:0.0310s ]
SQL: INSERT INTO `rd_book_categories` (`book_id`,`category_id`) VALUES ('3','3') [ RunTime:0.0002s ]
SQL: INSERT INTO `rd_book_categories` (`book_id`,`category_id`) VALUES ('3','4') [ RunTime:0.0001s ]
NOTIC: [2] unlink(D:\PROJECT\read): Permission denied D:\PROJECT\read\Admin\Home\Controller\BookController.class.php 第 172 行.
NOTIC: [2] unlink(D:\PROJECT\read): Permission denied D:\PROJECT\read\Admin\Home\Controller\BookController.class.php 第 173 行.

[ 2017-03-08T15:34:27+08:00 ] 127.0.0.1 /admin.php/Home/Book/b_list.html
INFO: [ app_init ] --START--
INFO: Run Behavior\BuildLiteBehavior [ RunTime:0.000010s ]
INFO: [ app_init ] --END-- [ RunTime:0.000293s ]
INFO: [ app_begin ] --START--
INFO: Run Behavior\ReadHtmlCacheBehavior [ RunTime:0.000333s ]
INFO: [ app_begin ] --END-- [ RunTime:0.000367s ]
SQL: SHOW COLUMNS FROM `rd_book` [ RunTime:0.0023s ]
SQL: SELECT `id`,`book_name`,`number_of_words`,`is_hot`,`book_state` FROM `rd_book` ORDER BY id desc  [ RunTime:0.0002s ]
INFO: [ view_parse ] --START--
INFO: [ template_filter ] --START--
INFO: Run Behavior\ContentReplaceBehavior [ RunTime:0.000037s ]
INFO: [ template_filter ] --END-- [ RunTime:0.000069s ]
INFO: Run Behavior\ParseTemplateBehavior [ RunTime:0.005341s ]
INFO: [ view_parse ] --END-- [ RunTime:0.005375s ]
INFO: [ view_filter ] --START--
INFO: Run Behavior\WriteHtmlCacheBehavior [ RunTime:0.000191s ]
INFO: [ view_filter ] --END-- [ RunTime:0.000215s ]
INFO: [ app_end ] --START--
INFO: Run Behavior\ShowPageTraceBehavior [ RunTime:0.000345s ]
INFO: [ app_end ] --END-- [ RunTime:0.000376s ]

[ 2017-03-08T15:34:30+08:00 ] 127.0.0.1 /admin.php/Home/Book/b_update?id=4
INFO: [ app_init ] --START--
INFO: Run Behavior\BuildLiteBehavior [ RunTime:0.000008s ]
INFO: [ app_init ] --END-- [ RunTime:0.000285s ]
INFO: [ app_begin ] --START--
INFO: Run Behavior\ReadHtmlCacheBehavior [ RunTime:0.000391s ]
INFO: [ app_begin ] --END-- [ RunTime:0.000427s ]
SQL: SHOW COLUMNS FROM `rd_category` [ RunTime:0.0023s ]
SQL: SELECT `id`,`category` FROM `rd_category`  [ RunTime:0.0002s ]
SQL: SHOW COLUMNS FROM `rd_author` [ RunTime:0.0022s ]
SQL: SELECT `id`,`author` FROM `rd_author`  [ RunTime:0.0002s ]
SQL: SHOW COLUMNS FROM `rd_book` [ RunTime:0.0023s ]
SQL: SELECT `book_name`,`author_id`,`book_synopsis`,`book_cover`,`book_banner`,`is_hot`,`number_of_words` FROM `rd_book` WHERE `id` = 4 LIMIT 1   [ RunTime:0.0002s ]
SQL: SHOW COLUMNS FROM `rd_book_categories` [ RunTime:0.0021s ]
SQL: SELECT `category_id` FROM `rd_book_categories` WHERE `book_id` = 4  [ RunTime:0.0002s ]
INFO: [ view_parse ] --START--
INFO: [ template_filter ] --START--
INFO: Run Behavior\ContentReplaceBehavior [ RunTime:0.000078s ]
INFO: [ template_filter ] --END-- [ RunTime:0.000108s ]
INFO: Run Behavior\ParseTemplateBehavior [ RunTime:0.007200s ]
INFO: [ view_parse ] --END-- [ RunTime:0.007233s ]
INFO: [ view_filter ] --START--
INFO: Run Behavior\WriteHtmlCacheBehavior [ RunTime:0.000185s ]
INFO: [ view_filter ] --END-- [ RunTime:0.000208s ]
INFO: [ app_end ] --START--
INFO: Run Behavior\ShowPageTraceBehavior [ RunTime:0.000451s ]
INFO: [ app_end ] --END-- [ RunTime:0.000480s ]

[ 2017-03-08T15:34:37+08:00 ] 127.0.0.1 /admin.php/Home/Book/b_update?id=4?rand=871
INFO: [ app_init ] --START--
INFO: Run Behavior\BuildLiteBehavior [ RunTime:0.000008s ]
INFO: [ app_init ] --END-- [ RunTime:0.000300s ]
INFO: [ app_begin ] --START--
INFO: Run Behavior\ReadHtmlCacheBehavior [ RunTime:0.000315s ]
INFO: [ app_begin ] --END-- [ RunTime:0.000374s ]
SQL: SHOW COLUMNS FROM `rd_book` [ RunTime:0.0026s ]
SQL: UPDATE `rd_book` SET `book_name`='fdf',`author_id`='4',`book_synopsis`='fdfd',`is_hot`='1',`number_of_words`='dfdf' WHERE `id` = 4 [ RunTime:0.0349s ]
SQL: SHOW COLUMNS FROM `rd_book_categories` [ RunTime:0.0024s ]
SQL: DELETE FROM `rd_book_categories` WHERE `book_id` = 4 [ RunTime:0.0002s ]
SQL: INSERT INTO `rd_book_categories` (`book_id`,`category_id`) VALUES ('4','1') [ RunTime:0.0391s ]
SQL: INSERT INTO `rd_book_categories` (`book_id`,`category_id`) VALUES ('4','3') [ RunTime:0.0003s ]
SQL: INSERT INTO `rd_book_categories` (`book_id`,`category_id`) VALUES ('4','4') [ RunTime:0.0002s ]
NOTIC: [2] unlink(D:\PROJECT\read): Permission denied D:\PROJECT\read\Admin\Home\Controller\BookController.class.php 第 172 行.
NOTIC: [2] unlink(D:\PROJECT\read): Permission denied D:\PROJECT\read\Admin\Home\Controller\BookController.class.php 第 173 行.

[ 2017-03-08T15:34:37+08:00 ] 127.0.0.1 /admin.php/Home/Book/b_list.html
INFO: [ app_init ] --START--
INFO: Run Behavior\BuildLiteBehavior [ RunTime:0.000013s ]
INFO: [ app_init ] --END-- [ RunTime:0.000335s ]
INFO: [ app_begin ] --START--
INFO: Run Behavior\ReadHtmlCacheBehavior [ RunTime:0.000512s ]
INFO: [ app_begin ] --END-- [ RunTime:0.000618s ]
SQL: SHOW COLUMNS FROM `rd_book` [ RunTime:0.0031s ]
SQL: SELECT `id`,`book_name`,`number_of_words`,`is_hot`,`book_state` FROM `rd_book` ORDER BY id desc  [ RunTime:0.0003s ]
INFO: [ view_parse ] --START--
INFO: [ template_filter ] --START--
INFO: Run Behavior\ContentReplaceBehavior [ RunTime:0.000037s ]
INFO: [ template_filter ] --END-- [ RunTime:0.000069s ]
INFO: Run Behavior\ParseTemplateBehavior [ RunTime:0.005389s ]
INFO: [ view_parse ] --END-- [ RunTime:0.005425s ]
INFO: [ view_filter ] --START--
INFO: Run Behavior\WriteHtmlCacheBehavior [ RunTime:0.000192s ]
INFO: [ view_filter ] --END-- [ RunTime:0.000219s ]
INFO: [ app_end ] --START--
INFO: Run Behavior\ShowPageTraceBehavior [ RunTime:0.000337s ]
INFO: [ app_end ] --END-- [ RunTime:0.000367s ]

[ 2017-03-08T15:34:43+08:00 ] 127.0.0.1 /admin.php/Home/Book/b_update?id=5
INFO: [ app_init ] --START--
INFO: Run Behavior\BuildLiteBehavior [ RunTime:0.000008s ]
INFO: [ app_init ] --END-- [ RunTime:0.000253s ]
INFO: [ app_begin ] --START--
INFO: Run Behavior\ReadHtmlCacheBehavior [ RunTime:0.000313s ]
INFO: [ app_begin ] --END-- [ RunTime:0.000345s ]
SQL: SHOW COLUMNS FROM `rd_category` [ RunTime:0.0023s ]
SQL: SELECT `id`,`category` FROM `rd_category`  [ RunTime:0.0002s ]
SQL: SHOW COLUMNS FROM `rd_author` [ RunTime:0.0024s ]
SQL: SELECT `id`,`author` FROM `rd_author`  [ RunTime:0.0002s ]
SQL: SHOW COLUMNS FROM `rd_book` [ RunTime:0.0022s ]
SQL: SELECT `book_name`,`author_id`,`book_synopsis`,`book_cover`,`book_banner`,`is_hot`,`number_of_words` FROM `rd_book` WHERE `id` = 5 LIMIT 1   [ RunTime:0.0002s ]
SQL: SHOW COLUMNS FROM `rd_book_categories` [ RunTime:0.0021s ]
SQL: SELECT `category_id` FROM `rd_book_categories` WHERE `book_id` = 5  [ RunTime:0.0002s ]
INFO: [ view_parse ] --START--
INFO: [ template_filter ] --START--
INFO: Run Behavior\ContentReplaceBehavior [ RunTime:0.000077s ]
INFO: [ template_filter ] --END-- [ RunTime:0.000109s ]
INFO: Run Behavior\ParseTemplateBehavior [ RunTime:0.007621s ]
INFO: [ view_parse ] --END-- [ RunTime:0.007665s ]
INFO: [ view_filter ] --START--
INFO: Run Behavior\WriteHtmlCacheBehavior [ RunTime:0.000227s ]
INFO: [ view_filter ] --END-- [ RunTime:0.000261s ]
INFO: [ app_end ] --START--
INFO: Run Behavior\ShowPageTraceBehavior [ RunTime:0.000489s ]
INFO: [ app_end ] --END-- [ RunTime:0.000518s ]

[ 2017-03-08T15:34:52+08:00 ] 127.0.0.1 /admin.php/Home/Book/b_update?id=5?rand=10
INFO: [ app_init ] --START--
INFO: Run Behavior\BuildLiteBehavior [ RunTime:0.000008s ]
INFO: [ app_init ] --END-- [ RunTime:0.000264s ]
INFO: [ app_begin ] --START--
INFO: Run Behavior\ReadHtmlCacheBehavior [ RunTime:0.000336s ]
INFO: [ app_begin ] --END-- [ RunTime:0.000369s ]
SQL: SHOW COLUMNS FROM `rd_book` [ RunTime:0.0027s ]
SQL: UPDATE `rd_book` SET `book_name`='绝世战神',`author_id`='4',`book_synopsis`='房贷首付',`is_hot`='3',`number_of_words`='阿飞' WHERE `id` = 5 [ RunTime:0.0583s ]
SQL: SHOW COLUMNS FROM `rd_book_categories` [ RunTime:0.0027s ]
SQL: DELETE FROM `rd_book_categories` WHERE `book_id` = 5 [ RunTime:0.0002s ]
SQL: INSERT INTO `rd_book_categories` (`book_id`,`category_id`) VALUES ('5','1') [ RunTime:0.0296s ]
SQL: INSERT INTO `rd_book_categories` (`book_id`,`category_id`) VALUES ('5','3') [ RunTime:0.0002s ]
SQL: INSERT INTO `rd_book_categories` (`book_id`,`category_id`) VALUES ('5','4') [ RunTime:0.0001s ]
NOTIC: [2] unlink(D:\PROJECT\read): Permission denied D:\PROJECT\read\Admin\Home\Controller\BookController.class.php 第 172 行.
NOTIC: [2] unlink(D:\PROJECT\read): Permission denied D:\PROJECT\read\Admin\Home\Controller\BookController.class.php 第 173 行.

[ 2017-03-08T15:34:52+08:00 ] 127.0.0.1 /admin.php/Home/Book/b_list.html
INFO: [ app_init ] --START--
INFO: Run Behavior\BuildLiteBehavior [ RunTime:0.000009s ]
INFO: [ app_init ] --END-- [ RunTime:0.000275s ]
INFO: [ app_begin ] --START--
INFO: Run Behavior\ReadHtmlCacheBehavior [ RunTime:0.000334s ]
INFO: [ app_begin ] --END-- [ RunTime:0.000369s ]
SQL: SHOW COLUMNS FROM `rd_book` [ RunTime:0.0215s ]
SQL: SELECT `id`,`book_name`,`number_of_words`,`is_hot`,`book_state` FROM `rd_book` ORDER BY id desc  [ RunTime:0.0002s ]
INFO: [ view_parse ] --START--
INFO: [ template_filter ] --START--
INFO: Run Behavior\ContentReplaceBehavior [ RunTime:0.000042s ]
INFO: [ template_filter ] --END-- [ RunTime:0.000081s ]
INFO: Run Behavior\ParseTemplateBehavior [ RunTime:0.006961s ]
INFO: [ view_parse ] --END-- [ RunTime:0.007003s ]
INFO: [ view_filter ] --START--
INFO: Run Behavior\WriteHtmlCacheBehavior [ RunTime:0.000199s ]
INFO: [ view_filter ] --END-- [ RunTime:0.000224s ]
INFO: [ app_end ] --START--
INFO: Run Behavior\ShowPageTraceBehavior [ RunTime:0.000399s ]
INFO: [ app_end ] --END-- [ RunTime:0.000429s ]

[ 2017-03-08T15:35:03+08:00 ] 127.0.0.1 /admin.php/Home/Book/b_update?id=9
INFO: [ app_init ] --START--
INFO: Run Behavior\BuildLiteBehavior [ RunTime:0.000008s ]
INFO: [ app_init ] --END-- [ RunTime:0.000291s ]
INFO: [ app_begin ] --START--
INFO: Run Behavior\ReadHtmlCacheBehavior [ RunTime:0.000341s ]
INFO: [ app_begin ] --END-- [ RunTime:0.000376s ]
SQL: SHOW COLUMNS FROM `rd_category` [ RunTime:0.0024s ]
SQL: SELECT `id`,`category` FROM `rd_category`  [ RunTime:0.0002s ]
SQL: SHOW COLUMNS FROM `rd_author` [ RunTime:0.0022s ]
SQL: SELECT `id`,`author` FROM `rd_author`  [ RunTime:0.0002s ]
SQL: SHOW COLUMNS FROM `rd_book` [ RunTime:0.0023s ]
SQL: SELECT `book_name`,`author_id`,`book_synopsis`,`book_cover`,`book_banner`,`is_hot`,`number_of_words` FROM `rd_book` WHERE `id` = 9 LIMIT 1   [ RunTime:0.0003s ]
SQL: SHOW COLUMNS FROM `rd_book_categories` [ RunTime:0.0027s ]
SQL: SELECT `category_id` FROM `rd_book_categories` WHERE `book_id` = 9  [ RunTime:0.0002s ]
INFO: [ view_parse ] --START--
INFO: [ template_filter ] --START--
INFO: Run Behavior\ContentReplaceBehavior [ RunTime:0.000077s ]
INFO: [ template_filter ] --END-- [ RunTime:0.000107s ]
INFO: Run Behavior\ParseTemplateBehavior [ RunTime:0.007061s ]
INFO: [ view_parse ] --END-- [ RunTime:0.007092s ]
INFO: [ view_filter ] --START--
INFO: Run Behavior\WriteHtmlCacheBehavior [ RunTime:0.000187s ]
INFO: [ view_filter ] --END-- [ RunTime:0.000211s ]
INFO: [ app_end ] --START--
INFO: Run Behavior\ShowPageTraceBehavior [ RunTime:0.000422s ]
INFO: [ app_end ] --END-- [ RunTime:0.000450s ]

[ 2017-03-08T15:35:09+08:00 ] 127.0.0.1 /admin.php/Home/Book/b_update?id=9?rand=264
INFO: [ app_init ] --START--
INFO: Run Behavior\BuildLiteBehavior [ RunTime:0.000019s ]
INFO: [ app_init ] --END-- [ RunTime:0.000313s ]
INFO: [ app_begin ] --START--
INFO: Run Behavior\ReadHtmlCacheBehavior [ RunTime:0.000342s ]
INFO: [ app_begin ] --END-- [ RunTime:0.000376s ]
SQL: SHOW COLUMNS FROM `rd_book` [ RunTime:0.0025s ]
SQL: UPDATE `rd_book` SET `book_name`='知道是否',`author_id`='4',`book_synopsis`='是否',`is_hot`='0',`number_of_words`='似懂非懂' WHERE `id` = 9 [ RunTime:0.0230s ]
SQL: SHOW COLUMNS FROM `rd_book_categories` [ RunTime:0.0022s ]
SQL: DELETE FROM `rd_book_categories` WHERE `book_id` = 9 [ RunTime:0.0002s ]
SQL: INSERT INTO `rd_book_categories` (`book_id`,`category_id`) VALUES ('9','1') [ RunTime:0.0263s ]
SQL: INSERT INTO `rd_book_categories` (`book_id`,`category_id`) VALUES ('9','3') [ RunTime:0.0001s ]
SQL: INSERT INTO `rd_book_categories` (`book_id`,`category_id`) VALUES ('9','4') [ RunTime:0.0001s ]
NOTIC: [2] unlink(D:\PROJECT\read): Permission denied D:\PROJECT\read\Admin\Home\Controller\BookController.class.php 第 172 行.
NOTIC: [2] unlink(D:\PROJECT\read): Permission denied D:\PROJECT\read\Admin\Home\Controller\BookController.class.php 第 173 行.

[ 2017-03-08T15:35:09+08:00 ] 127.0.0.1 /admin.php/Home/Book/b_list.html
INFO: [ app_init ] --START--
INFO: Run Behavior\BuildLiteBehavior [ RunTime:0.000008s ]
INFO: [ app_init ] --END-- [ RunTime:0.000270s ]
INFO: [ app_begin ] --START--
INFO: Run Behavior\ReadHtmlCacheBehavior [ RunTime:0.000326s ]
INFO: [ app_begin ] --END-- [ RunTime:0.000358s ]
SQL: SHOW COLUMNS FROM `rd_book` [ RunTime:0.0028s ]
SQL: SELECT `id`,`book_name`,`number_of_words`,`is_hot`,`book_state` FROM `rd_book` ORDER BY id desc  [ RunTime:0.0002s ]
INFO: [ view_parse ] --START--
INFO: [ template_filter ] --START--
INFO: Run Behavior\ContentReplaceBehavior [ RunTime:0.000050s ]
INFO: [ template_filter ] --END-- [ RunTime:0.000090s ]
INFO: Run Behavior\ParseTemplateBehavior [ RunTime:0.006147s ]
INFO: [ view_parse ] --END-- [ RunTime:0.006201s ]
INFO: [ view_filter ] --START--
INFO: Run Behavior\WriteHtmlCacheBehavior [ RunTime:0.000234s ]
INFO: [ view_filter ] --END-- [ RunTime:0.000260s ]
INFO: [ app_end ] --START--
INFO: Run Behavior\ShowPageTraceBehavior [ RunTime:0.000666s ]
INFO: [ app_end ] --END-- [ RunTime:0.000710s ]

[ 2017-03-08T15:35:15+08:00 ] 127.0.0.1 /admin.php/Home/Book/b_update?id=9
INFO: [ app_init ] --START--
INFO: Run Behavior\BuildLiteBehavior [ RunTime:0.000008s ]
INFO: [ app_init ] --END-- [ RunTime:0.000260s ]
INFO: [ app_begin ] --START--
INFO: Run Behavior\ReadHtmlCacheBehavior [ RunTime:0.000320s ]
INFO: [ app_begin ] --END-- [ RunTime:0.000354s ]
SQL: SHOW COLUMNS FROM `rd_category` [ RunTime:0.0033s ]
SQL: SELECT `id`,`category` FROM `rd_category`  [ RunTime:0.0003s ]
SQL: SHOW COLUMNS FROM `rd_author` [ RunTime:0.0028s ]
SQL: SELECT `id`,`author` FROM `rd_author`  [ RunTime:0.0002s ]
SQL: SHOW COLUMNS FROM `rd_book` [ RunTime:0.0022s ]
SQL: SELECT `book_name`,`author_id`,`book_synopsis`,`book_cover`,`book_banner`,`is_hot`,`number_of_words` FROM `rd_book` WHERE `id` = 9 LIMIT 1   [ RunTime:0.0002s ]
SQL: SHOW COLUMNS FROM `rd_book_categories` [ RunTime:0.0021s ]
SQL: SELECT `category_id` FROM `rd_book_categories` WHERE `book_id` = 9  [ RunTime:0.0001s ]
INFO: [ view_parse ] --START--
INFO: [ template_filter ] --START--
INFO: Run Behavior\ContentReplaceBehavior [ RunTime:0.000080s ]
INFO: [ template_filter ] --END-- [ RunTime:0.000125s ]
INFO: Run Behavior\ParseTemplateBehavior [ RunTime:0.008093s ]
INFO: [ view_parse ] --END-- [ RunTime:0.008128s ]
INFO: [ view_filter ] --START--
INFO: Run Behavior\WriteHtmlCacheBehavior [ RunTime:0.000208s ]
INFO: [ view_filter ] --END-- [ RunTime:0.000233s ]
INFO: [ app_end ] --START--
INFO: Run Behavior\ShowPageTraceBehavior [ RunTime:0.000401s ]
INFO: [ app_end ] --END-- [ RunTime:0.000429s ]

[ 2017-03-08T15:35:21+08:00 ] 127.0.0.1 /admin.php/Home/Book/b_update?id=10
INFO: [ app_init ] --START--
INFO: Run Behavior\BuildLiteBehavior [ RunTime:0.000008s ]
INFO: [ app_init ] --END-- [ RunTime:0.000249s ]
INFO: [ app_begin ] --START--
INFO: Run Behavior\ReadHtmlCacheBehavior [ RunTime:0.000304s ]
INFO: [ app_begin ] --END-- [ RunTime:0.000336s ]
SQL: SHOW COLUMNS FROM `rd_category` [ RunTime:0.0024s ]
SQL: SELECT `id`,`category` FROM `rd_category`  [ RunTime:0.0002s ]
SQL: SHOW COLUMNS FROM `rd_author` [ RunTime:0.0022s ]
SQL: SELECT `id`,`author` FROM `rd_author`  [ RunTime:0.0002s ]
SQL: SHOW COLUMNS FROM `rd_book` [ RunTime:0.0022s ]
SQL: SELECT `book_name`,`author_id`,`book_synopsis`,`book_cover`,`book_banner`,`is_hot`,`number_of_words` FROM `rd_book` WHERE `id` = 10 LIMIT 1   [ RunTime:0.0002s ]
SQL: SHOW COLUMNS FROM `rd_book_categories` [ RunTime:0.0021s ]
SQL: SELECT `category_id` FROM `rd_book_categories` WHERE `book_id` = 10  [ RunTime:0.0002s ]
INFO: [ view_parse ] --START--
INFO: [ template_filter ] --START--
INFO: Run Behavior\ContentReplaceBehavior [ RunTime:0.000076s ]
INFO: [ template_filter ] --END-- [ RunTime:0.000104s ]
INFO: Run Behavior\ParseTemplateBehavior [ RunTime:0.007358s ]
INFO: [ view_parse ] --END-- [ RunTime:0.007389s ]
INFO: [ view_filter ] --START--
INFO: Run Behavior\WriteHtmlCacheBehavior [ RunTime:0.000188s ]
INFO: [ view_filter ] --END-- [ RunTime:0.000212s ]
INFO: [ app_end ] --START--
INFO: Run Behavior\ShowPageTraceBehavior [ RunTime:0.000415s ]
INFO: [ app_end ] --END-- [ RunTime:0.000453s ]

[ 2017-03-08T15:35:28+08:00 ] 127.0.0.1 /admin.php/Home/Book/b_update?id=10?rand=984
INFO: [ app_init ] --START--
INFO: Run Behavior\BuildLiteBehavior [ RunTime:0.000009s ]
INFO: [ app_init ] --END-- [ RunTime:0.000272s ]
INFO: [ app_begin ] --START--
INFO: Run Behavior\ReadHtmlCacheBehavior [ RunTime:0.000324s ]
INFO: [ app_begin ] --END-- [ RunTime:0.000359s ]
SQL: SHOW COLUMNS FROM `rd_book` [ RunTime:0.0025s ]
SQL: UPDATE `rd_book` SET `book_name`='吊死扶伤',`author_id`='4',`book_synopsis`='地方的',`is_hot`='0',`number_of_words`='撒旦法电商' WHERE `id` = 10 [ RunTime:0.0524s ]
SQL: SHOW COLUMNS FROM `rd_book_categories` [ RunTime:0.0024s ]
SQL: DELETE FROM `rd_book_categories` WHERE `book_id` = 10 [ RunTime:0.0002s ]
SQL: INSERT INTO `rd_book_categories` (`book_id`,`category_id`) VALUES ('10','1') [ RunTime:0.0376s ]
SQL: INSERT INTO `rd_book_categories` (`book_id`,`category_id`) VALUES ('10','3') [ RunTime:0.0004s ]
SQL: INSERT INTO `rd_book_categories` (`book_id`,`category_id`) VALUES ('10','4') [ RunTime:0.0002s ]
NOTIC: [2] unlink(D:\PROJECT\read): Permission denied D:\PROJECT\read\Admin\Home\Controller\BookController.class.php 第 172 行.
NOTIC: [2] unlink(D:\PROJECT\read): Permission denied D:\PROJECT\read\Admin\Home\Controller\BookController.class.php 第 173 行.

[ 2017-03-08T15:35:28+08:00 ] 127.0.0.1 /admin.php/Home/Book/b_list.html
INFO: [ app_init ] --START--
INFO: Run Behavior\BuildLiteBehavior [ RunTime:0.000009s ]
INFO: [ app_init ] --END-- [ RunTime:0.000267s ]
INFO: [ app_begin ] --START--
INFO: Run Behavior\ReadHtmlCacheBehavior [ RunTime:0.000327s ]
INFO: [ app_begin ] --END-- [ RunTime:0.000361s ]
SQL: SHOW COLUMNS FROM `rd_book` [ RunTime:0.0023s ]
SQL: SELECT `id`,`book_name`,`number_of_words`,`is_hot`,`book_state` FROM `rd_book` ORDER BY id desc  [ RunTime:0.0002s ]
INFO: [ view_parse ] --START--
INFO: [ template_filter ] --START--
INFO: Run Behavior\ContentReplaceBehavior [ RunTime:0.000105s ]
INFO: [ template_filter ] --END-- [ RunTime:0.000204s ]
INFO: Run Behavior\ParseTemplateBehavior [ RunTime:0.006957s ]
INFO: [ view_parse ] --END-- [ RunTime:0.007002s ]
INFO: [ view_filter ] --START--
INFO: Run Behavior\WriteHtmlCacheBehavior [ RunTime:0.000226s ]
INFO: [ view_filter ] --END-- [ RunTime:0.000270s ]
INFO: [ app_end ] --START--
INFO: Run Behavior\ShowPageTraceBehavior [ RunTime:0.000479s ]
INFO: [ app_end ] --END-- [ RunTime:0.000527s ]

[ 2017-03-08T15:35:35+08:00 ] 127.0.0.1 /admin.php/Home/Book/b_update?id=11
INFO: [ app_init ] --START--
INFO: Run Behavior\BuildLiteBehavior [ RunTime:0.000008s ]
INFO: [ app_init ] --END-- [ RunTime:0.000291s ]
INFO: [ app_begin ] --START--
INFO: Run Behavior\ReadHtmlCacheBehavior [ RunTime:0.000343s ]
INFO: [ app_begin ] --END-- [ RunTime:0.000375s ]
SQL: SHOW COLUMNS FROM `rd_category` [ RunTime:0.0023s ]
SQL: SELECT `id`,`category` FROM `rd_category`  [ RunTime:0.0002s ]
SQL: SHOW COLUMNS FROM `rd_author` [ RunTime:0.0021s ]
SQL: SELECT `id`,`author` FROM `rd_author`  [ RunTime:0.0001s ]
SQL: SHOW COLUMNS FROM `rd_book` [ RunTime:0.0021s ]
SQL: SELECT `book_name`,`author_id`,`book_synopsis`,`book_cover`,`book_banner`,`is_hot`,`number_of_words` FROM `rd_book` WHERE `id` = 11 LIMIT 1   [ RunTime:0.0002s ]
SQL: SHOW COLUMNS FROM `rd_book_categories` [ RunTime:0.0020s ]
SQL: SELECT `category_id` FROM `rd_book_categories` WHERE `book_id` = 11  [ RunTime:0.0001s ]
INFO: [ view_parse ] --START--
INFO: [ template_filter ] --START--
INFO: Run Behavior\ContentReplaceBehavior [ RunTime:0.000076s ]
INFO: [ template_filter ] --END-- [ RunTime:0.000111s ]
INFO: Run Behavior\ParseTemplateBehavior [ RunTime:0.007976s ]
INFO: [ view_parse ] --END-- [ RunTime:0.008009s ]
INFO: [ view_filter ] --START--
INFO: Run Behavior\WriteHtmlCacheBehavior [ RunTime:0.000188s ]
INFO: [ view_filter ] --END-- [ RunTime:0.000212s ]
INFO: [ app_end ] --START--
INFO: Run Behavior\ShowPageTraceBehavior [ RunTime:0.000448s ]
INFO: [ app_end ] --END-- [ RunTime:0.000485s ]

[ 2017-03-08T15:35:39+08:00 ] 127.0.0.1 /admin.php/Home/Book/b_update?id=11?rand=213
INFO: [ app_init ] --START--
INFO: Run Behavior\BuildLiteBehavior [ RunTime:0.000008s ]
INFO: [ app_init ] --END-- [ RunTime:0.000257s ]
INFO: [ app_begin ] --START--
INFO: Run Behavior\ReadHtmlCacheBehavior [ RunTime:0.000323s ]
INFO: [ app_begin ] --END-- [ RunTime:0.000356s ]
SQL: SHOW COLUMNS FROM `rd_book` [ RunTime:0.0028s ]
SQL: UPDATE `rd_book` SET `book_name`='21312',`author_id`='7',`book_synopsis`='为微软',`is_hot`='1',`number_of_words`='2343惺' WHERE `id` = 11 [ RunTime:0.0395s ]
SQL: SHOW COLUMNS FROM `rd_book_categories` [ RunTime:0.0027s ]
SQL: DELETE FROM `rd_book_categories` WHERE `book_id` = 11 [ RunTime:0.0002s ]
SQL: INSERT INTO `rd_book_categories` (`book_id`,`category_id`) VALUES ('11','1') [ RunTime:0.0272s ]
SQL: INSERT INTO `rd_book_categories` (`book_id`,`category_id`) VALUES ('11','3') [ RunTime:0.0002s ]
SQL: INSERT INTO `rd_book_categories` (`book_id`,`category_id`) VALUES ('11','4') [ RunTime:0.0001s ]
NOTIC: [2] unlink(D:\PROJECT\read): Permission denied D:\PROJECT\read\Admin\Home\Controller\BookController.class.php 第 172 行.
NOTIC: [2] unlink(D:\PROJECT\read): Permission denied D:\PROJECT\read\Admin\Home\Controller\BookController.class.php 第 173 行.

[ 2017-03-08T15:35:39+08:00 ] 127.0.0.1 /admin.php/Home/Book/b_list.html
INFO: [ app_init ] --START--
INFO: Run Behavior\BuildLiteBehavior [ RunTime:0.000008s ]
INFO: [ app_init ] --END-- [ RunTime:0.000260s ]
INFO: [ app_begin ] --START--
INFO: Run Behavior\ReadHtmlCacheBehavior [ RunTime:0.000315s ]
INFO: [ app_begin ] --END-- [ RunTime:0.000347s ]
SQL: SHOW COLUMNS FROM `rd_book` [ RunTime:0.0242s ]
SQL: SELECT `id`,`book_name`,`number_of_words`,`is_hot`,`book_state` FROM `rd_book` ORDER BY id desc  [ RunTime:0.0002s ]
INFO: [ view_parse ] --START--
INFO: [ template_filter ] --START--
INFO: Run Behavior\ContentReplaceBehavior [ RunTime:0.000039s ]
INFO: [ template_filter ] --END-- [ RunTime:0.000076s ]
INFO: Run Behavior\ParseTemplateBehavior [ RunTime:0.005745s ]
INFO: [ view_parse ] --END-- [ RunTime:0.005779s ]
INFO: [ view_filter ] --START--
INFO: Run Behavior\WriteHtmlCacheBehavior [ RunTime:0.000198s ]
INFO: [ view_filter ] --END-- [ RunTime:0.000223s ]
INFO: [ app_end ] --START--
INFO: Run Behavior\ShowPageTraceBehavior [ RunTime:0.000377s ]
INFO: [ app_end ] --END-- [ RunTime:0.000414s ]

[ 2017-03-08T15:35:55+08:00 ] 127.0.0.1 /admin.php/Home/Book/b_update?id=11
INFO: [ app_init ] --START--
INFO: Run Behavior\BuildLiteBehavior [ RunTime:0.000008s ]
INFO: [ app_init ] --END-- [ RunTime:0.000253s ]
INFO: [ app_begin ] --START--
INFO: Run Behavior\ReadHtmlCacheBehavior [ RunTime:0.000312s ]
INFO: [ app_begin ] --END-- [ RunTime:0.000345s ]
SQL: SHOW COLUMNS FROM `rd_category` [ RunTime:0.0043s ]
SQL: SELECT `id`,`category` FROM `rd_category`  [ RunTime:0.0002s ]
SQL: SHOW COLUMNS FROM `rd_author` [ RunTime:0.0045s ]
SQL: SELECT `id`,`author` FROM `rd_author`  [ RunTime:0.0002s ]
SQL: SHOW COLUMNS FROM `rd_book` [ RunTime:0.0022s ]
SQL: SELECT `book_name`,`author_id`,`book_synopsis`,`book_cover`,`book_banner`,`is_hot`,`number_of_words` FROM `rd_book` WHERE `id` = 11 LIMIT 1   [ RunTime:0.0002s ]
SQL: SHOW COLUMNS FROM `rd_book_categories` [ RunTime:0.0019s ]
SQL: SELECT `category_id` FROM `rd_book_categories` WHERE `book_id` = 11  [ RunTime:0.0002s ]
INFO: [ view_parse ] --START--
INFO: [ template_filter ] --START--
INFO: Run Behavior\ContentReplaceBehavior [ RunTime:0.000080s ]
INFO: [ template_filter ] --END-- [ RunTime:0.000113s ]
INFO: Run Behavior\ParseTemplateBehavior [ RunTime:0.007325s ]
INFO: [ view_parse ] --END-- [ RunTime:0.007357s ]
INFO: [ view_filter ] --START--
INFO: Run Behavior\WriteHtmlCacheBehavior [ RunTime:0.000198s ]
INFO: [ view_filter ] --END-- [ RunTime:0.000223s ]
INFO: [ app_end ] --START--
INFO: Run Behavior\ShowPageTraceBehavior [ RunTime:0.000332s ]
INFO: [ app_end ] --END-- [ RunTime:0.000361s ]

[ 2017-03-08T17:56:31+08:00 ] 127.0.0.1 /admin.php/Home/Index/index
INFO: [ app_init ] --START--
INFO: Run Behavior\BuildLiteBehavior [ RunTime:0.000010s ]
INFO: [ app_init ] --END-- [ RunTime:0.000308s ]
INFO: [ app_begin ] --START--
INFO: Run Behavior\ReadHtmlCacheBehavior [ RunTime:0.000378s ]
INFO: [ app_begin ] --END-- [ RunTime:0.000416s ]

[ 2017-03-08T17:56:31+08:00 ] 127.0.0.1 /admin.php/Home/Login/login.html
INFO: [ app_init ] --START--
INFO: Run Behavior\BuildLiteBehavior [ RunTime:0.000010s ]
INFO: [ app_init ] --END-- [ RunTime:0.000275s ]
INFO: [ app_begin ] --START--
INFO: Run Behavior\ReadHtmlCacheBehavior [ RunTime:0.001045s ]
INFO: [ app_begin ] --END-- [ RunTime:0.001258s ]
INFO: [ view_parse ] --START--
INFO: [ template_filter ] --START--
INFO: Run Behavior\ContentReplaceBehavior [ RunTime:0.000040s ]
INFO: [ template_filter ] --END-- [ RunTime:0.000082s ]
NOTIC: [8] Undefined index: message D:\PROJECT\read\Admin\Runtime\Cache\Home\ce187db2e891169542c84e204f45fa68.php 第 80 行.
INFO: Run Behavior\ParseTemplateBehavior [ RunTime:0.110615s ]
INFO: [ view_parse ] --END-- [ RunTime:0.110664s ]
INFO: [ view_filter ] --START--
INFO: Run Behavior\WriteHtmlCacheBehavior [ RunTime:0.000351s ]
INFO: [ view_filter ] --END-- [ RunTime:0.000377s ]
INFO: [ app_end ] --START--
INFO: Run Behavior\ShowPageTraceBehavior [ RunTime:0.000490s ]
INFO: [ app_end ] --END-- [ RunTime:0.000517s ]

[ 2017-03-08T17:56:33+08:00 ] 127.0.0.1 /admin.php/Home/Login/verification_code.html
INFO: [ app_init ] --START--
INFO: Run Behavior\BuildLiteBehavior [ RunTime:0.000009s ]
INFO: [ app_init ] --END-- [ RunTime:0.000281s ]
INFO: [ app_begin ] --START--
INFO: Run Behavior\ReadHtmlCacheBehavior [ RunTime:0.000324s ]
INFO: [ app_begin ] --END-- [ RunTime:0.000357s ]
INFO: [ app_end ] --START--
INFO: Run Behavior\ShowPageTraceBehavior [ RunTime:0.000503s ]
INFO: [ app_end ] --END-- [ RunTime:0.000560s ]

[ 2017-03-08T17:56:33+08:00 ] 127.0.0.1 /admin.php/Home/Login/favicon.ico
INFO: [ app_init ] --START--
INFO: Run Behavior\BuildLiteBehavior [ RunTime:0.000018s ]
INFO: [ app_init ] --END-- [ RunTime:0.000444s ]

